This file contains any messages produced by compilers while
running configure, to aid debugging if configure makes a mistake.

It was created by libtool configure 1.5.26, which was
generated by GNU Autoconf 2.61.  Invocation command line was

  $ ./configure CFLAGS=-O2 -I/home/yangxu/tplink/lantiq_lettuce/tpbsp/lantiq/staging_dir/host/include CPPFLAGS=-O2 -I/home/yangxu/tplink/lantiq_lettuce/tpbsp/lantiq/staging_dir/host/include LDFLAGS=-L/home/yangxu/tplink/lantiq_lettuce/tpbsp/lantiq/staging_dir/host/lib SHELL=/bin/bash --target=i386-redhat-linux --host=i386-redhat-linux --build=i386-redhat-linux --program-prefix= --program-suffix= --prefix=/home/yangxu/tplink/lantiq_lettuce/tpbsp/lantiq/staging_dir/host --exec-prefix=/home/yangxu/tplink/lantiq_lettuce/tpbsp/lantiq/staging_dir/host --sysconfdir=/home/yangxu/tplink/lantiq_lettuce/tpbsp/lantiq/staging_dir/host/etc --localstatedir=/home/yangxu/tplink/lantiq_lettuce/tpbsp/lantiq/staging_dir/host/var

## --------- ##
## Platform. ##
## --------- ##

hostname = rd3linux.tplink
uname -m = i686
uname -r = 2.6.9-5.ELsmp
uname -s = Linux
uname -v = #1 SMP Wed Jan 5 19:30:39 EST 2005

/usr/bin/uname -p = unknown
/bin/uname -X     = unknown

/bin/arch              = i686
/usr/bin/arch -k       = unknown
/usr/convex/getsysinfo = unknown
/usr/bin/hostinfo      = unknown
/bin/machine           = unknown
/usr/bin/oslevel       = unknown
/bin/universe          = unknown

PATH: /home/yangxu/tplink/lantiq_lettuce/tpbsp/lantiq/staging_dir/toolchain-mips_r2_gcc-4.3.3+cs_uClibc-0.9.30.1_2_6_32/usr/bin
PATH: /home/yangxu/tplink/lantiq_lettuce/tpbsp/lantiq/staging_dir/host/bin
PATH: /home/yangxu/tplink/lantiq_lettuce/tpbsp/lantiq/staging_dir/toolchain-mips_r2_gcc-4.3.3+cs_uClibc-0.9.30.1_2_6_32/usr/bin
PATH: /home/yangxu/tplink/lantiq_lettuce/tpbsp/lantiq/staging_dir/host/bin
PATH: /home/yangxu/tplink/lantiq_lettuce/tpbsp/lantiq/staging_dir/toolchain-mips_r2_gcc-4.3.3+cs_uClibc-0.9.30.1_2_6_32/usr/bin
PATH: /home/yangxu/tplink/lantiq_lettuce/tpbsp/lantiq/staging_dir/host/bin
PATH: /home/yangxu/bin/bin
PATH: /usr/kerberos/bin
PATH: /usr/local/bin
PATH: /bin
PATH: /usr/bin
PATH: /usr/X11R6/bin
PATH: /sbin


## ----------- ##
## Core tests. ##
## ----------- ##

configure:2035: checking for a BSD-compatible install
configure:2091: result: /usr/bin/install -c
configure:2102: checking whether build environment is sane
configure:2145: result: yes
configure:2173: checking for a thread-safe mkdir -p
configure:2212: result: /bin/mkdir -p
configure:2225: checking for gawk
configure:2241: found /bin/gawk
configure:2252: result: gawk
configure:2263: checking whether make sets $(MAKE)
configure:2284: result: yes
configure:2524: checking for i386-redhat-linux-gcc
configure:2540: found /usr/bin/i386-redhat-linux-gcc
configure:2551: result: i386-redhat-linux-gcc
configure:2829: checking for C compiler version
configure:2836: i386-redhat-linux-gcc --version >&5
i386-redhat-linux-gcc (GCC) 3.4.3 20041212 (Red Hat 3.4.3-9.EL4)
Copyright (C) 2004 Free Software Foundation, Inc.
This is free software; see the source for copying conditions.  There is NO
warranty; not even for MERCHANTABILITY or FITNESS FOR A PARTICULAR PURPOSE.

configure:2839: $? = 0
configure:2846: i386-redhat-linux-gcc -v >&5
Reading specs from /usr/lib/gcc/i386-redhat-linux/3.4.3/specs
Configured with: ../configure --prefix=/usr --mandir=/usr/share/man --infodir=/usr/share/info --enable-shared --enable-threads=posix --disable-checking --with-system-zlib --enable-__cxa_atexit --disable-libunwind-exceptions --enable-java-awt=gtk --host=i386-redhat-linux
Thread model: posix
gcc version 3.4.3 20041212 (Red Hat 3.4.3-9.EL4)
configure:2849: $? = 0
configure:2856: i386-redhat-linux-gcc -V >&5
i386-redhat-linux-gcc: `-V' option must have argument
configure:2859: $? = 1
configure:2882: checking for C compiler default output file name
configure:2909: i386-redhat-linux-gcc -O2 -I/home/yangxu/tplink/lantiq_lettuce/tpbsp/lantiq/staging_dir/host/include -O2 -I/home/yangxu/tplink/lantiq_lettuce/tpbsp/lantiq/staging_dir/host/include -L/home/yangxu/tplink/lantiq_lettuce/tpbsp/lantiq/staging_dir/host/lib conftest.c  >&5
configure:2912: $? = 0
configure:2950: result: a.out
configure:2967: checking whether the C compiler works
configure:2977: ./a.out
configure:2980: $? = 0
configure:2997: result: yes
configure:3004: checking whether we are cross compiling
configure:3006: result: no
configure:3009: checking for suffix of executables
configure:3016: i386-redhat-linux-gcc -o conftest -O2 -I/home/yangxu/tplink/lantiq_lettuce/tpbsp/lantiq/staging_dir/host/include -O2 -I/home/yangxu/tplink/lantiq_lettuce/tpbsp/lantiq/staging_dir/host/include -L/home/yangxu/tplink/lantiq_lettuce/tpbsp/lantiq/staging_dir/host/lib conftest.c  >&5
configure:3019: $? = 0
configure:3043: result: 
configure:3049: checking for suffix of object files
configure:3075: i386-redhat-linux-gcc -c -O2 -I/home/yangxu/tplink/lantiq_lettuce/tpbsp/lantiq/staging_dir/host/include -O2 -I/home/yangxu/tplink/lantiq_lettuce/tpbsp/lantiq/staging_dir/host/include conftest.c >&5
configure:3078: $? = 0
configure:3101: result: o
configure:3105: checking whether we are using the GNU C compiler
configure:3134: i386-redhat-linux-gcc -c -O2 -I/home/yangxu/tplink/lantiq_lettuce/tpbsp/lantiq/staging_dir/host/include -O2 -I/home/yangxu/tplink/lantiq_lettuce/tpbsp/lantiq/staging_dir/host/include conftest.c >&5
configure:3140: $? = 0
configure:3157: result: yes
configure:3162: checking whether i386-redhat-linux-gcc accepts -g
configure:3192: i386-redhat-linux-gcc -c -g -O2 -I/home/yangxu/tplink/lantiq_lettuce/tpbsp/lantiq/staging_dir/host/include conftest.c >&5
configure:3198: $? = 0
configure:3297: result: yes
configure:3314: checking for i386-redhat-linux-gcc option to accept ISO C89
configure:3388: i386-redhat-linux-gcc  -c -O2 -I/home/yangxu/tplink/lantiq_lettuce/tpbsp/lantiq/staging_dir/host/include -O2 -I/home/yangxu/tplink/lantiq_lettuce/tpbsp/lantiq/staging_dir/host/include conftest.c >&5
configure:3394: $? = 0
configure:3417: result: none needed
configure:3446: checking for style of include used by make
configure:3474: result: GNU
configure:3499: checking dependency style of i386-redhat-linux-gcc
configure:3590: result: none
configure:3606: checking for a sed that does not truncate output
configure:3662: result: /home/yangxu/tplink/lantiq_lettuce/tpbsp/lantiq/staging_dir/host/bin/sed
configure:3671: checking build system type
configure:3689: result: i386-redhat-linux-gnu
configure:3711: checking host system type
configure:3726: result: i386-redhat-linux-gnu
configure:3748: checking for grep that handles long lines and -e
configure:3822: result: /bin/grep
configure:3827: checking for egrep
configure:3905: result: /bin/grep -E
configure:3921: checking for ld used by i386-redhat-linux-gcc
configure:3988: result: /usr/bin/ld
configure:3997: checking if the linker (/usr/bin/ld) is GNU ld
configure:4012: result: yes
configure:4018: checking for BSD-compatible nm
configure:4067: result: /usr/bin/nm -B
configure:4072: checking whether ln -s works
configure:4076: result: yes
configure:4099: checking for i386-redhat-linux-g++
configure:4115: found /usr/bin/i386-redhat-linux-g++
configure:4126: result: i386-redhat-linux-g++
configure:4201: checking for C++ compiler version
configure:4208: i386-redhat-linux-g++ --version >&5
i386-redhat-linux-g++ (GCC) 3.4.3 20041212 (Red Hat 3.4.3-9.EL4)
Copyright (C) 2004 Free Software Foundation, Inc.
This is free software; see the source for copying conditions.  There is NO
warranty; not even for MERCHANTABILITY or FITNESS FOR A PARTICULAR PURPOSE.

configure:4211: $? = 0
configure:4218: i386-redhat-linux-g++ -v >&5
Reading specs from /usr/lib/gcc/i386-redhat-linux/3.4.3/specs
Configured with: ../configure --prefix=/usr --mandir=/usr/share/man --infodir=/usr/share/info --enable-shared --enable-threads=posix --disable-checking --with-system-zlib --enable-__cxa_atexit --disable-libunwind-exceptions --enable-java-awt=gtk --host=i386-redhat-linux
Thread model: posix
gcc version 3.4.3 20041212 (Red Hat 3.4.3-9.EL4)
configure:4221: $? = 0
configure:4228: i386-redhat-linux-g++ -V >&5
i386-redhat-linux-g++: `-V' option must have argument
configure:4231: $? = 1
configure:4234: checking whether we are using the GNU C++ compiler
configure:4263: i386-redhat-linux-g++ -c  -O2 -I/home/yangxu/tplink/lantiq_lettuce/tpbsp/lantiq/staging_dir/host/include conftest.cpp >&5
configure:4269: $? = 0
configure:4286: result: yes
configure:4291: checking whether i386-redhat-linux-g++ accepts -g
configure:4321: i386-redhat-linux-g++ -c -g -O2 -I/home/yangxu/tplink/lantiq_lettuce/tpbsp/lantiq/staging_dir/host/include conftest.cpp >&5
configure:4327: $? = 0
configure:4426: result: yes
configure:4451: checking dependency style of i386-redhat-linux-g++
configure:4542: result: none
configure:4579: checking for i386-redhat-linux-g77
configure:4609: result: no
configure:4579: checking for i386-redhat-linux-xlf
configure:4609: result: no
configure:4579: checking for i386-redhat-linux-f77
configure:4609: result: no
configure:4579: checking for i386-redhat-linux-frt
configure:4609: result: no
configure:4579: checking for i386-redhat-linux-pgf77
configure:4609: result: no
configure:4579: checking for i386-redhat-linux-cf77
configure:4609: result: no
configure:4579: checking for i386-redhat-linux-fort77
configure:4609: result: no
configure:4579: checking for i386-redhat-linux-fl32
configure:4609: result: no
configure:4579: checking for i386-redhat-linux-af77
configure:4609: result: no
configure:4579: checking for i386-redhat-linux-xlf90
configure:4609: result: no
configure:4579: checking for i386-redhat-linux-f90
configure:4609: result: no
configure:4579: checking for i386-redhat-linux-pgf90
configure:4609: result: no
configure:4579: checking for i386-redhat-linux-pghpf
configure:4609: result: no
configure:4579: checking for i386-redhat-linux-epcf90
configure:4609: result: no
configure:4579: checking for i386-redhat-linux-gfortran
configure:4609: result: no
configure:4579: checking for i386-redhat-linux-g95
configure:4609: result: no
configure:4579: checking for i386-redhat-linux-xlf95
configure:4609: result: no
configure:4579: checking for i386-redhat-linux-f95
configure:4609: result: no
configure:4579: checking for i386-redhat-linux-fort
configure:4609: result: no
configure:4579: checking for i386-redhat-linux-ifort
configure:4609: result: no
configure:4579: checking for i386-redhat-linux-ifc
configure:4609: result: no
configure:4579: checking for i386-redhat-linux-efc
configure:4609: result: no
configure:4579: checking for i386-redhat-linux-pgf95
configure:4609: result: no
configure:4579: checking for i386-redhat-linux-lf95
configure:4609: result: no
configure:4579: checking for i386-redhat-linux-ftn
configure:4609: result: no
configure:4623: checking for g77
configure:4639: found /usr/bin/g77
configure:4650: result: g77
configure:4680: checking for Fortran 77 compiler version
configure:4687: g77 --version >&5
GNU Fortran (GCC) 3.4.3 20041212 (Red Hat 3.4.3-9.EL4)
Copyright (C) 2004 Free Software Foundation, Inc.

GNU Fortran comes with NO WARRANTY, to the extent permitted by law.
You may redistribute copies of GNU Fortran
under the terms of the GNU General Public License.
For more information about these matters, see the file named COPYING
or type the command `info -f g77 Copying'.
configure:4690: $? = 0
configure:4697: g77 -v >&5
Reading specs from /usr/lib/gcc/i386-redhat-linux/3.4.3/specs
Configured with: ../configure --prefix=/usr --mandir=/usr/share/man --infodir=/usr/share/info --enable-shared --enable-threads=posix --disable-checking --with-system-zlib --enable-__cxa_atexit --disable-libunwind-exceptions --enable-java-awt=gtk --host=i386-redhat-linux
Thread model: posix
gcc version 3.4.3 20041212 (Red Hat 3.4.3-9.EL4)
configure:4700: $? = 0
configure:4707: g77 -V >&5
g77: `-V' option must have argument
configure:4710: $? = 1
configure:4718: checking whether we are using the GNU Fortran 77 compiler
configure:4737: g77 -c  conftest.F >&5
configure:4743: $? = 0
configure:4760: result: yes
configure:4766: checking whether g77 accepts -g
configure:4783: g77 -c -g conftest.f >&5
configure:4789: $? = 0
configure:4805: result: yes
configure:4846: checking for i386-redhat-linux-gcj
configure:4876: result: no
configure:4886: checking for gcj
configure:4902: found /usr/bin/gcj
configure:4913: result: gcj
configure:4954: checking for i386-redhat-linux-windres
configure:4984: result: no
configure:4994: checking for windres
configure:5024: result: no
configure:5138: checking for /usr/bin/ld option to reload object files
configure:5145: result: -r
configure:5163: checking how to recognize dependent libraries
configure:5349: result: pass_all
configure:5883: checking how to run the C preprocessor
configure:5923: i386-redhat-linux-gcc -E -O2 -I/home/yangxu/tplink/lantiq_lettuce/tpbsp/lantiq/staging_dir/host/include conftest.c
configure:5929: $? = 0
configure:5960: i386-redhat-linux-gcc -E -O2 -I/home/yangxu/tplink/lantiq_lettuce/tpbsp/lantiq/staging_dir/host/include conftest.c
conftest.c:10:28: ac_nonexistent.h: No such file or directory
configure:5966: $? = 1
configure: failed program was:
| /* confdefs.h.  */
| #define PACKAGE_NAME "libtool"
| #define PACKAGE_TARNAME "libtool"
| #define PACKAGE_VERSION "1.5.26"
| #define PACKAGE_STRING "libtool 1.5.26"
| #define PACKAGE_BUGREPORT "bug-libtool@gnu.org"
| #define PACKAGE "libtool"
| #define VERSION "1.5.26"
| /* end confdefs.h.  */
| #include <ac_nonexistent.h>
configure:5999: result: i386-redhat-linux-gcc -E
configure:6028: i386-redhat-linux-gcc -E -O2 -I/home/yangxu/tplink/lantiq_lettuce/tpbsp/lantiq/staging_dir/host/include conftest.c
configure:6034: $? = 0
configure:6065: i386-redhat-linux-gcc -E -O2 -I/home/yangxu/tplink/lantiq_lettuce/tpbsp/lantiq/staging_dir/host/include conftest.c
conftest.c:10:28: ac_nonexistent.h: No such file or directory
configure:6071: $? = 1
configure: failed program was:
| /* confdefs.h.  */
| #define PACKAGE_NAME "libtool"
| #define PACKAGE_TARNAME "libtool"
| #define PACKAGE_VERSION "1.5.26"
| #define PACKAGE_STRING "libtool 1.5.26"
| #define PACKAGE_BUGREPORT "bug-libtool@gnu.org"
| #define PACKAGE "libtool"
| #define VERSION "1.5.26"
| /* end confdefs.h.  */
| #include <ac_nonexistent.h>
configure:6109: checking for ANSI C header files
configure:6139: i386-redhat-linux-gcc -c -O2 -I/home/yangxu/tplink/lantiq_lettuce/tpbsp/lantiq/staging_dir/host/include -O2 -I/home/yangxu/tplink/lantiq_lettuce/tpbsp/lantiq/staging_dir/host/include conftest.c >&5
configure:6145: $? = 0
configure:6244: i386-redhat-linux-gcc -o conftest -O2 -I/home/yangxu/tplink/lantiq_lettuce/tpbsp/lantiq/staging_dir/host/include -O2 -I/home/yangxu/tplink/lantiq_lettuce/tpbsp/lantiq/staging_dir/host/include -L/home/yangxu/tplink/lantiq_lettuce/tpbsp/lantiq/staging_dir/host/lib conftest.c  >&5
configure:6247: $? = 0
configure:6253: ./conftest
configure:6256: $? = 0
configure:6273: result: yes
configure:6297: checking for sys/types.h
configure:6318: i386-redhat-linux-gcc -c -O2 -I/home/yangxu/tplink/lantiq_lettuce/tpbsp/lantiq/staging_dir/host/include -O2 -I/home/yangxu/tplink/lantiq_lettuce/tpbsp/lantiq/staging_dir/host/include conftest.c >&5
configure:6324: $? = 0
configure:6340: result: yes
configure:6297: checking for sys/stat.h
configure:6318: i386-redhat-linux-gcc -c -O2 -I/home/yangxu/tplink/lantiq_lettuce/tpbsp/lantiq/staging_dir/host/include -O2 -I/home/yangxu/tplink/lantiq_lettuce/tpbsp/lantiq/staging_dir/host/include conftest.c >&5
configure:6324: $? = 0
configure:6340: result: yes
configure:6297: checking for stdlib.h
configure:6318: i386-redhat-linux-gcc -c -O2 -I/home/yangxu/tplink/lantiq_lettuce/tpbsp/lantiq/staging_dir/host/include -O2 -I/home/yangxu/tplink/lantiq_lettuce/tpbsp/lantiq/staging_dir/host/include conftest.c >&5
configure:6324: $? = 0
configure:6340: result: yes
configure:6297: checking for string.h
configure:6318: i386-redhat-linux-gcc -c -O2 -I/home/yangxu/tplink/lantiq_lettuce/tpbsp/lantiq/staging_dir/host/include -O2 -I/home/yangxu/tplink/lantiq_lettuce/tpbsp/lantiq/staging_dir/host/include conftest.c >&5
configure:6324: $? = 0
configure:6340: result: yes
configure:6297: checking for memory.h
configure:6318: i386-redhat-linux-gcc -c -O2 -I/home/yangxu/tplink/lantiq_lettuce/tpbsp/lantiq/staging_dir/host/include -O2 -I/home/yangxu/tplink/lantiq_lettuce/tpbsp/lantiq/staging_dir/host/include conftest.c >&5
configure:6324: $? = 0
configure:6340: result: yes
configure:6297: checking for strings.h
configure:6318: i386-redhat-linux-gcc -c -O2 -I/home/yangxu/tplink/lantiq_lettuce/tpbsp/lantiq/staging_dir/host/include -O2 -I/home/yangxu/tplink/lantiq_lettuce/tpbsp/lantiq/staging_dir/host/include conftest.c >&5
configure:6324: $? = 0
configure:6340: result: yes
configure:6297: checking for inttypes.h
configure:6318: i386-redhat-linux-gcc -c -O2 -I/home/yangxu/tplink/lantiq_lettuce/tpbsp/lantiq/staging_dir/host/include -O2 -I/home/yangxu/tplink/lantiq_lettuce/tpbsp/lantiq/staging_dir/host/include conftest.c >&5
configure:6324: $? = 0
configure:6340: result: yes
configure:6297: checking for stdint.h
configure:6318: i386-redhat-linux-gcc -c -O2 -I/home/yangxu/tplink/lantiq_lettuce/tpbsp/lantiq/staging_dir/host/include -O2 -I/home/yangxu/tplink/lantiq_lettuce/tpbsp/lantiq/staging_dir/host/include conftest.c >&5
configure:6324: $? = 0
configure:6340: result: yes
configure:6297: checking for unistd.h
configure:6318: i386-redhat-linux-gcc -c -O2 -I/home/yangxu/tplink/lantiq_lettuce/tpbsp/lantiq/staging_dir/host/include -O2 -I/home/yangxu/tplink/lantiq_lettuce/tpbsp/lantiq/staging_dir/host/include conftest.c >&5
configure:6324: $? = 0
configure:6340: result: yes
configure:6367: checking dlfcn.h usability
configure:6384: i386-redhat-linux-gcc -c -O2 -I/home/yangxu/tplink/lantiq_lettuce/tpbsp/lantiq/staging_dir/host/include -O2 -I/home/yangxu/tplink/lantiq_lettuce/tpbsp/lantiq/staging_dir/host/include conftest.c >&5
configure:6390: $? = 0
configure:6404: result: yes
configure:6408: checking dlfcn.h presence
configure:6423: i386-redhat-linux-gcc -E -O2 -I/home/yangxu/tplink/lantiq_lettuce/tpbsp/lantiq/staging_dir/host/include conftest.c
configure:6429: $? = 0
configure:6443: result: yes
configure:6476: checking for dlfcn.h
configure:6484: result: yes
configure:6507: checking how to run the C++ preprocessor
configure:6543: i386-redhat-linux-g++ -E -O2 -I/home/yangxu/tplink/lantiq_lettuce/tpbsp/lantiq/staging_dir/host/include conftest.cpp
configure:6549: $? = 0
configure:6580: i386-redhat-linux-g++ -E -O2 -I/home/yangxu/tplink/lantiq_lettuce/tpbsp/lantiq/staging_dir/host/include conftest.cpp
conftest.cpp:21:28: ac_nonexistent.h: No such file or directory
configure:6586: $? = 1
configure: failed program was:
| /* confdefs.h.  */
| #define PACKAGE_NAME "libtool"
| #define PACKAGE_TARNAME "libtool"
| #define PACKAGE_VERSION "1.5.26"
| #define PACKAGE_STRING "libtool 1.5.26"
| #define PACKAGE_BUGREPORT "bug-libtool@gnu.org"
| #define PACKAGE "libtool"
| #define VERSION "1.5.26"
| #define STDC_HEADERS 1
| #define HAVE_SYS_TYPES_H 1
| #define HAVE_SYS_STAT_H 1
| #define HAVE_STDLIB_H 1
| #define HAVE_STRING_H 1
| #define HAVE_MEMORY_H 1
| #define HAVE_STRINGS_H 1
| #define HAVE_INTTYPES_H 1
| #define HAVE_STDINT_H 1
| #define HAVE_UNISTD_H 1
| #define HAVE_DLFCN_H 1
| /* end confdefs.h.  */
| #include <ac_nonexistent.h>
configure:6619: result: i386-redhat-linux-g++ -E
configure:6648: i386-redhat-linux-g++ -E -O2 -I/home/yangxu/tplink/lantiq_lettuce/tpbsp/lantiq/staging_dir/host/include conftest.cpp
configure:6654: $? = 0
configure:6685: i386-redhat-linux-g++ -E -O2 -I/home/yangxu/tplink/lantiq_lettuce/tpbsp/lantiq/staging_dir/host/include conftest.cpp
conftest.cpp:21:28: ac_nonexistent.h: No such file or directory
configure:6691: $? = 1
configure: failed program was:
| /* confdefs.h.  */
| #define PACKAGE_NAME "libtool"
| #define PACKAGE_TARNAME "libtool"
| #define PACKAGE_VERSION "1.5.26"
| #define PACKAGE_STRING "libtool 1.5.26"
| #define PACKAGE_BUGREPORT "bug-libtool@gnu.org"
| #define PACKAGE "libtool"
| #define VERSION "1.5.26"
| #define STDC_HEADERS 1
| #define HAVE_SYS_TYPES_H 1
| #define HAVE_SYS_STAT_H 1
| #define HAVE_STDLIB_H 1
| #define HAVE_STRING_H 1
| #define HAVE_MEMORY_H 1
| #define HAVE_STRINGS_H 1
| #define HAVE_INTTYPES_H 1
| #define HAVE_STDINT_H 1
| #define HAVE_UNISTD_H 1
| #define HAVE_DLFCN_H 1
| /* end confdefs.h.  */
| #include <ac_nonexistent.h>
configure:6735: checking the maximum length of command line arguments
configure:6847: result: 98304
configure:6859: checking command to parse /usr/bin/nm -B output from i386-redhat-linux-gcc object
configure:6964: i386-redhat-linux-g++ -c -g -O2 -O2 -I/home/yangxu/tplink/lantiq_lettuce/tpbsp/lantiq/staging_dir/host/include conftest.cpp >&5
configure:6967: $? = 0
configure:6971: /usr/bin/nm -B conftest.o \| sed -n -e 's/^.*[ 	]\([ABCDGIRSTW][ABCDGIRSTW]*\)[ 	][ 	]*\([_A-Za-z][_A-Za-z0-9]*\)$/\1 \2 \2/p' \> conftest.nm
configure:6974: $? = 0
configure:7026: i386-redhat-linux-g++ -o conftest -g -O2 -O2 -I/home/yangxu/tplink/lantiq_lettuce/tpbsp/lantiq/staging_dir/host/include -L/home/yangxu/tplink/lantiq_lettuce/tpbsp/lantiq/staging_dir/host/lib conftest.cpp conftstm.o >&5
configure:7029: $? = 0
configure:7067: result: ok
configure:7071: checking for objdir
configure:7086: result: .libs
configure:7138: checking for i386-redhat-linux-ar
configure:7168: result: no
configure:7178: checking for ar
configure:7194: found /usr/bin/ar
configure:7205: result: ar
configure:7234: checking for i386-redhat-linux-ranlib
configure:7264: result: no
configure:7274: checking for ranlib
configure:7290: found /usr/bin/ranlib
configure:7301: result: ranlib
configure:7330: checking for i386-redhat-linux-strip
configure:7360: result: no
configure:7370: checking for strip
configure:7386: found /usr/bin/strip
configure:7397: result: strip
configure:7999: checking if i386-redhat-linux-gcc supports -fno-rtti -fno-exceptions
configure:8017: i386-redhat-linux-gcc -c -O2 -I/home/yangxu/tplink/lantiq_lettuce/tpbsp/lantiq/staging_dir/host/include -O2 -I/home/yangxu/tplink/lantiq_lettuce/tpbsp/lantiq/staging_dir/host/include -fno-rtti -fno-exceptions conftest.c >&5
cc1: warning: command line option "-fno-rtti" is valid for C++/ObjC++ but not for C
configure:8021: $? = 0
configure:8034: result: no
configure:8049: checking for i386-redhat-linux-gcc option to produce PIC
configure:8281: result: -fPIC
configure:8289: checking if i386-redhat-linux-gcc PIC flag -fPIC works
configure:8307: i386-redhat-linux-gcc -c -O2 -I/home/yangxu/tplink/lantiq_lettuce/tpbsp/lantiq/staging_dir/host/include -O2 -I/home/yangxu/tplink/lantiq_lettuce/tpbsp/lantiq/staging_dir/host/include -fPIC -DPIC conftest.c >&5
configure:8311: $? = 0
configure:8324: result: yes
configure:8352: checking if i386-redhat-linux-gcc static flag -static works
configure:8380: result: yes
configure:8390: checking if i386-redhat-linux-gcc supports -c -o file.o
configure:8411: i386-redhat-linux-gcc -c -O2 -I/home/yangxu/tplink/lantiq_lettuce/tpbsp/lantiq/staging_dir/host/include -O2 -I/home/yangxu/tplink/lantiq_lettuce/tpbsp/lantiq/staging_dir/host/include -o out/conftest2.o conftest.c >&5
configure:8415: $? = 0
configure:8437: result: yes
configure:8463: checking whether the i386-redhat-linux-gcc linker (/usr/bin/ld) supports shared libraries
configure:9443: result: yes
configure:9464: checking whether -lc should be explicitly linked in
configure:9469: i386-redhat-linux-gcc -c -O2 -I/home/yangxu/tplink/lantiq_lettuce/tpbsp/lantiq/staging_dir/host/include -O2 -I/home/yangxu/tplink/lantiq_lettuce/tpbsp/lantiq/staging_dir/host/include conftest.c >&5
configure:9472: $? = 0
configure:9487: i386-redhat-linux-gcc -shared conftest.o  -v -Wl,-soname -Wl,conftest -o conftest 2\>\&1 \| grep  -lc  \>/dev/null 2\>\&1
configure:9490: $? = 0
configure:9502: result: no
configure:9510: checking dynamic linker characteristics
configure:10112: result: GNU/Linux ld.so
configure:10136: checking how to hardcode library paths into programs
configure:10161: result: immediate
configure:10175: checking whether stripping libraries is possible
configure:10180: result: yes
configure:10304: checking for shl_load
configure:10360: i386-redhat-linux-gcc -o conftest -O2 -I/home/yangxu/tplink/lantiq_lettuce/tpbsp/lantiq/staging_dir/host/include -O2 -I/home/yangxu/tplink/lantiq_lettuce/tpbsp/lantiq/staging_dir/host/include -L/home/yangxu/tplink/lantiq_lettuce/tpbsp/lantiq/staging_dir/host/lib conftest.c  >&5
/tmp/ccWAO2Ir.o(.text+0xd): In function `main':
: undefined reference to `shl_load'
collect2: ld returned 1 exit status
configure:10366: $? = 1
configure: failed program was:
| /* confdefs.h.  */
| #define PACKAGE_NAME "libtool"
| #define PACKAGE_TARNAME "libtool"
| #define PACKAGE_VERSION "1.5.26"
| #define PACKAGE_STRING "libtool 1.5.26"
| #define PACKAGE_BUGREPORT "bug-libtool@gnu.org"
| #define PACKAGE "libtool"
| #define VERSION "1.5.26"
| #define STDC_HEADERS 1
| #define HAVE_SYS_TYPES_H 1
| #define HAVE_SYS_STAT_H 1
| #define HAVE_STDLIB_H 1
| #define HAVE_STRING_H 1
| #define HAVE_MEMORY_H 1
| #define HAVE_STRINGS_H 1
| #define HAVE_INTTYPES_H 1
| #define HAVE_STDINT_H 1
| #define HAVE_UNISTD_H 1
| #define HAVE_DLFCN_H 1
| /* end confdefs.h.  */
| /* Define shl_load to an innocuous variant, in case <limits.h> declares shl_load.
|    For example, HP-UX 11i <limits.h> declares gettimeofday.  */
| #define shl_load innocuous_shl_load
| 
| /* System header to define __stub macros and hopefully few prototypes,
|     which can conflict with char shl_load (); below.
|     Prefer <limits.h> to <assert.h> if __STDC__ is defined, since
|     <limits.h> exists even on freestanding compilers.  */
| 
| #ifdef __STDC__
| # include <limits.h>
| #else
| # include <assert.h>
| #endif
| 
| #undef shl_load
| 
| /* Override any GCC internal prototype to avoid an error.
|    Use char because int might match the return type of a GCC
|    builtin and then its argument prototype would still apply.  */
| #ifdef __cplusplus
| extern "C"
| #endif
| char shl_load ();
| /* The GNU C library defines this for functions which it implements
|     to always fail with ENOSYS.  Some functions are actually named
|     something starting with __ and the normal name is an alias.  */
| #if defined __stub_shl_load || defined __stub___shl_load
| choke me
| #endif
| 
| int
| main ()
| {
| return shl_load ();
|   ;
|   return 0;
| }
configure:10383: result: no
configure:10388: checking for shl_load in -ldld
configure:10423: i386-redhat-linux-gcc -o conftest -O2 -I/home/yangxu/tplink/lantiq_lettuce/tpbsp/lantiq/staging_dir/host/include -O2 -I/home/yangxu/tplink/lantiq_lettuce/tpbsp/lantiq/staging_dir/host/include -L/home/yangxu/tplink/lantiq_lettuce/tpbsp/lantiq/staging_dir/host/lib conftest.c -ldld   >&5
/usr/bin/ld: cannot find -ldld
collect2: ld returned 1 exit status
configure:10429: $? = 1
configure: failed program was:
| /* confdefs.h.  */
| #define PACKAGE_NAME "libtool"
| #define PACKAGE_TARNAME "libtool"
| #define PACKAGE_VERSION "1.5.26"
| #define PACKAGE_STRING "libtool 1.5.26"
| #define PACKAGE_BUGREPORT "bug-libtool@gnu.org"
| #define PACKAGE "libtool"
| #define VERSION "1.5.26"
| #define STDC_HEADERS 1
| #define HAVE_SYS_TYPES_H 1
| #define HAVE_SYS_STAT_H 1
| #define HAVE_STDLIB_H 1
| #define HAVE_STRING_H 1
| #define HAVE_MEMORY_H 1
| #define HAVE_STRINGS_H 1
| #define HAVE_INTTYPES_H 1
| #define HAVE_STDINT_H 1
| #define HAVE_UNISTD_H 1
| #define HAVE_DLFCN_H 1
| /* end confdefs.h.  */
| 
| /* Override any GCC internal prototype to avoid an error.
|    Use char because int might match the return type of a GCC
|    builtin and then its argument prototype would still apply.  */
| #ifdef __cplusplus
| extern "C"
| #endif
| char shl_load ();
| int
| main ()
| {
| return shl_load ();
|   ;
|   return 0;
| }
configure:10447: result: no
configure:10452: checking for dlopen
configure:10508: i386-redhat-linux-gcc -o conftest -O2 -I/home/yangxu/tplink/lantiq_lettuce/tpbsp/lantiq/staging_dir/host/include -O2 -I/home/yangxu/tplink/lantiq_lettuce/tpbsp/lantiq/staging_dir/host/include -L/home/yangxu/tplink/lantiq_lettuce/tpbsp/lantiq/staging_dir/host/lib conftest.c  >&5
/tmp/ccGu8dlF.o(.text+0xd): In function `main':
: undefined reference to `dlopen'
collect2: ld returned 1 exit status
configure:10514: $? = 1
configure: failed program was:
| /* confdefs.h.  */
| #define PACKAGE_NAME "libtool"
| #define PACKAGE_TARNAME "libtool"
| #define PACKAGE_VERSION "1.5.26"
| #define PACKAGE_STRING "libtool 1.5.26"
| #define PACKAGE_BUGREPORT "bug-libtool@gnu.org"
| #define PACKAGE "libtool"
| #define VERSION "1.5.26"
| #define STDC_HEADERS 1
| #define HAVE_SYS_TYPES_H 1
| #define HAVE_SYS_STAT_H 1
| #define HAVE_STDLIB_H 1
| #define HAVE_STRING_H 1
| #define HAVE_MEMORY_H 1
| #define HAVE_STRINGS_H 1
| #define HAVE_INTTYPES_H 1
| #define HAVE_STDINT_H 1
| #define HAVE_UNISTD_H 1
| #define HAVE_DLFCN_H 1
| /* end confdefs.h.  */
| /* Define dlopen to an innocuous variant, in case <limits.h> declares dlopen.
|    For example, HP-UX 11i <limits.h> declares gettimeofday.  */
| #define dlopen innocuous_dlopen
| 
| /* System header to define __stub macros and hopefully few prototypes,
|     which can conflict with char dlopen (); below.
|     Prefer <limits.h> to <assert.h> if __STDC__ is defined, since
|     <limits.h> exists even on freestanding compilers.  */
| 
| #ifdef __STDC__
| # include <limits.h>
| #else
| # include <assert.h>
| #endif
| 
| #undef dlopen
| 
| /* Override any GCC internal prototype to avoid an error.
|    Use char because int might match the return type of a GCC
|    builtin and then its argument prototype would still apply.  */
| #ifdef __cplusplus
| extern "C"
| #endif
| char dlopen ();
| /* The GNU C library defines this for functions which it implements
|     to always fail with ENOSYS.  Some functions are actually named
|     something starting with __ and the normal name is an alias.  */
| #if defined __stub_dlopen || defined __stub___dlopen
| choke me
| #endif
| 
| int
| main ()
| {
| return dlopen ();
|   ;
|   return 0;
| }
configure:10531: result: no
configure:10536: checking for dlopen in -ldl
configure:10571: i386-redhat-linux-gcc -o conftest -O2 -I/home/yangxu/tplink/lantiq_lettuce/tpbsp/lantiq/staging_dir/host/include -O2 -I/home/yangxu/tplink/lantiq_lettuce/tpbsp/lantiq/staging_dir/host/include -L/home/yangxu/tplink/lantiq_lettuce/tpbsp/lantiq/staging_dir/host/lib conftest.c -ldl   >&5
configure:10577: $? = 0
configure:10595: result: yes
configure:10764: checking whether a program can dlopen itself
configure:10838: i386-redhat-linux-gcc -o conftest -O2 -I/home/yangxu/tplink/lantiq_lettuce/tpbsp/lantiq/staging_dir/host/include -O2 -I/home/yangxu/tplink/lantiq_lettuce/tpbsp/lantiq/staging_dir/host/include -DHAVE_DLFCN_H -L/home/yangxu/tplink/lantiq_lettuce/tpbsp/lantiq/staging_dir/host/lib -Wl,--export-dynamic conftest.c -ldl  >&5
configure:10841: $? = 0
configure:10859: result: yes
configure:10864: checking whether a statically linked program can dlopen itself
configure:10938: i386-redhat-linux-gcc -o conftest -O2 -I/home/yangxu/tplink/lantiq_lettuce/tpbsp/lantiq/staging_dir/host/include -O2 -I/home/yangxu/tplink/lantiq_lettuce/tpbsp/lantiq/staging_dir/host/include -DHAVE_DLFCN_H -L/home/yangxu/tplink/lantiq_lettuce/tpbsp/lantiq/staging_dir/host/lib -Wl,--export-dynamic -static conftest.c -ldl  >&5
/tmp/ccEh3fl5.o(.text+0x1b): In function `main':
: warning: Using 'dlopen' in statically linked applications requires at runtime the shared libraries from the glibc version used for linking
configure:10941: $? = 0
/lib/: cannot read file data: Is a directory
configure:10959: result: no
configure:10982: checking if libtool supports shared libraries
configure:10984: result: yes
configure:10987: checking whether to build shared libraries
configure:11008: result: yes
configure:11011: checking whether to build static libraries
configure:11015: result: yes
configure:11109: creating libtool
configure:11702: checking for ld used by i386-redhat-linux-g++
configure:11769: result: /usr/bin/ld
configure:11778: checking if the linker (/usr/bin/ld) is GNU ld
configure:11793: result: yes
configure:11844: checking whether the i386-redhat-linux-g++ linker (/usr/bin/ld) supports shared libraries
configure:12790: result: yes
configure:12811: i386-redhat-linux-g++ -c -g -O2 -O2 -I/home/yangxu/tplink/lantiq_lettuce/tpbsp/lantiq/staging_dir/host/include conftest.cpp >&5
configure:12814: $? = 0
configure:12970: checking for i386-redhat-linux-g++ option to produce PIC
configure:13254: result: -fPIC
configure:13262: checking if i386-redhat-linux-g++ PIC flag -fPIC works
configure:13280: i386-redhat-linux-g++ -c -g -O2 -O2 -I/home/yangxu/tplink/lantiq_lettuce/tpbsp/lantiq/staging_dir/host/include -fPIC -DPIC conftest.cpp >&5
configure:13284: $? = 0
configure:13297: result: yes
configure:13325: checking if i386-redhat-linux-g++ static flag -static works
configure:13353: result: yes
configure:13363: checking if i386-redhat-linux-g++ supports -c -o file.o
configure:13384: i386-redhat-linux-g++ -c -g -O2 -O2 -I/home/yangxu/tplink/lantiq_lettuce/tpbsp/lantiq/staging_dir/host/include -o out/conftest2.o conftest.cpp >&5
configure:13388: $? = 0
configure:13410: result: yes
configure:13436: checking whether the i386-redhat-linux-g++ linker (/usr/bin/ld) supports shared libraries
configure:13462: result: yes
configure:13529: checking dynamic linker characteristics
configure:14079: result: GNU/Linux ld.so
configure:14103: checking how to hardcode library paths into programs
configure:14128: result: immediate
configure:14667: checking if libtool supports shared libraries
configure:14669: result: yes
configure:14672: checking whether to build shared libraries
configure:14692: result: yes
configure:14695: checking whether to build static libraries
configure:14699: result: yes
configure:14709: checking for g77 option to produce PIC
configure:14941: result: -fPIC
configure:14949: checking if g77 PIC flag -fPIC works
configure:14967: g77 -c -g -O2 -fPIC conftest.f >&5
configure:14971: $? = 0
configure:14984: result: yes
configure:15012: checking if g77 static flag -static works
configure:15040: result: yes
configure:15050: checking if g77 supports -c -o file.o
configure:15071: g77 -c -g -O2 -o out/conftest2.o conftest.f >&5
configure:15075: $? = 0
configure:15097: result: yes
configure:15123: checking whether the g77 linker (/usr/bin/ld) supports shared libraries
configure:16083: result: yes
configure:16150: checking dynamic linker characteristics
configure:16700: result: GNU/Linux ld.so
configure:16724: checking how to hardcode library paths into programs
configure:16749: result: immediate
configure:17264: checking if gcj supports -fno-rtti -fno-exceptions
configure:17299: result: no
configure:17314: checking for gcj option to produce PIC
configure:17546: result: -fPIC
configure:17554: checking if gcj PIC flag -fPIC works
configure:17572: gcj -c -O2 -I/home/yangxu/tplink/lantiq_lettuce/tpbsp/lantiq/staging_dir/host/include -O2 -I/home/yangxu/tplink/lantiq_lettuce/tpbsp/lantiq/staging_dir/host/include -fPIC conftest.java >&5
configure:17576: $? = 0
configure:17589: result: yes
configure:17617: checking if gcj static flag -static works
configure:17645: result: no
configure:17655: checking if gcj supports -c -o file.o
configure:17676: gcj -c -O2 -I/home/yangxu/tplink/lantiq_lettuce/tpbsp/lantiq/staging_dir/host/include -O2 -I/home/yangxu/tplink/lantiq_lettuce/tpbsp/lantiq/staging_dir/host/include -o out/conftest2.o conftest.java >&5
configure:17680: $? = 0
configure:17702: result: yes
configure:17728: checking whether the gcj linker (/usr/bin/ld) supports shared libraries
configure:18708: result: yes
configure:18775: checking dynamic linker characteristics
configure:19325: result: GNU/Linux ld.so
configure:19349: checking how to hardcode library paths into programs
configure:19374: result: immediate
configure:20543: creating ./config.status

## ---------------------- ##
## Running config.status. ##
## ---------------------- ##

This file was extended by libtool config.status 1.5.26, which was
generated by GNU Autoconf 2.61.  Invocation command line was

  CONFIG_FILES    = 
  CONFIG_HEADERS  = 
  CONFIG_LINKS    = 
  CONFIG_COMMANDS = 
  $ ./config.status 

on rd3linux.tplink

config.status:672: creating Makefile
config.status:672: creating doc/Makefile
config.status:672: creating tests/Makefile
config.status:863: executing depfiles commands
configure:21759: === configuring in libltdl (/home/yangxu/tplink/lantiq_lettuce/tpbsp/lantiq/build_dir/host/libtool-1.5.26/libltdl)
configure:21862: running /bin/bash ./configure '--prefix=/home/yangxu/tplink/lantiq_lettuce/tpbsp/lantiq/staging_dir/host'  'CFLAGS=-O2 -I/home/yangxu/tplink/lantiq_lettuce/tpbsp/lantiq/staging_dir/host/include' 'CPPFLAGS=-O2 -I/home/yangxu/tplink/lantiq_lettuce/tpbsp/lantiq/staging_dir/host/include' 'LDFLAGS=-L/home/yangxu/tplink/lantiq_lettuce/tpbsp/lantiq/staging_dir/host/lib' 'SHELL=/bin/bash' '--target=i386-redhat-linux' '--host=i386-redhat-linux' '--build=i386-redhat-linux' '--program-prefix=' '--program-suffix=' '--exec-prefix=/home/yangxu/tplink/lantiq_lettuce/tpbsp/lantiq/staging_dir/host' '--sysconfdir=/home/yangxu/tplink/lantiq_lettuce/tpbsp/lantiq/staging_dir/host/etc' '--localstatedir=/home/yangxu/tplink/lantiq_lettuce/tpbsp/lantiq/staging_dir/host/var' 'build_alias=i386-redhat-linux' 'host_alias=i386-redhat-linux' 'target_alias=i386-redhat-linux' '--enable-ltdl-install' --cache-file=/dev/null --srcdir=.

## ---------------- ##
## Cache variables. ##
## ---------------- ##

ac_cv_build=i386-redhat-linux-gnu
ac_cv_c_compiler_gnu=yes
ac_cv_cxx_compiler_gnu=yes
ac_cv_env_CCC_set=
ac_cv_env_CCC_value=
ac_cv_env_CC_set=
ac_cv_env_CC_value=
ac_cv_env_CFLAGS_set=set
ac_cv_env_CFLAGS_value='-O2 -I/home/yangxu/tplink/lantiq_lettuce/tpbsp/lantiq/staging_dir/host/include'
ac_cv_env_CPPFLAGS_set=set
ac_cv_env_CPPFLAGS_value='-O2 -I/home/yangxu/tplink/lantiq_lettuce/tpbsp/lantiq/staging_dir/host/include'
ac_cv_env_CPP_set=
ac_cv_env_CPP_value=
ac_cv_env_CXXCPP_set=
ac_cv_env_CXXCPP_value=
ac_cv_env_CXXFLAGS_set=
ac_cv_env_CXXFLAGS_value=
ac_cv_env_CXX_set=
ac_cv_env_CXX_value=
ac_cv_env_F77_set=
ac_cv_env_F77_value=
ac_cv_env_FFLAGS_set=
ac_cv_env_FFLAGS_value=
ac_cv_env_LDFLAGS_set=set
ac_cv_env_LDFLAGS_value=-L/home/yangxu/tplink/lantiq_lettuce/tpbsp/lantiq/staging_dir/host/lib
ac_cv_env_LIBS_set=
ac_cv_env_LIBS_value=
ac_cv_env_build_alias_set=set
ac_cv_env_build_alias_value=i386-redhat-linux
ac_cv_env_host_alias_set=set
ac_cv_env_host_alias_value=i386-redhat-linux
ac_cv_env_target_alias_set=set
ac_cv_env_target_alias_value=i386-redhat-linux
ac_cv_f77_compiler_gnu=yes
ac_cv_func_dlopen=no
ac_cv_func_shl_load=no
ac_cv_header_dlfcn_h=yes
ac_cv_header_inttypes_h=yes
ac_cv_header_memory_h=yes
ac_cv_header_stdc=yes
ac_cv_header_stdint_h=yes
ac_cv_header_stdlib_h=yes
ac_cv_header_string_h=yes
ac_cv_header_strings_h=yes
ac_cv_header_sys_stat_h=yes
ac_cv_header_sys_types_h=yes
ac_cv_header_unistd_h=yes
ac_cv_host=i386-redhat-linux-gnu
ac_cv_lib_dl_dlopen=yes
ac_cv_lib_dld_shl_load=no
ac_cv_objext=o
ac_cv_path_EGREP='/bin/grep -E'
ac_cv_path_GREP=/bin/grep
ac_cv_path_install='/usr/bin/install -c'
ac_cv_path_mkdir=/bin/mkdir
ac_cv_prog_AWK=gawk
ac_cv_prog_CC=i386-redhat-linux-gcc
ac_cv_prog_CPP='i386-redhat-linux-gcc -E'
ac_cv_prog_CXX=i386-redhat-linux-g++
ac_cv_prog_CXXCPP='i386-redhat-linux-g++ -E'
ac_cv_prog_ac_ct_AR=ar
ac_cv_prog_ac_ct_F77=g77
ac_cv_prog_ac_ct_GCJ=gcj
ac_cv_prog_ac_ct_RANLIB=ranlib
ac_cv_prog_ac_ct_STRIP=strip
ac_cv_prog_cc_c89=
ac_cv_prog_cc_g=yes
ac_cv_prog_cxx_g=yes
ac_cv_prog_f77_g=yes
ac_cv_prog_make_make_set=yes
am_cv_CC_dependencies_compiler_type=none
am_cv_CXX_dependencies_compiler_type=none
lt_cv_deplibs_check_method=pass_all
lt_cv_dlopen=dlopen
lt_cv_dlopen_libs=-ldl
lt_cv_dlopen_self=yes
lt_cv_dlopen_self_static=no
lt_cv_file_magic_cmd='$MAGIC_CMD'
lt_cv_file_magic_test_file=
lt_cv_ld_reload_flag=-r
lt_cv_objdir=.libs
lt_cv_path_LD=/usr/bin/ld
lt_cv_path_LDCXX=/usr/bin/ld
lt_cv_path_NM='/usr/bin/nm -B'
lt_cv_path_SED=/home/yangxu/tplink/lantiq_lettuce/tpbsp/lantiq/staging_dir/host/bin/sed
lt_cv_prog_compiler_c_o=yes
lt_cv_prog_compiler_c_o_CXX=yes
lt_cv_prog_compiler_c_o_F77=yes
lt_cv_prog_compiler_c_o_GCJ=yes
lt_cv_prog_compiler_pic_works=yes
lt_cv_prog_compiler_pic_works_CXX=yes
lt_cv_prog_compiler_pic_works_F77=yes
lt_cv_prog_compiler_pic_works_GCJ=yes
lt_cv_prog_compiler_rtti_exceptions=no
lt_cv_prog_compiler_static_works=yes
lt_cv_prog_compiler_static_works_CXX=yes
lt_cv_prog_compiler_static_works_F77=yes
lt_cv_prog_compiler_static_works_GCJ=no
lt_cv_prog_gnu_ld=yes
lt_cv_prog_gnu_ldcxx=yes
lt_cv_sys_global_symbol_pipe='sed -n -e '\''s/^.*[ 	]\([ABCDGIRSTW][ABCDGIRSTW]*\)[ 	][ 	]*\([_A-Za-z][_A-Za-z0-9]*\)$/\1 \2 \2/p'\'''
lt_cv_sys_global_symbol_to_c_name_address='sed -n -e '\''s/^: \([^ ]*\) $/  {\"\1\", (lt_ptr) 0},/p'\'' -e '\''s/^[BCDEGRST] \([^ ]*\) \([^ ]*\)$/  {"\2", (lt_ptr) \&\2},/p'\'''
lt_cv_sys_global_symbol_to_cdecl='sed -n -e '\''s/^. .* \(.*\)$/extern int \1;/p'\'''
lt_cv_sys_lib_dlsearch_path_spec='/lib /usr/lib /usr/lib/mysql /usr/lib/mysql /usr/lib/qt-3.3/lib /usr/X11R6/lib '
lt_cv_sys_lib_search_path_spec='/usr/lib/gcc/i386-redhat-linux/3.4.3 /usr/lib /lib'
lt_cv_sys_max_cmd_len=98304
lt_lt_cv_prog_compiler_c_o='"yes"'
lt_lt_cv_prog_compiler_c_o_CXX='"yes"'
lt_lt_cv_prog_compiler_c_o_F77='"yes"'
lt_lt_cv_prog_compiler_c_o_GCJ='"yes"'
lt_lt_cv_sys_global_symbol_pipe='"sed -n -e '\''s/^.*[ 	]\\([ABCDGIRSTW][ABCDGIRSTW]*\\)[ 	][ 	]*\\([_A-Za-z][_A-Za-z0-9]*\\)\$/\\1 \\2 \\2/p'\''"'
lt_lt_cv_sys_global_symbol_to_c_name_address='"sed -n -e '\''s/^: \\([^ ]*\\) \$/  {\\\"\\1\\\", (lt_ptr) 0},/p'\'' -e '\''s/^[BCDEGRST] \\([^ ]*\\) \\([^ ]*\\)\$/  {\"\\2\", (lt_ptr) \\&\\2},/p'\''"'
lt_lt_cv_sys_global_symbol_to_cdecl='"sed -n -e '\''s/^. .* \\(.*\\)\$/extern int \\1;/p'\''"'

## ----------------- ##
## Output variables. ##
## ----------------- ##

ACINCLUDE_M4_LIST='./acinclude.m4 ./cdemo/acinclude.m4 ./pdemo/acinclude.m4 ./demo/acinclude.m4 ./depdemo/acinclude.m4 ./mdemo/acinclude.m4 ./mdemo2/acinclude.m4 ./tagdemo/acinclude.m4 ./f77demo/acinclude.m4'
ACLOCAL='${SHELL} /home/yangxu/tplink/lantiq_lettuce/tpbsp/lantiq/build_dir/host/libtool-1.5.26/missing --run aclocal-1.10'
AMDEPBACKSLASH='\'
AMDEP_FALSE='#'
AMDEP_TRUE=''
AMTAR='${SHELL} /home/yangxu/tplink/lantiq_lettuce/tpbsp/lantiq/build_dir/host/libtool-1.5.26/missing --run tar'
AR='ar'
AS='as'
AUTOCONF='${SHELL} /home/yangxu/tplink/lantiq_lettuce/tpbsp/lantiq/build_dir/host/libtool-1.5.26/missing --run autoconf'
AUTOHEADER='${SHELL} /home/yangxu/tplink/lantiq_lettuce/tpbsp/lantiq/build_dir/host/libtool-1.5.26/missing --run autoheader'
AUTOMAKE='${SHELL} /home/yangxu/tplink/lantiq_lettuce/tpbsp/lantiq/build_dir/host/libtool-1.5.26/missing --run automake-1.10'
AWK='gawk'
CC='i386-redhat-linux-gcc'
CCDEPMODE='depmode=none'
CFLAGS='-O2 -I/home/yangxu/tplink/lantiq_lettuce/tpbsp/lantiq/staging_dir/host/include'
CONF_SUBDIRS='cdemo pdemo demo depdemo mdemo mdemo2 tagdemo f77demo'
CPP='i386-redhat-linux-gcc -E'
CPPFLAGS='-O2 -I/home/yangxu/tplink/lantiq_lettuce/tpbsp/lantiq/staging_dir/host/include'
CXX='i386-redhat-linux-g++'
CXXCPP='i386-redhat-linux-g++ -E'
CXXDEPMODE='depmode=none'
CXXFLAGS='-g -O2'
CYGPATH_W='echo'
DEFS='-DPACKAGE_NAME=\"libtool\" -DPACKAGE_TARNAME=\"libtool\" -DPACKAGE_VERSION=\"1.5.26\" -DPACKAGE_STRING=\"libtool\ 1.5.26\" -DPACKAGE_BUGREPORT=\"bug-libtool@gnu.org\" -DPACKAGE=\"libtool\" -DVERSION=\"1.5.26\" -DSTDC_HEADERS=1 -DHAVE_SYS_TYPES_H=1 -DHAVE_SYS_STAT_H=1 -DHAVE_STDLIB_H=1 -DHAVE_STRING_H=1 -DHAVE_MEMORY_H=1 -DHAVE_STRINGS_H=1 -DHAVE_INTTYPES_H=1 -DHAVE_STDINT_H=1 -DHAVE_UNISTD_H=1 -DHAVE_DLFCN_H=1'
DEPDIR='.deps'
DIST_MAKEFILE_LIST='cdemo/Makefile pdemo/Makefile demo/Makefile depdemo/Makefile mdemo/Makefile mdemo2/Makefile tagdemo/Makefile f77demo/Makefile '
DLLTOOL='dlltool'
DSYMUTIL=''
ECHO='echo'
ECHO_C=''
ECHO_N='-n'
ECHO_T=''
EGREP='/bin/grep -E'
EXEEXT=''
F77='g77'
FFLAGS='-g -O2'
GCJ='gcj'
GCJFLAGS='-g -O2'
GREP='/bin/grep'
HAVE_CXX_FALSE='#'
HAVE_CXX_TRUE=''
HAVE_F77_FALSE='#'
HAVE_F77_TRUE=''
HAVE_GCJ_FALSE='#'
HAVE_GCJ_TRUE=''
HAVE_RC_FALSE=''
HAVE_RC_TRUE='#'
INSTALL_DATA='${INSTALL} -m 644'
INSTALL_PROGRAM='${INSTALL}'
INSTALL_SCRIPT='${INSTALL}'
INSTALL_STRIP_PROGRAM='$(install_sh) -c -s'
LD='/usr/bin/ld'
LDFLAGS='-L/home/yangxu/tplink/lantiq_lettuce/tpbsp/lantiq/staging_dir/host/lib'
LIBOBJS=''
LIBS=''
LIBTOOL='$(SHELL) $(top_builddir)/libtool'
LN_S='ln -s'
LTLIBOBJS=''
MAKEINFO='${SHELL} /home/yangxu/tplink/lantiq_lettuce/tpbsp/lantiq/build_dir/host/libtool-1.5.26/missing --run makeinfo'
NM='/usr/bin/nm -B'
NMEDIT=''
OBJDUMP='objdump'
OBJEXT='o'
PACKAGE='libtool'
PACKAGE_BUGREPORT='bug-libtool@gnu.org'
PACKAGE_NAME='libtool'
PACKAGE_STRING='libtool 1.5.26'
PACKAGE_TARNAME='libtool'
PACKAGE_VERSION='1.5.26'
PATH_SEPARATOR=':'
RANLIB='ranlib'
RC='no'
SED='/home/yangxu/tplink/lantiq_lettuce/tpbsp/lantiq/staging_dir/host/bin/sed'
SET_MAKE=''
SHELL='/bin/bash'
STRIP='strip'
TIMESTAMP=''
VERSION='1.5.26'
ac_ct_CC=''
ac_ct_CXX=''
ac_ct_F77='g77'
aclocaldir='${datadir}/aclocal'
am__fastdepCC_FALSE=''
am__fastdepCC_TRUE='#'
am__fastdepCXX_FALSE=''
am__fastdepCXX_TRUE='#'
am__include='include'
am__isrc=''
am__leading_dot='.'
am__quote=''
am__tar='${AMTAR} chof - "$$tardir"'
am__untar='${AMTAR} xf -'
bindir='${exec_prefix}/bin'
build='i386-redhat-linux-gnu'
build_alias='i386-redhat-linux'
build_cpu='i386'
build_os='linux-gnu'
build_vendor='redhat'
datadir='${datarootdir}'
datarootdir='${prefix}/share'
docdir='${datarootdir}/doc/${PACKAGE_TARNAME}'
dvidir='${docdir}'
exec_prefix='/home/yangxu/tplink/lantiq_lettuce/tpbsp/lantiq/staging_dir/host'
host='i386-redhat-linux-gnu'
host_alias='i386-redhat-linux'
host_cpu='i386'
host_os='linux-gnu'
host_vendor='redhat'
htmldir='${docdir}'
includedir='${prefix}/include'
infodir='${datarootdir}/info'
install_sh='$(SHELL) /home/yangxu/tplink/lantiq_lettuce/tpbsp/lantiq/build_dir/host/libtool-1.5.26/install-sh'
libdir='${exec_prefix}/lib'
libexecdir='${exec_prefix}/libexec'
localedir='${datarootdir}/locale'
localstatedir='/home/yangxu/tplink/lantiq_lettuce/tpbsp/lantiq/staging_dir/host/var'
mandir='${datarootdir}/man'
mkdir_p='/bin/mkdir -p'
oldincludedir='/usr/include'
pdfdir='${docdir}'
pkgdatadir='${datadir}/libtool'
prefix='/home/yangxu/tplink/lantiq_lettuce/tpbsp/lantiq/staging_dir/host'
program_transform_name='s&$$&&;s&^&&'
psdir='${docdir}'
sbindir='${exec_prefix}/sbin'
sharedstatedir='${prefix}/com'
subdirs=' libltdl'
sysconfdir='/home/yangxu/tplink/lantiq_lettuce/tpbsp/lantiq/staging_dir/host/etc'
target_alias='i386-redhat-linux'

## ----------- ##
## confdefs.h. ##
## ----------- ##

#define PACKAGE_NAME "libtool"
#define PACKAGE_TARNAME "libtool"
#define PACKAGE_VERSION "1.5.26"
#define PACKAGE_STRING "libtool 1.5.26"
#define PACKAGE_BUGREPORT "bug-libtool@gnu.org"
#define PACKAGE "libtool"
#define VERSION "1.5.26"
#define STDC_HEADERS 1
#define HAVE_SYS_TYPES_H 1
#define HAVE_SYS_STAT_H 1
#define HAVE_STDLIB_H 1
#define HAVE_STRING_H 1
#define HAVE_MEMORY_H 1
#define HAVE_STRINGS_H 1
#define HAVE_INTTYPES_H 1
#define HAVE_STDINT_H 1
#define HAVE_UNISTD_H 1
#define HAVE_DLFCN_H 1

configure: exit 0

## ---------------------- ##
## Running config.status. ##
## ---------------------- ##

This file was extended by libtool config.status 1.5.26, which was
generated by GNU Autoconf 2.61.  Invocation command line was

  CONFIG_FILES    = libtoolize
  CONFIG_HEADERS  = 
  CONFIG_LINKS    = 
  CONFIG_COMMANDS = 
  $ ./config.status 

on rd3linux.tplink

config.status:672: creating libtoolize
config.status:863: executing depfiles commands
