This file contains any messages produced by compilers while
running configure, to aid debugging if configure makes a mistake.

It was created by libltdl configure 1.2, which was
generated by GNU Autoconf 2.61.  Invocation command line was

  $ ./configure --prefix=/home/yangxu/tplink/lantiq_lettuce/tpbsp/lantiq/staging_dir/host CFLAGS=-O2 -I/home/yangxu/tplink/lantiq_lettuce/tpbsp/lantiq/staging_dir/host/include CPPFLAGS=-O2 -I/home/yangxu/tplink/lantiq_lettuce/tpbsp/lantiq/staging_dir/host/include LDFLAGS=-L/home/yangxu/tplink/lantiq_lettuce/tpbsp/lantiq/staging_dir/host/lib SHELL=/bin/bash --target=i386-redhat-linux --host=i386-redhat-linux --build=i386-redhat-linux --program-prefix= --program-suffix= --exec-prefix=/home/yangxu/tplink/lantiq_lettuce/tpbsp/lantiq/staging_dir/host --sysconfdir=/home/yangxu/tplink/lantiq_lettuce/tpbsp/lantiq/staging_dir/host/etc --localstatedir=/home/yangxu/tplink/lantiq_lettuce/tpbsp/lantiq/staging_dir/host/var build_alias=i386-redhat-linux host_alias=i386-redhat-linux target_alias=i386-redhat-linux --enable-ltdl-install --cache-file=/dev/null --srcdir=.

## --------- ##
## Platform. ##
## --------- ##

hostname = rd3linux.tplink
uname -m = i686
uname -r = 2.6.9-5.ELsmp
uname -s = Linux
uname -v = #1 SMP Wed Jan 5 19:30:39 EST 2005

/usr/bin/uname -p = unknown
/bin/uname -X     = unknown

/bin/arch              = i686
/usr/bin/arch -k       = unknown
/usr/convex/getsysinfo = unknown
/usr/bin/hostinfo      = unknown
/bin/machine           = unknown
/usr/bin/oslevel       = unknown
/bin/universe          = unknown

PATH: /home/yangxu/tplink/lantiq_lettuce/tpbsp/lantiq/staging_dir/toolchain-mips_r2_gcc-4.3.3+cs_uClibc-0.9.30.1_2_6_32/usr/bin
PATH: /home/yangxu/tplink/lantiq_lettuce/tpbsp/lantiq/staging_dir/host/bin
PATH: /home/yangxu/tplink/lantiq_lettuce/tpbsp/lantiq/staging_dir/toolchain-mips_r2_gcc-4.3.3+cs_uClibc-0.9.30.1_2_6_32/usr/bin
PATH: /home/yangxu/tplink/lantiq_lettuce/tpbsp/lantiq/staging_dir/host/bin
PATH: /home/yangxu/tplink/lantiq_lettuce/tpbsp/lantiq/staging_dir/toolchain-mips_r2_gcc-4.3.3+cs_uClibc-0.9.30.1_2_6_32/usr/bin
PATH: /home/yangxu/tplink/lantiq_lettuce/tpbsp/lantiq/staging_dir/host/bin
PATH: /home/yangxu/bin/bin
PATH: /usr/kerberos/bin
PATH: /usr/local/bin
PATH: /bin
PATH: /usr/bin
PATH: /usr/X11R6/bin
PATH: /sbin


## ----------- ##
## Core tests. ##
## ----------- ##

configure:2019: checking for a BSD-compatible install
configure:2075: result: /usr/bin/install -c
configure:2086: checking whether build environment is sane
configure:2129: result: yes
configure:2157: checking for a thread-safe mkdir -p
configure:2196: result: /bin/mkdir -p
configure:2209: checking for gawk
configure:2225: found /bin/gawk
configure:2236: result: gawk
configure:2247: checking whether make sets $(MAKE)
configure:2268: result: yes
configure:2462: checking for i386-redhat-linux-gcc
configure:2478: found /usr/bin/i386-redhat-linux-gcc
configure:2489: result: i386-redhat-linux-gcc
configure:2767: checking for C compiler version
configure:2774: i386-redhat-linux-gcc --version >&5
i386-redhat-linux-gcc (GCC) 3.4.3 20041212 (Red Hat 3.4.3-9.EL4)
Copyright (C) 2004 Free Software Foundation, Inc.
This is free software; see the source for copying conditions.  There is NO
warranty; not even for MERCHANTABILITY or FITNESS FOR A PARTICULAR PURPOSE.

configure:2777: $? = 0
configure:2784: i386-redhat-linux-gcc -v >&5
Reading specs from /usr/lib/gcc/i386-redhat-linux/3.4.3/specs
Configured with: ../configure --prefix=/usr --mandir=/usr/share/man --infodir=/usr/share/info --enable-shared --enable-threads=posix --disable-checking --with-system-zlib --enable-__cxa_atexit --disable-libunwind-exceptions --enable-java-awt=gtk --host=i386-redhat-linux
Thread model: posix
gcc version 3.4.3 20041212 (Red Hat 3.4.3-9.EL4)
configure:2787: $? = 0
configure:2794: i386-redhat-linux-gcc -V >&5
i386-redhat-linux-gcc: `-V' option must have argument
configure:2797: $? = 1
configure:2820: checking for C compiler default output file name
configure:2847: i386-redhat-linux-gcc -O2 -I/home/yangxu/tplink/lantiq_lettuce/tpbsp/lantiq/staging_dir/host/include -O2 -I/home/yangxu/tplink/lantiq_lettuce/tpbsp/lantiq/staging_dir/host/include -L/home/yangxu/tplink/lantiq_lettuce/tpbsp/lantiq/staging_dir/host/lib conftest.c  >&5
configure:2850: $? = 0
configure:2888: result: a.out
configure:2905: checking whether the C compiler works
configure:2915: ./a.out
configure:2918: $? = 0
configure:2935: result: yes
configure:2942: checking whether we are cross compiling
configure:2944: result: no
configure:2947: checking for suffix of executables
configure:2954: i386-redhat-linux-gcc -o conftest -O2 -I/home/yangxu/tplink/lantiq_lettuce/tpbsp/lantiq/staging_dir/host/include -O2 -I/home/yangxu/tplink/lantiq_lettuce/tpbsp/lantiq/staging_dir/host/include -L/home/yangxu/tplink/lantiq_lettuce/tpbsp/lantiq/staging_dir/host/lib conftest.c  >&5
configure:2957: $? = 0
configure:2981: result: 
configure:2987: checking for suffix of object files
configure:3013: i386-redhat-linux-gcc -c -O2 -I/home/yangxu/tplink/lantiq_lettuce/tpbsp/lantiq/staging_dir/host/include -O2 -I/home/yangxu/tplink/lantiq_lettuce/tpbsp/lantiq/staging_dir/host/include conftest.c >&5
configure:3016: $? = 0
configure:3039: result: o
configure:3043: checking whether we are using the GNU C compiler
configure:3072: i386-redhat-linux-gcc -c -O2 -I/home/yangxu/tplink/lantiq_lettuce/tpbsp/lantiq/staging_dir/host/include -O2 -I/home/yangxu/tplink/lantiq_lettuce/tpbsp/lantiq/staging_dir/host/include conftest.c >&5
configure:3078: $? = 0
configure:3095: result: yes
configure:3100: checking whether i386-redhat-linux-gcc accepts -g
configure:3130: i386-redhat-linux-gcc -c -g -O2 -I/home/yangxu/tplink/lantiq_lettuce/tpbsp/lantiq/staging_dir/host/include conftest.c >&5
configure:3136: $? = 0
configure:3235: result: yes
configure:3252: checking for i386-redhat-linux-gcc option to accept ISO C89
configure:3326: i386-redhat-linux-gcc  -c -O2 -I/home/yangxu/tplink/lantiq_lettuce/tpbsp/lantiq/staging_dir/host/include -O2 -I/home/yangxu/tplink/lantiq_lettuce/tpbsp/lantiq/staging_dir/host/include conftest.c >&5
configure:3332: $? = 0
configure:3355: result: none needed
configure:3384: checking for style of include used by make
configure:3412: result: GNU
configure:3437: checking dependency style of i386-redhat-linux-gcc
configure:3528: result: none
configure:3544: checking for an ANSI C-conforming const
configure:3619: i386-redhat-linux-gcc -c -O2 -I/home/yangxu/tplink/lantiq_lettuce/tpbsp/lantiq/staging_dir/host/include -O2 -I/home/yangxu/tplink/lantiq_lettuce/tpbsp/lantiq/staging_dir/host/include conftest.c >&5
configure:3625: $? = 0
configure:3640: result: yes
configure:3650: checking for inline
configure:3676: i386-redhat-linux-gcc -c -O2 -I/home/yangxu/tplink/lantiq_lettuce/tpbsp/lantiq/staging_dir/host/include -O2 -I/home/yangxu/tplink/lantiq_lettuce/tpbsp/lantiq/staging_dir/host/include conftest.c >&5
configure:3682: $? = 0
configure:3700: result: inline
configure:3804: checking build system type
configure:3822: result: i386-redhat-linux-gnu
configure:3844: checking host system type
configure:3859: result: i386-redhat-linux-gnu
configure:3881: checking for a sed that does not truncate output
configure:3937: result: /home/yangxu/tplink/lantiq_lettuce/tpbsp/lantiq/staging_dir/host/bin/sed
configure:3940: checking for grep that handles long lines and -e
configure:4014: result: /bin/grep
configure:4019: checking for egrep
configure:4097: result: /bin/grep -E
configure:4113: checking for ld used by i386-redhat-linux-gcc
configure:4180: result: /usr/bin/ld
configure:4189: checking if the linker (/usr/bin/ld) is GNU ld
configure:4204: result: yes
configure:4209: checking for /usr/bin/ld option to reload object files
configure:4216: result: -r
configure:4234: checking for BSD-compatible nm
configure:4283: result: /usr/bin/nm -B
configure:4287: checking whether ln -s works
configure:4291: result: yes
configure:4298: checking how to recognize dependent libraries
configure:4484: result: pass_all
configure:5018: checking how to run the C preprocessor
configure:5058: i386-redhat-linux-gcc -E -O2 -I/home/yangxu/tplink/lantiq_lettuce/tpbsp/lantiq/staging_dir/host/include conftest.c
configure:5064: $? = 0
configure:5095: i386-redhat-linux-gcc -E -O2 -I/home/yangxu/tplink/lantiq_lettuce/tpbsp/lantiq/staging_dir/host/include conftest.c
conftest.c:8:28: ac_nonexistent.h: No such file or directory
configure:5101: $? = 1
configure: failed program was:
| /* confdefs.h.  */
| #define PACKAGE_NAME "libltdl"
| #define PACKAGE_TARNAME "libltdl"
| #define PACKAGE_VERSION "1.2"
| #define PACKAGE_STRING "libltdl 1.2"
| #define PACKAGE_BUGREPORT "bug-libtool@gnu.org"
| /* end confdefs.h.  */
| #include <ac_nonexistent.h>
configure:5134: result: i386-redhat-linux-gcc -E
configure:5163: i386-redhat-linux-gcc -E -O2 -I/home/yangxu/tplink/lantiq_lettuce/tpbsp/lantiq/staging_dir/host/include conftest.c
configure:5169: $? = 0
configure:5200: i386-redhat-linux-gcc -E -O2 -I/home/yangxu/tplink/lantiq_lettuce/tpbsp/lantiq/staging_dir/host/include conftest.c
conftest.c:8:28: ac_nonexistent.h: No such file or directory
configure:5206: $? = 1
configure: failed program was:
| /* confdefs.h.  */
| #define PACKAGE_NAME "libltdl"
| #define PACKAGE_TARNAME "libltdl"
| #define PACKAGE_VERSION "1.2"
| #define PACKAGE_STRING "libltdl 1.2"
| #define PACKAGE_BUGREPORT "bug-libtool@gnu.org"
| /* end confdefs.h.  */
| #include <ac_nonexistent.h>
configure:5244: checking for ANSI C header files
configure:5274: i386-redhat-linux-gcc -c -O2 -I/home/yangxu/tplink/lantiq_lettuce/tpbsp/lantiq/staging_dir/host/include -O2 -I/home/yangxu/tplink/lantiq_lettuce/tpbsp/lantiq/staging_dir/host/include conftest.c >&5
configure:5280: $? = 0
configure:5379: i386-redhat-linux-gcc -o conftest -O2 -I/home/yangxu/tplink/lantiq_lettuce/tpbsp/lantiq/staging_dir/host/include -O2 -I/home/yangxu/tplink/lantiq_lettuce/tpbsp/lantiq/staging_dir/host/include -L/home/yangxu/tplink/lantiq_lettuce/tpbsp/lantiq/staging_dir/host/lib conftest.c  >&5
configure:5382: $? = 0
configure:5388: ./conftest
configure:5391: $? = 0
configure:5408: result: yes
configure:5432: checking for sys/types.h
configure:5453: i386-redhat-linux-gcc -c -O2 -I/home/yangxu/tplink/lantiq_lettuce/tpbsp/lantiq/staging_dir/host/include -O2 -I/home/yangxu/tplink/lantiq_lettuce/tpbsp/lantiq/staging_dir/host/include conftest.c >&5
configure:5459: $? = 0
configure:5475: result: yes
configure:5432: checking for sys/stat.h
configure:5453: i386-redhat-linux-gcc -c -O2 -I/home/yangxu/tplink/lantiq_lettuce/tpbsp/lantiq/staging_dir/host/include -O2 -I/home/yangxu/tplink/lantiq_lettuce/tpbsp/lantiq/staging_dir/host/include conftest.c >&5
configure:5459: $? = 0
configure:5475: result: yes
configure:5432: checking for stdlib.h
configure:5453: i386-redhat-linux-gcc -c -O2 -I/home/yangxu/tplink/lantiq_lettuce/tpbsp/lantiq/staging_dir/host/include -O2 -I/home/yangxu/tplink/lantiq_lettuce/tpbsp/lantiq/staging_dir/host/include conftest.c >&5
configure:5459: $? = 0
configure:5475: result: yes
configure:5432: checking for string.h
configure:5453: i386-redhat-linux-gcc -c -O2 -I/home/yangxu/tplink/lantiq_lettuce/tpbsp/lantiq/staging_dir/host/include -O2 -I/home/yangxu/tplink/lantiq_lettuce/tpbsp/lantiq/staging_dir/host/include conftest.c >&5
configure:5459: $? = 0
configure:5475: result: yes
configure:5432: checking for memory.h
configure:5453: i386-redhat-linux-gcc -c -O2 -I/home/yangxu/tplink/lantiq_lettuce/tpbsp/lantiq/staging_dir/host/include -O2 -I/home/yangxu/tplink/lantiq_lettuce/tpbsp/lantiq/staging_dir/host/include conftest.c >&5
configure:5459: $? = 0
configure:5475: result: yes
configure:5432: checking for strings.h
configure:5453: i386-redhat-linux-gcc -c -O2 -I/home/yangxu/tplink/lantiq_lettuce/tpbsp/lantiq/staging_dir/host/include -O2 -I/home/yangxu/tplink/lantiq_lettuce/tpbsp/lantiq/staging_dir/host/include conftest.c >&5
configure:5459: $? = 0
configure:5475: result: yes
configure:5432: checking for inttypes.h
configure:5453: i386-redhat-linux-gcc -c -O2 -I/home/yangxu/tplink/lantiq_lettuce/tpbsp/lantiq/staging_dir/host/include -O2 -I/home/yangxu/tplink/lantiq_lettuce/tpbsp/lantiq/staging_dir/host/include conftest.c >&5
configure:5459: $? = 0
configure:5475: result: yes
configure:5432: checking for stdint.h
configure:5453: i386-redhat-linux-gcc -c -O2 -I/home/yangxu/tplink/lantiq_lettuce/tpbsp/lantiq/staging_dir/host/include -O2 -I/home/yangxu/tplink/lantiq_lettuce/tpbsp/lantiq/staging_dir/host/include conftest.c >&5
configure:5459: $? = 0
configure:5475: result: yes
configure:5432: checking for unistd.h
configure:5453: i386-redhat-linux-gcc -c -O2 -I/home/yangxu/tplink/lantiq_lettuce/tpbsp/lantiq/staging_dir/host/include -O2 -I/home/yangxu/tplink/lantiq_lettuce/tpbsp/lantiq/staging_dir/host/include conftest.c >&5
configure:5459: $? = 0
configure:5475: result: yes
configure:5502: checking dlfcn.h usability
configure:5519: i386-redhat-linux-gcc -c -O2 -I/home/yangxu/tplink/lantiq_lettuce/tpbsp/lantiq/staging_dir/host/include -O2 -I/home/yangxu/tplink/lantiq_lettuce/tpbsp/lantiq/staging_dir/host/include conftest.c >&5
configure:5525: $? = 0
configure:5539: result: yes
configure:5543: checking dlfcn.h presence
configure:5558: i386-redhat-linux-gcc -E -O2 -I/home/yangxu/tplink/lantiq_lettuce/tpbsp/lantiq/staging_dir/host/include conftest.c
configure:5564: $? = 0
configure:5578: result: yes
configure:5611: checking for dlfcn.h
configure:5619: result: yes
configure:5646: checking for i386-redhat-linux-g++
configure:5662: found /usr/bin/i386-redhat-linux-g++
configure:5673: result: i386-redhat-linux-g++
configure:5748: checking for C++ compiler version
configure:5755: i386-redhat-linux-g++ --version >&5
i386-redhat-linux-g++ (GCC) 3.4.3 20041212 (Red Hat 3.4.3-9.EL4)
Copyright (C) 2004 Free Software Foundation, Inc.
This is free software; see the source for copying conditions.  There is NO
warranty; not even for MERCHANTABILITY or FITNESS FOR A PARTICULAR PURPOSE.

configure:5758: $? = 0
configure:5765: i386-redhat-linux-g++ -v >&5
Reading specs from /usr/lib/gcc/i386-redhat-linux/3.4.3/specs
Configured with: ../configure --prefix=/usr --mandir=/usr/share/man --infodir=/usr/share/info --enable-shared --enable-threads=posix --disable-checking --with-system-zlib --enable-__cxa_atexit --disable-libunwind-exceptions --enable-java-awt=gtk --host=i386-redhat-linux
Thread model: posix
gcc version 3.4.3 20041212 (Red Hat 3.4.3-9.EL4)
configure:5768: $? = 0
configure:5775: i386-redhat-linux-g++ -V >&5
i386-redhat-linux-g++: `-V' option must have argument
configure:5778: $? = 1
configure:5781: checking whether we are using the GNU C++ compiler
configure:5810: i386-redhat-linux-g++ -c  -O2 -I/home/yangxu/tplink/lantiq_lettuce/tpbsp/lantiq/staging_dir/host/include conftest.cpp >&5
configure:5816: $? = 0
configure:5833: result: yes
configure:5838: checking whether i386-redhat-linux-g++ accepts -g
configure:5868: i386-redhat-linux-g++ -c -g -O2 -I/home/yangxu/tplink/lantiq_lettuce/tpbsp/lantiq/staging_dir/host/include conftest.cpp >&5
configure:5874: $? = 0
configure:5973: result: yes
configure:5998: checking dependency style of i386-redhat-linux-g++
configure:6089: result: none
configure:6114: checking how to run the C++ preprocessor
configure:6150: i386-redhat-linux-g++ -E -O2 -I/home/yangxu/tplink/lantiq_lettuce/tpbsp/lantiq/staging_dir/host/include conftest.cpp
configure:6156: $? = 0
configure:6187: i386-redhat-linux-g++ -E -O2 -I/home/yangxu/tplink/lantiq_lettuce/tpbsp/lantiq/staging_dir/host/include conftest.cpp
conftest.cpp:19:28: ac_nonexistent.h: No such file or directory
configure:6193: $? = 1
configure: failed program was:
| /* confdefs.h.  */
| #define PACKAGE_NAME "libltdl"
| #define PACKAGE_TARNAME "libltdl"
| #define PACKAGE_VERSION "1.2"
| #define PACKAGE_STRING "libltdl 1.2"
| #define PACKAGE_BUGREPORT "bug-libtool@gnu.org"
| #define STDC_HEADERS 1
| #define HAVE_SYS_TYPES_H 1
| #define HAVE_SYS_STAT_H 1
| #define HAVE_STDLIB_H 1
| #define HAVE_STRING_H 1
| #define HAVE_MEMORY_H 1
| #define HAVE_STRINGS_H 1
| #define HAVE_INTTYPES_H 1
| #define HAVE_STDINT_H 1
| #define HAVE_UNISTD_H 1
| #define HAVE_DLFCN_H 1
| /* end confdefs.h.  */
| #include <ac_nonexistent.h>
configure:6226: result: i386-redhat-linux-g++ -E
configure:6255: i386-redhat-linux-g++ -E -O2 -I/home/yangxu/tplink/lantiq_lettuce/tpbsp/lantiq/staging_dir/host/include conftest.cpp
configure:6261: $? = 0
configure:6292: i386-redhat-linux-g++ -E -O2 -I/home/yangxu/tplink/lantiq_lettuce/tpbsp/lantiq/staging_dir/host/include conftest.cpp
conftest.cpp:19:28: ac_nonexistent.h: No such file or directory
configure:6298: $? = 1
configure: failed program was:
| /* confdefs.h.  */
| #define PACKAGE_NAME "libltdl"
| #define PACKAGE_TARNAME "libltdl"
| #define PACKAGE_VERSION "1.2"
| #define PACKAGE_STRING "libltdl 1.2"
| #define PACKAGE_BUGREPORT "bug-libtool@gnu.org"
| #define STDC_HEADERS 1
| #define HAVE_SYS_TYPES_H 1
| #define HAVE_SYS_STAT_H 1
| #define HAVE_STDLIB_H 1
| #define HAVE_STRING_H 1
| #define HAVE_MEMORY_H 1
| #define HAVE_STRINGS_H 1
| #define HAVE_INTTYPES_H 1
| #define HAVE_STDINT_H 1
| #define HAVE_UNISTD_H 1
| #define HAVE_DLFCN_H 1
| /* end confdefs.h.  */
| #include <ac_nonexistent.h>
configure:6347: checking for i386-redhat-linux-g77
configure:6377: result: no
configure:6347: checking for i386-redhat-linux-xlf
configure:6377: result: no
configure:6347: checking for i386-redhat-linux-f77
configure:6377: result: no
configure:6347: checking for i386-redhat-linux-frt
configure:6377: result: no
configure:6347: checking for i386-redhat-linux-pgf77
configure:6377: result: no
configure:6347: checking for i386-redhat-linux-cf77
configure:6377: result: no
configure:6347: checking for i386-redhat-linux-fort77
configure:6377: result: no
configure:6347: checking for i386-redhat-linux-fl32
configure:6377: result: no
configure:6347: checking for i386-redhat-linux-af77
configure:6377: result: no
configure:6347: checking for i386-redhat-linux-xlf90
configure:6377: result: no
configure:6347: checking for i386-redhat-linux-f90
configure:6377: result: no
configure:6347: checking for i386-redhat-linux-pgf90
configure:6377: result: no
configure:6347: checking for i386-redhat-linux-pghpf
configure:6377: result: no
configure:6347: checking for i386-redhat-linux-epcf90
configure:6377: result: no
configure:6347: checking for i386-redhat-linux-gfortran
configure:6377: result: no
configure:6347: checking for i386-redhat-linux-g95
configure:6377: result: no
configure:6347: checking for i386-redhat-linux-xlf95
configure:6377: result: no
configure:6347: checking for i386-redhat-linux-f95
configure:6377: result: no
configure:6347: checking for i386-redhat-linux-fort
configure:6377: result: no
configure:6347: checking for i386-redhat-linux-ifort
configure:6377: result: no
configure:6347: checking for i386-redhat-linux-ifc
configure:6377: result: no
configure:6347: checking for i386-redhat-linux-efc
configure:6377: result: no
configure:6347: checking for i386-redhat-linux-pgf95
configure:6377: result: no
configure:6347: checking for i386-redhat-linux-lf95
configure:6377: result: no
configure:6347: checking for i386-redhat-linux-ftn
configure:6377: result: no
configure:6391: checking for g77
configure:6407: found /usr/bin/g77
configure:6418: result: g77
configure:6448: checking for Fortran 77 compiler version
configure:6455: g77 --version >&5
GNU Fortran (GCC) 3.4.3 20041212 (Red Hat 3.4.3-9.EL4)
Copyright (C) 2004 Free Software Foundation, Inc.

GNU Fortran comes with NO WARRANTY, to the extent permitted by law.
You may redistribute copies of GNU Fortran
under the terms of the GNU General Public License.
For more information about these matters, see the file named COPYING
or type the command `info -f g77 Copying'.
configure:6458: $? = 0
configure:6465: g77 -v >&5
Reading specs from /usr/lib/gcc/i386-redhat-linux/3.4.3/specs
Configured with: ../configure --prefix=/usr --mandir=/usr/share/man --infodir=/usr/share/info --enable-shared --enable-threads=posix --disable-checking --with-system-zlib --enable-__cxa_atexit --disable-libunwind-exceptions --enable-java-awt=gtk --host=i386-redhat-linux
Thread model: posix
gcc version 3.4.3 20041212 (Red Hat 3.4.3-9.EL4)
configure:6468: $? = 0
configure:6475: g77 -V >&5
g77: `-V' option must have argument
configure:6478: $? = 1
configure:6486: checking whether we are using the GNU Fortran 77 compiler
configure:6505: g77 -c  conftest.F >&5
configure:6511: $? = 0
configure:6528: result: yes
configure:6534: checking whether g77 accepts -g
configure:6551: g77 -c -g conftest.f >&5
configure:6557: $? = 0
configure:6573: result: yes
configure:6602: checking the maximum length of command line arguments
configure:6714: result: 98304
configure:6726: checking command to parse /usr/bin/nm -B output from i386-redhat-linux-gcc object
configure:6831: i386-redhat-linux-gcc -c -O2 -I/home/yangxu/tplink/lantiq_lettuce/tpbsp/lantiq/staging_dir/host/include -O2 -I/home/yangxu/tplink/lantiq_lettuce/tpbsp/lantiq/staging_dir/host/include conftest.c >&5
configure:6834: $? = 0
configure:6838: /usr/bin/nm -B conftest.o \| sed -n -e 's/^.*[ 	]\([ABCDGIRSTW][ABCDGIRSTW]*\)[ 	][ 	]*\([_A-Za-z][_A-Za-z0-9]*\)$/\1 \2 \2/p' \> conftest.nm
configure:6841: $? = 0
configure:6893: i386-redhat-linux-gcc -o conftest -O2 -I/home/yangxu/tplink/lantiq_lettuce/tpbsp/lantiq/staging_dir/host/include -O2 -I/home/yangxu/tplink/lantiq_lettuce/tpbsp/lantiq/staging_dir/host/include -L/home/yangxu/tplink/lantiq_lettuce/tpbsp/lantiq/staging_dir/host/lib conftest.c conftstm.o >&5
configure:6896: $? = 0
configure:6934: result: ok
configure:6938: checking for objdir
configure:6953: result: .libs
configure:7005: checking for i386-redhat-linux-ar
configure:7035: result: no
configure:7045: checking for ar
configure:7061: found /usr/bin/ar
configure:7072: result: ar
configure:7101: checking for i386-redhat-linux-ranlib
configure:7131: result: no
configure:7141: checking for ranlib
configure:7157: found /usr/bin/ranlib
configure:7168: result: ranlib
configure:7197: checking for i386-redhat-linux-strip
configure:7227: result: no
configure:7237: checking for strip
configure:7253: found /usr/bin/strip
configure:7264: result: strip
configure:7866: checking if i386-redhat-linux-gcc supports -fno-rtti -fno-exceptions
configure:7884: i386-redhat-linux-gcc -c -O2 -I/home/yangxu/tplink/lantiq_lettuce/tpbsp/lantiq/staging_dir/host/include -O2 -I/home/yangxu/tplink/lantiq_lettuce/tpbsp/lantiq/staging_dir/host/include -fno-rtti -fno-exceptions conftest.c >&5
cc1: warning: command line option "-fno-rtti" is valid for C++/ObjC++ but not for C
configure:7888: $? = 0
configure:7901: result: no
configure:7916: checking for i386-redhat-linux-gcc option to produce PIC
configure:8148: result: -fPIC
configure:8156: checking if i386-redhat-linux-gcc PIC flag -fPIC works
configure:8174: i386-redhat-linux-gcc -c -O2 -I/home/yangxu/tplink/lantiq_lettuce/tpbsp/lantiq/staging_dir/host/include -O2 -I/home/yangxu/tplink/lantiq_lettuce/tpbsp/lantiq/staging_dir/host/include -fPIC -DPIC conftest.c >&5
configure:8178: $? = 0
configure:8191: result: yes
configure:8219: checking if i386-redhat-linux-gcc static flag -static works
configure:8247: result: yes
configure:8257: checking if i386-redhat-linux-gcc supports -c -o file.o
configure:8278: i386-redhat-linux-gcc -c -O2 -I/home/yangxu/tplink/lantiq_lettuce/tpbsp/lantiq/staging_dir/host/include -O2 -I/home/yangxu/tplink/lantiq_lettuce/tpbsp/lantiq/staging_dir/host/include -o out/conftest2.o conftest.c >&5
configure:8282: $? = 0
configure:8304: result: yes
configure:8330: checking whether the i386-redhat-linux-gcc linker (/usr/bin/ld) supports shared libraries
configure:9310: result: yes
configure:9331: checking whether -lc should be explicitly linked in
configure:9336: i386-redhat-linux-gcc -c -O2 -I/home/yangxu/tplink/lantiq_lettuce/tpbsp/lantiq/staging_dir/host/include -O2 -I/home/yangxu/tplink/lantiq_lettuce/tpbsp/lantiq/staging_dir/host/include conftest.c >&5
configure:9339: $? = 0
configure:9354: i386-redhat-linux-gcc -shared conftest.o  -v -Wl,-soname -Wl,conftest -o conftest 2\>\&1 \| grep  -lc  \>/dev/null 2\>\&1
configure:9357: $? = 0
configure:9369: result: no
configure:9377: checking dynamic linker characteristics
configure:9979: result: GNU/Linux ld.so
configure:10003: checking how to hardcode library paths into programs
configure:10028: result: immediate
configure:10042: checking whether stripping libraries is possible
configure:10047: result: yes
configure:10849: checking if libtool supports shared libraries
configure:10851: result: yes
configure:10854: checking whether to build shared libraries
configure:10875: result: yes
configure:10878: checking whether to build static libraries
configure:10882: result: yes
configure:10976: creating libtool
configure:11569: checking for ld used by i386-redhat-linux-g++
configure:11636: result: /usr/bin/ld
configure:11645: checking if the linker (/usr/bin/ld) is GNU ld
configure:11660: result: yes
configure:11711: checking whether the i386-redhat-linux-g++ linker (/usr/bin/ld) supports shared libraries
configure:12657: result: yes
configure:12678: i386-redhat-linux-g++ -c -g -O2 -O2 -I/home/yangxu/tplink/lantiq_lettuce/tpbsp/lantiq/staging_dir/host/include conftest.cpp >&5
configure:12681: $? = 0
configure:12837: checking for i386-redhat-linux-g++ option to produce PIC
configure:13121: result: -fPIC
configure:13129: checking if i386-redhat-linux-g++ PIC flag -fPIC works
configure:13147: i386-redhat-linux-g++ -c -g -O2 -O2 -I/home/yangxu/tplink/lantiq_lettuce/tpbsp/lantiq/staging_dir/host/include -fPIC -DPIC conftest.cpp >&5
configure:13151: $? = 0
configure:13164: result: yes
configure:13192: checking if i386-redhat-linux-g++ static flag -static works
configure:13220: result: yes
configure:13230: checking if i386-redhat-linux-g++ supports -c -o file.o
configure:13251: i386-redhat-linux-g++ -c -g -O2 -O2 -I/home/yangxu/tplink/lantiq_lettuce/tpbsp/lantiq/staging_dir/host/include -o out/conftest2.o conftest.cpp >&5
configure:13255: $? = 0
configure:13277: result: yes
configure:13303: checking whether the i386-redhat-linux-g++ linker (/usr/bin/ld) supports shared libraries
configure:13329: result: yes
configure:13396: checking dynamic linker characteristics
configure:13946: result: GNU/Linux ld.so
configure:13970: checking how to hardcode library paths into programs
configure:13995: result: immediate
configure:14534: checking if libtool supports shared libraries
configure:14536: result: yes
configure:14539: checking whether to build shared libraries
configure:14559: result: yes
configure:14562: checking whether to build static libraries
configure:14566: result: yes
configure:14576: checking for g77 option to produce PIC
configure:14808: result: -fPIC
configure:14816: checking if g77 PIC flag -fPIC works
configure:14834: g77 -c -g -O2 -fPIC conftest.f >&5
configure:14838: $? = 0
configure:14851: result: yes
configure:14879: checking if g77 static flag -static works
configure:14907: result: yes
configure:14917: checking if g77 supports -c -o file.o
configure:14938: g77 -c -g -O2 -o out/conftest2.o conftest.f >&5
configure:14942: $? = 0
configure:14964: result: yes
configure:14990: checking whether the g77 linker (/usr/bin/ld) supports shared libraries
configure:15950: result: yes
configure:16017: checking dynamic linker characteristics
configure:16567: result: GNU/Linux ld.so
configure:16591: checking how to hardcode library paths into programs
configure:16616: result: immediate
configure:20230: checking for dirent.h that defines DIR
configure:20259: i386-redhat-linux-gcc -c -O2 -I/home/yangxu/tplink/lantiq_lettuce/tpbsp/lantiq/staging_dir/host/include -O2 -I/home/yangxu/tplink/lantiq_lettuce/tpbsp/lantiq/staging_dir/host/include conftest.c >&5
configure:20265: $? = 0
configure:20281: result: yes
configure:20294: checking for library containing opendir
configure:20335: i386-redhat-linux-gcc -o conftest -O2 -I/home/yangxu/tplink/lantiq_lettuce/tpbsp/lantiq/staging_dir/host/include -O2 -I/home/yangxu/tplink/lantiq_lettuce/tpbsp/lantiq/staging_dir/host/include -L/home/yangxu/tplink/lantiq_lettuce/tpbsp/lantiq/staging_dir/host/lib conftest.c  >&5
configure:20341: $? = 0
configure:20369: result: none required
configure:20487: checking which extension is used for loadable modules
configure:20497: result: .so
configure:20508: checking which variable specifies run-time library path
configure:20515: result: LD_LIBRARY_PATH
configure:20526: checking for the default library search path
configure:20533: result: /lib /usr/lib /usr/lib/mysql /usr/lib/mysql /usr/lib/qt-3.3/lib /usr/X11R6/lib 
configure:20551: checking for objdir
configure:20572: result: .libs
configure:20581: checking whether libtool supports -dlopen/-dlpreopen
configure:20593: result: yes
configure:20612: checking for shl_load
configure:20668: i386-redhat-linux-gcc -o conftest -O2 -I/home/yangxu/tplink/lantiq_lettuce/tpbsp/lantiq/staging_dir/host/include -O2 -I/home/yangxu/tplink/lantiq_lettuce/tpbsp/lantiq/staging_dir/host/include -L/home/yangxu/tplink/lantiq_lettuce/tpbsp/lantiq/staging_dir/host/lib conftest.c  >&5
/tmp/ccyAPKSM.o(.text+0xd): In function `main':
: undefined reference to `shl_load'
collect2: ld returned 1 exit status
configure:20674: $? = 1
configure: failed program was:
| /* confdefs.h.  */
| #define PACKAGE_NAME "libltdl"
| #define PACKAGE_TARNAME "libltdl"
| #define PACKAGE_VERSION "1.2"
| #define PACKAGE_STRING "libltdl 1.2"
| #define PACKAGE_BUGREPORT "bug-libtool@gnu.org"
| #define STDC_HEADERS 1
| #define HAVE_SYS_TYPES_H 1
| #define HAVE_SYS_STAT_H 1
| #define HAVE_STDLIB_H 1
| #define HAVE_STRING_H 1
| #define HAVE_MEMORY_H 1
| #define HAVE_STRINGS_H 1
| #define HAVE_INTTYPES_H 1
| #define HAVE_STDINT_H 1
| #define HAVE_UNISTD_H 1
| #define HAVE_DLFCN_H 1
| #define HAVE_DIRENT_H 1
| #define LTDL_SHLIB_EXT ".so"
| #define LTDL_SHLIBPATH_VAR "LD_LIBRARY_PATH"
| #define LTDL_SYSSEARCHPATH "/lib:/usr/lib:/usr/lib/mysql:/usr/lib/mysql:/usr/lib/qt-3.3/lib:/usr/X11R6/lib"
| #define LTDL_OBJDIR ".libs/"
| #define HAVE_PRELOADED_SYMBOLS 1
| /* end confdefs.h.  */
| /* Define shl_load to an innocuous variant, in case <limits.h> declares shl_load.
|    For example, HP-UX 11i <limits.h> declares gettimeofday.  */
| #define shl_load innocuous_shl_load
| 
| /* System header to define __stub macros and hopefully few prototypes,
|     which can conflict with char shl_load (); below.
|     Prefer <limits.h> to <assert.h> if __STDC__ is defined, since
|     <limits.h> exists even on freestanding compilers.  */
| 
| #ifdef __STDC__
| # include <limits.h>
| #else
| # include <assert.h>
| #endif
| 
| #undef shl_load
| 
| /* Override any GCC internal prototype to avoid an error.
|    Use char because int might match the return type of a GCC
|    builtin and then its argument prototype would still apply.  */
| #ifdef __cplusplus
| extern "C"
| #endif
| char shl_load ();
| /* The GNU C library defines this for functions which it implements
|     to always fail with ENOSYS.  Some functions are actually named
|     something starting with __ and the normal name is an alias.  */
| #if defined __stub_shl_load || defined __stub___shl_load
| choke me
| #endif
| 
| int
| main ()
| {
| return shl_load ();
|   ;
|   return 0;
| }
configure:20691: result: no
configure:20700: checking for shl_load in -ldld
configure:20735: i386-redhat-linux-gcc -o conftest -O2 -I/home/yangxu/tplink/lantiq_lettuce/tpbsp/lantiq/staging_dir/host/include -O2 -I/home/yangxu/tplink/lantiq_lettuce/tpbsp/lantiq/staging_dir/host/include -L/home/yangxu/tplink/lantiq_lettuce/tpbsp/lantiq/staging_dir/host/lib conftest.c -ldld   >&5
/usr/bin/ld: cannot find -ldld
collect2: ld returned 1 exit status
configure:20741: $? = 1
configure: failed program was:
| /* confdefs.h.  */
| #define PACKAGE_NAME "libltdl"
| #define PACKAGE_TARNAME "libltdl"
| #define PACKAGE_VERSION "1.2"
| #define PACKAGE_STRING "libltdl 1.2"
| #define PACKAGE_BUGREPORT "bug-libtool@gnu.org"
| #define STDC_HEADERS 1
| #define HAVE_SYS_TYPES_H 1
| #define HAVE_SYS_STAT_H 1
| #define HAVE_STDLIB_H 1
| #define HAVE_STRING_H 1
| #define HAVE_MEMORY_H 1
| #define HAVE_STRINGS_H 1
| #define HAVE_INTTYPES_H 1
| #define HAVE_STDINT_H 1
| #define HAVE_UNISTD_H 1
| #define HAVE_DLFCN_H 1
| #define HAVE_DIRENT_H 1
| #define LTDL_SHLIB_EXT ".so"
| #define LTDL_SHLIBPATH_VAR "LD_LIBRARY_PATH"
| #define LTDL_SYSSEARCHPATH "/lib:/usr/lib:/usr/lib/mysql:/usr/lib/mysql:/usr/lib/qt-3.3/lib:/usr/X11R6/lib"
| #define LTDL_OBJDIR ".libs/"
| #define HAVE_PRELOADED_SYMBOLS 1
| /* end confdefs.h.  */
| 
| /* Override any GCC internal prototype to avoid an error.
|    Use char because int might match the return type of a GCC
|    builtin and then its argument prototype would still apply.  */
| #ifdef __cplusplus
| extern "C"
| #endif
| char shl_load ();
| int
| main ()
| {
| return shl_load ();
|   ;
|   return 0;
| }
configure:20759: result: no
configure:20769: checking for dlopen in -ldl
configure:20804: i386-redhat-linux-gcc -o conftest -O2 -I/home/yangxu/tplink/lantiq_lettuce/tpbsp/lantiq/staging_dir/host/include -O2 -I/home/yangxu/tplink/lantiq_lettuce/tpbsp/lantiq/staging_dir/host/include -L/home/yangxu/tplink/lantiq_lettuce/tpbsp/lantiq/staging_dir/host/lib conftest.c -ldl   >&5
configure:20810: $? = 0
configure:20828: result: yes
configure:21139: checking for dlerror
configure:21195: i386-redhat-linux-gcc -o conftest -O2 -I/home/yangxu/tplink/lantiq_lettuce/tpbsp/lantiq/staging_dir/host/include -O2 -I/home/yangxu/tplink/lantiq_lettuce/tpbsp/lantiq/staging_dir/host/include -L/home/yangxu/tplink/lantiq_lettuce/tpbsp/lantiq/staging_dir/host/lib conftest.c  -ldl >&5
configure:21201: $? = 0
configure:21219: result: yes
configure:21239: checking for _ prefix in compiled symbols
configure:21249: i386-redhat-linux-gcc -c -O2 -I/home/yangxu/tplink/lantiq_lettuce/tpbsp/lantiq/staging_dir/host/include -O2 -I/home/yangxu/tplink/lantiq_lettuce/tpbsp/lantiq/staging_dir/host/include conftest.c >&5
configure:21252: $? = 0
configure:21256: /usr/bin/nm -B conftest.o \| sed -n -e 's/^.*[ 	]\([ABCDGIRSTW][ABCDGIRSTW]*\)[ 	][ 	]*\([_A-Za-z][_A-Za-z0-9]*\)$/\1 \2 \2/p' \> conftest.nm
configure:21259: $? = 0
configure:21281: result: no
configure:21401: checking whether deplibs are loaded by dlopen
configure:21485: result: yes
configure:21510: checking argz.h usability
configure:21527: i386-redhat-linux-gcc -c -O2 -I/home/yangxu/tplink/lantiq_lettuce/tpbsp/lantiq/staging_dir/host/include -O2 -I/home/yangxu/tplink/lantiq_lettuce/tpbsp/lantiq/staging_dir/host/include conftest.c >&5
configure:21533: $? = 0
configure:21547: result: yes
configure:21551: checking argz.h presence
configure:21566: i386-redhat-linux-gcc -E -O2 -I/home/yangxu/tplink/lantiq_lettuce/tpbsp/lantiq/staging_dir/host/include conftest.c
configure:21572: $? = 0
configure:21586: result: yes
configure:21619: checking for argz.h
configure:21627: result: yes
configure:21641: checking for error_t
configure:21674: i386-redhat-linux-gcc -c -O2 -I/home/yangxu/tplink/lantiq_lettuce/tpbsp/lantiq/staging_dir/host/include -O2 -I/home/yangxu/tplink/lantiq_lettuce/tpbsp/lantiq/staging_dir/host/include conftest.c >&5
configure:21680: $? = 0
configure:21695: result: yes
configure:21721: checking for argz_append
configure:21777: i386-redhat-linux-gcc -o conftest -O2 -I/home/yangxu/tplink/lantiq_lettuce/tpbsp/lantiq/staging_dir/host/include -O2 -I/home/yangxu/tplink/lantiq_lettuce/tpbsp/lantiq/staging_dir/host/include -L/home/yangxu/tplink/lantiq_lettuce/tpbsp/lantiq/staging_dir/host/lib conftest.c  >&5
configure:21783: $? = 0
configure:21801: result: yes
configure:21721: checking for argz_create_sep
configure:21777: i386-redhat-linux-gcc -o conftest -O2 -I/home/yangxu/tplink/lantiq_lettuce/tpbsp/lantiq/staging_dir/host/include -O2 -I/home/yangxu/tplink/lantiq_lettuce/tpbsp/lantiq/staging_dir/host/include -L/home/yangxu/tplink/lantiq_lettuce/tpbsp/lantiq/staging_dir/host/lib conftest.c  >&5
configure:21783: $? = 0
configure:21801: result: yes
configure:21721: checking for argz_insert
configure:21777: i386-redhat-linux-gcc -o conftest -O2 -I/home/yangxu/tplink/lantiq_lettuce/tpbsp/lantiq/staging_dir/host/include -O2 -I/home/yangxu/tplink/lantiq_lettuce/tpbsp/lantiq/staging_dir/host/include -L/home/yangxu/tplink/lantiq_lettuce/tpbsp/lantiq/staging_dir/host/lib conftest.c  >&5
configure:21783: $? = 0
configure:21801: result: yes
configure:21721: checking for argz_next
configure:21777: i386-redhat-linux-gcc -o conftest -O2 -I/home/yangxu/tplink/lantiq_lettuce/tpbsp/lantiq/staging_dir/host/include -O2 -I/home/yangxu/tplink/lantiq_lettuce/tpbsp/lantiq/staging_dir/host/include -L/home/yangxu/tplink/lantiq_lettuce/tpbsp/lantiq/staging_dir/host/lib conftest.c  >&5
configure:21783: $? = 0
configure:21801: result: yes
configure:21721: checking for argz_stringify
configure:21777: i386-redhat-linux-gcc -o conftest -O2 -I/home/yangxu/tplink/lantiq_lettuce/tpbsp/lantiq/staging_dir/host/include -O2 -I/home/yangxu/tplink/lantiq_lettuce/tpbsp/lantiq/staging_dir/host/include -L/home/yangxu/tplink/lantiq_lettuce/tpbsp/lantiq/staging_dir/host/lib conftest.c  >&5
configure:21783: $? = 0
configure:21801: result: yes
configure:21853: checking assert.h usability
configure:21870: i386-redhat-linux-gcc -c -O2 -I/home/yangxu/tplink/lantiq_lettuce/tpbsp/lantiq/staging_dir/host/include -O2 -I/home/yangxu/tplink/lantiq_lettuce/tpbsp/lantiq/staging_dir/host/include conftest.c >&5
configure:21876: $? = 0
configure:21890: result: yes
configure:21894: checking assert.h presence
configure:21909: i386-redhat-linux-gcc -E -O2 -I/home/yangxu/tplink/lantiq_lettuce/tpbsp/lantiq/staging_dir/host/include conftest.c
configure:21915: $? = 0
configure:21929: result: yes
configure:21962: checking for assert.h
configure:21970: result: yes
configure:21853: checking ctype.h usability
configure:21870: i386-redhat-linux-gcc -c -O2 -I/home/yangxu/tplink/lantiq_lettuce/tpbsp/lantiq/staging_dir/host/include -O2 -I/home/yangxu/tplink/lantiq_lettuce/tpbsp/lantiq/staging_dir/host/include conftest.c >&5
configure:21876: $? = 0
configure:21890: result: yes
configure:21894: checking ctype.h presence
configure:21909: i386-redhat-linux-gcc -E -O2 -I/home/yangxu/tplink/lantiq_lettuce/tpbsp/lantiq/staging_dir/host/include conftest.c
configure:21915: $? = 0
configure:21929: result: yes
configure:21962: checking for ctype.h
configure:21970: result: yes
configure:21853: checking errno.h usability
configure:21870: i386-redhat-linux-gcc -c -O2 -I/home/yangxu/tplink/lantiq_lettuce/tpbsp/lantiq/staging_dir/host/include -O2 -I/home/yangxu/tplink/lantiq_lettuce/tpbsp/lantiq/staging_dir/host/include conftest.c >&5
configure:21876: $? = 0
configure:21890: result: yes
configure:21894: checking errno.h presence
configure:21909: i386-redhat-linux-gcc -E -O2 -I/home/yangxu/tplink/lantiq_lettuce/tpbsp/lantiq/staging_dir/host/include conftest.c
configure:21915: $? = 0
configure:21929: result: yes
configure:21962: checking for errno.h
configure:21970: result: yes
configure:21853: checking malloc.h usability
configure:21870: i386-redhat-linux-gcc -c -O2 -I/home/yangxu/tplink/lantiq_lettuce/tpbsp/lantiq/staging_dir/host/include -O2 -I/home/yangxu/tplink/lantiq_lettuce/tpbsp/lantiq/staging_dir/host/include conftest.c >&5
configure:21876: $? = 0
configure:21890: result: yes
configure:21894: checking malloc.h presence
configure:21909: i386-redhat-linux-gcc -E -O2 -I/home/yangxu/tplink/lantiq_lettuce/tpbsp/lantiq/staging_dir/host/include conftest.c
configure:21915: $? = 0
configure:21929: result: yes
configure:21962: checking for malloc.h
configure:21970: result: yes
configure:21843: checking for memory.h
configure:21849: result: yes
configure:21843: checking for stdlib.h
configure:21849: result: yes
configure:21853: checking stdio.h usability
configure:21870: i386-redhat-linux-gcc -c -O2 -I/home/yangxu/tplink/lantiq_lettuce/tpbsp/lantiq/staging_dir/host/include -O2 -I/home/yangxu/tplink/lantiq_lettuce/tpbsp/lantiq/staging_dir/host/include conftest.c >&5
configure:21876: $? = 0
configure:21890: result: yes
configure:21894: checking stdio.h presence
configure:21909: i386-redhat-linux-gcc -E -O2 -I/home/yangxu/tplink/lantiq_lettuce/tpbsp/lantiq/staging_dir/host/include conftest.c
configure:21915: $? = 0
configure:21929: result: yes
configure:21962: checking for stdio.h
configure:21970: result: yes
configure:21843: checking for unistd.h
configure:21849: result: yes
configure:22001: checking dl.h usability
configure:22018: i386-redhat-linux-gcc -c -O2 -I/home/yangxu/tplink/lantiq_lettuce/tpbsp/lantiq/staging_dir/host/include -O2 -I/home/yangxu/tplink/lantiq_lettuce/tpbsp/lantiq/staging_dir/host/include conftest.c >&5
conftest.c:75:16: dl.h: No such file or directory
configure:22024: $? = 1
configure: failed program was:
| /* confdefs.h.  */
| #define PACKAGE_NAME "libltdl"
| #define PACKAGE_TARNAME "libltdl"
| #define PACKAGE_VERSION "1.2"
| #define PACKAGE_STRING "libltdl 1.2"
| #define PACKAGE_BUGREPORT "bug-libtool@gnu.org"
| #define STDC_HEADERS 1
| #define HAVE_SYS_TYPES_H 1
| #define HAVE_SYS_STAT_H 1
| #define HAVE_STDLIB_H 1
| #define HAVE_STRING_H 1
| #define HAVE_MEMORY_H 1
| #define HAVE_STRINGS_H 1
| #define HAVE_INTTYPES_H 1
| #define HAVE_STDINT_H 1
| #define HAVE_UNISTD_H 1
| #define HAVE_DLFCN_H 1
| #define HAVE_DIRENT_H 1
| #define LTDL_SHLIB_EXT ".so"
| #define LTDL_SHLIBPATH_VAR "LD_LIBRARY_PATH"
| #define LTDL_SYSSEARCHPATH "/lib:/usr/lib:/usr/lib/mysql:/usr/lib/mysql:/usr/lib/qt-3.3/lib:/usr/X11R6/lib"
| #define LTDL_OBJDIR ".libs/"
| #define HAVE_PRELOADED_SYMBOLS 1
| #define HAVE_LIBDL 1
| #define HAVE_DLERROR 1
| #define HAVE_ARGZ_H 1
| #define HAVE_ERROR_T 1
| #define HAVE_ARGZ_APPEND 1
| #define HAVE_ARGZ_CREATE_SEP 1
| #define HAVE_ARGZ_INSERT 1
| #define HAVE_ARGZ_NEXT 1
| #define HAVE_ARGZ_STRINGIFY 1
| #define HAVE_ASSERT_H 1
| #define HAVE_CTYPE_H 1
| #define HAVE_ERRNO_H 1
| #define HAVE_MALLOC_H 1
| #define HAVE_MEMORY_H 1
| #define HAVE_STDLIB_H 1
| #define HAVE_STDIO_H 1
| #define HAVE_UNISTD_H 1
| /* end confdefs.h.  */
| #include <stdio.h>
| #ifdef HAVE_SYS_TYPES_H
| # include <sys/types.h>
| #endif
| #ifdef HAVE_SYS_STAT_H
| # include <sys/stat.h>
| #endif
| #ifdef STDC_HEADERS
| # include <stdlib.h>
| # include <stddef.h>
| #else
| # ifdef HAVE_STDLIB_H
| #  include <stdlib.h>
| # endif
| #endif
| #ifdef HAVE_STRING_H
| # if !defined STDC_HEADERS && defined HAVE_MEMORY_H
| #  include <memory.h>
| # endif
| # include <string.h>
| #endif
| #ifdef HAVE_STRINGS_H
| # include <strings.h>
| #endif
| #ifdef HAVE_INTTYPES_H
| # include <inttypes.h>
| #endif
| #ifdef HAVE_STDINT_H
| # include <stdint.h>
| #endif
| #ifdef HAVE_UNISTD_H
| # include <unistd.h>
| #endif
| #include <dl.h>
configure:22038: result: no
configure:22042: checking dl.h presence
configure:22057: i386-redhat-linux-gcc -E -O2 -I/home/yangxu/tplink/lantiq_lettuce/tpbsp/lantiq/staging_dir/host/include conftest.c
conftest.c:42:16: dl.h: No such file or directory
configure:22063: $? = 1
configure: failed program was:
| /* confdefs.h.  */
| #define PACKAGE_NAME "libltdl"
| #define PACKAGE_TARNAME "libltdl"
| #define PACKAGE_VERSION "1.2"
| #define PACKAGE_STRING "libltdl 1.2"
| #define PACKAGE_BUGREPORT "bug-libtool@gnu.org"
| #define STDC_HEADERS 1
| #define HAVE_SYS_TYPES_H 1
| #define HAVE_SYS_STAT_H 1
| #define HAVE_STDLIB_H 1
| #define HAVE_STRING_H 1
| #define HAVE_MEMORY_H 1
| #define HAVE_STRINGS_H 1
| #define HAVE_INTTYPES_H 1
| #define HAVE_STDINT_H 1
| #define HAVE_UNISTD_H 1
| #define HAVE_DLFCN_H 1
| #define HAVE_DIRENT_H 1
| #define LTDL_SHLIB_EXT ".so"
| #define LTDL_SHLIBPATH_VAR "LD_LIBRARY_PATH"
| #define LTDL_SYSSEARCHPATH "/lib:/usr/lib:/usr/lib/mysql:/usr/lib/mysql:/usr/lib/qt-3.3/lib:/usr/X11R6/lib"
| #define LTDL_OBJDIR ".libs/"
| #define HAVE_PRELOADED_SYMBOLS 1
| #define HAVE_LIBDL 1
| #define HAVE_DLERROR 1
| #define HAVE_ARGZ_H 1
| #define HAVE_ERROR_T 1
| #define HAVE_ARGZ_APPEND 1
| #define HAVE_ARGZ_CREATE_SEP 1
| #define HAVE_ARGZ_INSERT 1
| #define HAVE_ARGZ_NEXT 1
| #define HAVE_ARGZ_STRINGIFY 1
| #define HAVE_ASSERT_H 1
| #define HAVE_CTYPE_H 1
| #define HAVE_ERRNO_H 1
| #define HAVE_MALLOC_H 1
| #define HAVE_MEMORY_H 1
| #define HAVE_STDLIB_H 1
| #define HAVE_STDIO_H 1
| #define HAVE_UNISTD_H 1
| /* end confdefs.h.  */
| #include <dl.h>
configure:22077: result: no
configure:22110: checking for dl.h
configure:22118: result: no
configure:22001: checking sys/dl.h usability
configure:22018: i386-redhat-linux-gcc -c -O2 -I/home/yangxu/tplink/lantiq_lettuce/tpbsp/lantiq/staging_dir/host/include -O2 -I/home/yangxu/tplink/lantiq_lettuce/tpbsp/lantiq/staging_dir/host/include conftest.c >&5
conftest.c:75:20: sys/dl.h: No such file or directory
configure:22024: $? = 1
configure: failed program was:
| /* confdefs.h.  */
| #define PACKAGE_NAME "libltdl"
| #define PACKAGE_TARNAME "libltdl"
| #define PACKAGE_VERSION "1.2"
| #define PACKAGE_STRING "libltdl 1.2"
| #define PACKAGE_BUGREPORT "bug-libtool@gnu.org"
| #define STDC_HEADERS 1
| #define HAVE_SYS_TYPES_H 1
| #define HAVE_SYS_STAT_H 1
| #define HAVE_STDLIB_H 1
| #define HAVE_STRING_H 1
| #define HAVE_MEMORY_H 1
| #define HAVE_STRINGS_H 1
| #define HAVE_INTTYPES_H 1
| #define HAVE_STDINT_H 1
| #define HAVE_UNISTD_H 1
| #define HAVE_DLFCN_H 1
| #define HAVE_DIRENT_H 1
| #define LTDL_SHLIB_EXT ".so"
| #define LTDL_SHLIBPATH_VAR "LD_LIBRARY_PATH"
| #define LTDL_SYSSEARCHPATH "/lib:/usr/lib:/usr/lib/mysql:/usr/lib/mysql:/usr/lib/qt-3.3/lib:/usr/X11R6/lib"
| #define LTDL_OBJDIR ".libs/"
| #define HAVE_PRELOADED_SYMBOLS 1
| #define HAVE_LIBDL 1
| #define HAVE_DLERROR 1
| #define HAVE_ARGZ_H 1
| #define HAVE_ERROR_T 1
| #define HAVE_ARGZ_APPEND 1
| #define HAVE_ARGZ_CREATE_SEP 1
| #define HAVE_ARGZ_INSERT 1
| #define HAVE_ARGZ_NEXT 1
| #define HAVE_ARGZ_STRINGIFY 1
| #define HAVE_ASSERT_H 1
| #define HAVE_CTYPE_H 1
| #define HAVE_ERRNO_H 1
| #define HAVE_MALLOC_H 1
| #define HAVE_MEMORY_H 1
| #define HAVE_STDLIB_H 1
| #define HAVE_STDIO_H 1
| #define HAVE_UNISTD_H 1
| /* end confdefs.h.  */
| #include <stdio.h>
| #ifdef HAVE_SYS_TYPES_H
| # include <sys/types.h>
| #endif
| #ifdef HAVE_SYS_STAT_H
| # include <sys/stat.h>
| #endif
| #ifdef STDC_HEADERS
| # include <stdlib.h>
| # include <stddef.h>
| #else
| # ifdef HAVE_STDLIB_H
| #  include <stdlib.h>
| # endif
| #endif
| #ifdef HAVE_STRING_H
| # if !defined STDC_HEADERS && defined HAVE_MEMORY_H
| #  include <memory.h>
| # endif
| # include <string.h>
| #endif
| #ifdef HAVE_STRINGS_H
| # include <strings.h>
| #endif
| #ifdef HAVE_INTTYPES_H
| # include <inttypes.h>
| #endif
| #ifdef HAVE_STDINT_H
| # include <stdint.h>
| #endif
| #ifdef HAVE_UNISTD_H
| # include <unistd.h>
| #endif
| #include <sys/dl.h>
configure:22038: result: no
configure:22042: checking sys/dl.h presence
configure:22057: i386-redhat-linux-gcc -E -O2 -I/home/yangxu/tplink/lantiq_lettuce/tpbsp/lantiq/staging_dir/host/include conftest.c
conftest.c:42:20: sys/dl.h: No such file or directory
configure:22063: $? = 1
configure: failed program was:
| /* confdefs.h.  */
| #define PACKAGE_NAME "libltdl"
| #define PACKAGE_TARNAME "libltdl"
| #define PACKAGE_VERSION "1.2"
| #define PACKAGE_STRING "libltdl 1.2"
| #define PACKAGE_BUGREPORT "bug-libtool@gnu.org"
| #define STDC_HEADERS 1
| #define HAVE_SYS_TYPES_H 1
| #define HAVE_SYS_STAT_H 1
| #define HAVE_STDLIB_H 1
| #define HAVE_STRING_H 1
| #define HAVE_MEMORY_H 1
| #define HAVE_STRINGS_H 1
| #define HAVE_INTTYPES_H 1
| #define HAVE_STDINT_H 1
| #define HAVE_UNISTD_H 1
| #define HAVE_DLFCN_H 1
| #define HAVE_DIRENT_H 1
| #define LTDL_SHLIB_EXT ".so"
| #define LTDL_SHLIBPATH_VAR "LD_LIBRARY_PATH"
| #define LTDL_SYSSEARCHPATH "/lib:/usr/lib:/usr/lib/mysql:/usr/lib/mysql:/usr/lib/qt-3.3/lib:/usr/X11R6/lib"
| #define LTDL_OBJDIR ".libs/"
| #define HAVE_PRELOADED_SYMBOLS 1
| #define HAVE_LIBDL 1
| #define HAVE_DLERROR 1
| #define HAVE_ARGZ_H 1
| #define HAVE_ERROR_T 1
| #define HAVE_ARGZ_APPEND 1
| #define HAVE_ARGZ_CREATE_SEP 1
| #define HAVE_ARGZ_INSERT 1
| #define HAVE_ARGZ_NEXT 1
| #define HAVE_ARGZ_STRINGIFY 1
| #define HAVE_ASSERT_H 1
| #define HAVE_CTYPE_H 1
| #define HAVE_ERRNO_H 1
| #define HAVE_MALLOC_H 1
| #define HAVE_MEMORY_H 1
| #define HAVE_STDLIB_H 1
| #define HAVE_STDIO_H 1
| #define HAVE_UNISTD_H 1
| /* end confdefs.h.  */
| #include <sys/dl.h>
configure:22077: result: no
configure:22110: checking for sys/dl.h
configure:22118: result: no
configure:22001: checking dld.h usability
configure:22018: i386-redhat-linux-gcc -c -O2 -I/home/yangxu/tplink/lantiq_lettuce/tpbsp/lantiq/staging_dir/host/include -O2 -I/home/yangxu/tplink/lantiq_lettuce/tpbsp/lantiq/staging_dir/host/include conftest.c >&5
conftest.c:75:17: dld.h: No such file or directory
configure:22024: $? = 1
configure: failed program was:
| /* confdefs.h.  */
| #define PACKAGE_NAME "libltdl"
| #define PACKAGE_TARNAME "libltdl"
| #define PACKAGE_VERSION "1.2"
| #define PACKAGE_STRING "libltdl 1.2"
| #define PACKAGE_BUGREPORT "bug-libtool@gnu.org"
| #define STDC_HEADERS 1
| #define HAVE_SYS_TYPES_H 1
| #define HAVE_SYS_STAT_H 1
| #define HAVE_STDLIB_H 1
| #define HAVE_STRING_H 1
| #define HAVE_MEMORY_H 1
| #define HAVE_STRINGS_H 1
| #define HAVE_INTTYPES_H 1
| #define HAVE_STDINT_H 1
| #define HAVE_UNISTD_H 1
| #define HAVE_DLFCN_H 1
| #define HAVE_DIRENT_H 1
| #define LTDL_SHLIB_EXT ".so"
| #define LTDL_SHLIBPATH_VAR "LD_LIBRARY_PATH"
| #define LTDL_SYSSEARCHPATH "/lib:/usr/lib:/usr/lib/mysql:/usr/lib/mysql:/usr/lib/qt-3.3/lib:/usr/X11R6/lib"
| #define LTDL_OBJDIR ".libs/"
| #define HAVE_PRELOADED_SYMBOLS 1
| #define HAVE_LIBDL 1
| #define HAVE_DLERROR 1
| #define HAVE_ARGZ_H 1
| #define HAVE_ERROR_T 1
| #define HAVE_ARGZ_APPEND 1
| #define HAVE_ARGZ_CREATE_SEP 1
| #define HAVE_ARGZ_INSERT 1
| #define HAVE_ARGZ_NEXT 1
| #define HAVE_ARGZ_STRINGIFY 1
| #define HAVE_ASSERT_H 1
| #define HAVE_CTYPE_H 1
| #define HAVE_ERRNO_H 1
| #define HAVE_MALLOC_H 1
| #define HAVE_MEMORY_H 1
| #define HAVE_STDLIB_H 1
| #define HAVE_STDIO_H 1
| #define HAVE_UNISTD_H 1
| /* end confdefs.h.  */
| #include <stdio.h>
| #ifdef HAVE_SYS_TYPES_H
| # include <sys/types.h>
| #endif
| #ifdef HAVE_SYS_STAT_H
| # include <sys/stat.h>
| #endif
| #ifdef STDC_HEADERS
| # include <stdlib.h>
| # include <stddef.h>
| #else
| # ifdef HAVE_STDLIB_H
| #  include <stdlib.h>
| # endif
| #endif
| #ifdef HAVE_STRING_H
| # if !defined STDC_HEADERS && defined HAVE_MEMORY_H
| #  include <memory.h>
| # endif
| # include <string.h>
| #endif
| #ifdef HAVE_STRINGS_H
| # include <strings.h>
| #endif
| #ifdef HAVE_INTTYPES_H
| # include <inttypes.h>
| #endif
| #ifdef HAVE_STDINT_H
| # include <stdint.h>
| #endif
| #ifdef HAVE_UNISTD_H
| # include <unistd.h>
| #endif
| #include <dld.h>
configure:22038: result: no
configure:22042: checking dld.h presence
configure:22057: i386-redhat-linux-gcc -E -O2 -I/home/yangxu/tplink/lantiq_lettuce/tpbsp/lantiq/staging_dir/host/include conftest.c
conftest.c:42:17: dld.h: No such file or directory
configure:22063: $? = 1
configure: failed program was:
| /* confdefs.h.  */
| #define PACKAGE_NAME "libltdl"
| #define PACKAGE_TARNAME "libltdl"
| #define PACKAGE_VERSION "1.2"
| #define PACKAGE_STRING "libltdl 1.2"
| #define PACKAGE_BUGREPORT "bug-libtool@gnu.org"
| #define STDC_HEADERS 1
| #define HAVE_SYS_TYPES_H 1
| #define HAVE_SYS_STAT_H 1
| #define HAVE_STDLIB_H 1
| #define HAVE_STRING_H 1
| #define HAVE_MEMORY_H 1
| #define HAVE_STRINGS_H 1
| #define HAVE_INTTYPES_H 1
| #define HAVE_STDINT_H 1
| #define HAVE_UNISTD_H 1
| #define HAVE_DLFCN_H 1
| #define HAVE_DIRENT_H 1
| #define LTDL_SHLIB_EXT ".so"
| #define LTDL_SHLIBPATH_VAR "LD_LIBRARY_PATH"
| #define LTDL_SYSSEARCHPATH "/lib:/usr/lib:/usr/lib/mysql:/usr/lib/mysql:/usr/lib/qt-3.3/lib:/usr/X11R6/lib"
| #define LTDL_OBJDIR ".libs/"
| #define HAVE_PRELOADED_SYMBOLS 1
| #define HAVE_LIBDL 1
| #define HAVE_DLERROR 1
| #define HAVE_ARGZ_H 1
| #define HAVE_ERROR_T 1
| #define HAVE_ARGZ_APPEND 1
| #define HAVE_ARGZ_CREATE_SEP 1
| #define HAVE_ARGZ_INSERT 1
| #define HAVE_ARGZ_NEXT 1
| #define HAVE_ARGZ_STRINGIFY 1
| #define HAVE_ASSERT_H 1
| #define HAVE_CTYPE_H 1
| #define HAVE_ERRNO_H 1
| #define HAVE_MALLOC_H 1
| #define HAVE_MEMORY_H 1
| #define HAVE_STDLIB_H 1
| #define HAVE_STDIO_H 1
| #define HAVE_UNISTD_H 1
| /* end confdefs.h.  */
| #include <dld.h>
configure:22077: result: no
configure:22110: checking for dld.h
configure:22118: result: no
configure:22001: checking mach-o/dyld.h usability
configure:22018: i386-redhat-linux-gcc -c -O2 -I/home/yangxu/tplink/lantiq_lettuce/tpbsp/lantiq/staging_dir/host/include -O2 -I/home/yangxu/tplink/lantiq_lettuce/tpbsp/lantiq/staging_dir/host/include conftest.c >&5
conftest.c:75:25: mach-o/dyld.h: No such file or directory
configure:22024: $? = 1
configure: failed program was:
| /* confdefs.h.  */
| #define PACKAGE_NAME "libltdl"
| #define PACKAGE_TARNAME "libltdl"
| #define PACKAGE_VERSION "1.2"
| #define PACKAGE_STRING "libltdl 1.2"
| #define PACKAGE_BUGREPORT "bug-libtool@gnu.org"
| #define STDC_HEADERS 1
| #define HAVE_SYS_TYPES_H 1
| #define HAVE_SYS_STAT_H 1
| #define HAVE_STDLIB_H 1
| #define HAVE_STRING_H 1
| #define HAVE_MEMORY_H 1
| #define HAVE_STRINGS_H 1
| #define HAVE_INTTYPES_H 1
| #define HAVE_STDINT_H 1
| #define HAVE_UNISTD_H 1
| #define HAVE_DLFCN_H 1
| #define HAVE_DIRENT_H 1
| #define LTDL_SHLIB_EXT ".so"
| #define LTDL_SHLIBPATH_VAR "LD_LIBRARY_PATH"
| #define LTDL_SYSSEARCHPATH "/lib:/usr/lib:/usr/lib/mysql:/usr/lib/mysql:/usr/lib/qt-3.3/lib:/usr/X11R6/lib"
| #define LTDL_OBJDIR ".libs/"
| #define HAVE_PRELOADED_SYMBOLS 1
| #define HAVE_LIBDL 1
| #define HAVE_DLERROR 1
| #define HAVE_ARGZ_H 1
| #define HAVE_ERROR_T 1
| #define HAVE_ARGZ_APPEND 1
| #define HAVE_ARGZ_CREATE_SEP 1
| #define HAVE_ARGZ_INSERT 1
| #define HAVE_ARGZ_NEXT 1
| #define HAVE_ARGZ_STRINGIFY 1
| #define HAVE_ASSERT_H 1
| #define HAVE_CTYPE_H 1
| #define HAVE_ERRNO_H 1
| #define HAVE_MALLOC_H 1
| #define HAVE_MEMORY_H 1
| #define HAVE_STDLIB_H 1
| #define HAVE_STDIO_H 1
| #define HAVE_UNISTD_H 1
| /* end confdefs.h.  */
| #include <stdio.h>
| #ifdef HAVE_SYS_TYPES_H
| # include <sys/types.h>
| #endif
| #ifdef HAVE_SYS_STAT_H
| # include <sys/stat.h>
| #endif
| #ifdef STDC_HEADERS
| # include <stdlib.h>
| # include <stddef.h>
| #else
| # ifdef HAVE_STDLIB_H
| #  include <stdlib.h>
| # endif
| #endif
| #ifdef HAVE_STRING_H
| # if !defined STDC_HEADERS && defined HAVE_MEMORY_H
| #  include <memory.h>
| # endif
| # include <string.h>
| #endif
| #ifdef HAVE_STRINGS_H
| # include <strings.h>
| #endif
| #ifdef HAVE_INTTYPES_H
| # include <inttypes.h>
| #endif
| #ifdef HAVE_STDINT_H
| # include <stdint.h>
| #endif
| #ifdef HAVE_UNISTD_H
| # include <unistd.h>
| #endif
| #include <mach-o/dyld.h>
configure:22038: result: no
configure:22042: checking mach-o/dyld.h presence
configure:22057: i386-redhat-linux-gcc -E -O2 -I/home/yangxu/tplink/lantiq_lettuce/tpbsp/lantiq/staging_dir/host/include conftest.c
conftest.c:42:25: mach-o/dyld.h: No such file or directory
configure:22063: $? = 1
configure: failed program was:
| /* confdefs.h.  */
| #define PACKAGE_NAME "libltdl"
| #define PACKAGE_TARNAME "libltdl"
| #define PACKAGE_VERSION "1.2"
| #define PACKAGE_STRING "libltdl 1.2"
| #define PACKAGE_BUGREPORT "bug-libtool@gnu.org"
| #define STDC_HEADERS 1
| #define HAVE_SYS_TYPES_H 1
| #define HAVE_SYS_STAT_H 1
| #define HAVE_STDLIB_H 1
| #define HAVE_STRING_H 1
| #define HAVE_MEMORY_H 1
| #define HAVE_STRINGS_H 1
| #define HAVE_INTTYPES_H 1
| #define HAVE_STDINT_H 1
| #define HAVE_UNISTD_H 1
| #define HAVE_DLFCN_H 1
| #define HAVE_DIRENT_H 1
| #define LTDL_SHLIB_EXT ".so"
| #define LTDL_SHLIBPATH_VAR "LD_LIBRARY_PATH"
| #define LTDL_SYSSEARCHPATH "/lib:/usr/lib:/usr/lib/mysql:/usr/lib/mysql:/usr/lib/qt-3.3/lib:/usr/X11R6/lib"
| #define LTDL_OBJDIR ".libs/"
| #define HAVE_PRELOADED_SYMBOLS 1
| #define HAVE_LIBDL 1
| #define HAVE_DLERROR 1
| #define HAVE_ARGZ_H 1
| #define HAVE_ERROR_T 1
| #define HAVE_ARGZ_APPEND 1
| #define HAVE_ARGZ_CREATE_SEP 1
| #define HAVE_ARGZ_INSERT 1
| #define HAVE_ARGZ_NEXT 1
| #define HAVE_ARGZ_STRINGIFY 1
| #define HAVE_ASSERT_H 1
| #define HAVE_CTYPE_H 1
| #define HAVE_ERRNO_H 1
| #define HAVE_MALLOC_H 1
| #define HAVE_MEMORY_H 1
| #define HAVE_STDLIB_H 1
| #define HAVE_STDIO_H 1
| #define HAVE_UNISTD_H 1
| /* end confdefs.h.  */
| #include <mach-o/dyld.h>
configure:22077: result: no
configure:22110: checking for mach-o/dyld.h
configure:22118: result: no
configure:22137: checking for string.h
configure:22143: result: yes
configure:22283: checking for strchr
configure:22339: i386-redhat-linux-gcc -o conftest -O2 -I/home/yangxu/tplink/lantiq_lettuce/tpbsp/lantiq/staging_dir/host/include -O2 -I/home/yangxu/tplink/lantiq_lettuce/tpbsp/lantiq/staging_dir/host/include -L/home/yangxu/tplink/lantiq_lettuce/tpbsp/lantiq/staging_dir/host/lib conftest.c  >&5
conftest.c:66: warning: conflicting types for built-in function 'strchr'
configure:22345: $? = 0
configure:22363: result: yes
configure:22378: checking for strrchr
configure:22434: i386-redhat-linux-gcc -o conftest -O2 -I/home/yangxu/tplink/lantiq_lettuce/tpbsp/lantiq/staging_dir/host/include -O2 -I/home/yangxu/tplink/lantiq_lettuce/tpbsp/lantiq/staging_dir/host/include -L/home/yangxu/tplink/lantiq_lettuce/tpbsp/lantiq/staging_dir/host/lib conftest.c  >&5
conftest.c:67: warning: conflicting types for built-in function 'strrchr'
configure:22440: $? = 0
configure:22458: result: yes
configure:22473: checking for memcpy
configure:22529: i386-redhat-linux-gcc -o conftest -O2 -I/home/yangxu/tplink/lantiq_lettuce/tpbsp/lantiq/staging_dir/host/include -O2 -I/home/yangxu/tplink/lantiq_lettuce/tpbsp/lantiq/staging_dir/host/include -L/home/yangxu/tplink/lantiq_lettuce/tpbsp/lantiq/staging_dir/host/lib conftest.c  >&5
conftest.c:68: warning: conflicting types for built-in function 'memcpy'
configure:22535: $? = 0
configure:22553: result: yes
configure:22568: checking for memmove
configure:22624: i386-redhat-linux-gcc -o conftest -O2 -I/home/yangxu/tplink/lantiq_lettuce/tpbsp/lantiq/staging_dir/host/include -O2 -I/home/yangxu/tplink/lantiq_lettuce/tpbsp/lantiq/staging_dir/host/include -L/home/yangxu/tplink/lantiq_lettuce/tpbsp/lantiq/staging_dir/host/lib conftest.c  >&5
conftest.c:69: warning: conflicting types for built-in function 'memmove'
configure:22630: $? = 0
configure:22648: result: yes
configure:22568: checking for strcmp
configure:22624: i386-redhat-linux-gcc -o conftest -O2 -I/home/yangxu/tplink/lantiq_lettuce/tpbsp/lantiq/staging_dir/host/include -O2 -I/home/yangxu/tplink/lantiq_lettuce/tpbsp/lantiq/staging_dir/host/include -L/home/yangxu/tplink/lantiq_lettuce/tpbsp/lantiq/staging_dir/host/lib conftest.c  >&5
conftest.c:70: warning: conflicting types for built-in function 'strcmp'
configure:22630: $? = 0
configure:22648: result: yes
configure:22664: checking for closedir
configure:22720: i386-redhat-linux-gcc -o conftest -O2 -I/home/yangxu/tplink/lantiq_lettuce/tpbsp/lantiq/staging_dir/host/include -O2 -I/home/yangxu/tplink/lantiq_lettuce/tpbsp/lantiq/staging_dir/host/include -L/home/yangxu/tplink/lantiq_lettuce/tpbsp/lantiq/staging_dir/host/lib conftest.c  >&5
configure:22726: $? = 0
configure:22744: result: yes
configure:22664: checking for opendir
configure:22720: i386-redhat-linux-gcc -o conftest -O2 -I/home/yangxu/tplink/lantiq_lettuce/tpbsp/lantiq/staging_dir/host/include -O2 -I/home/yangxu/tplink/lantiq_lettuce/tpbsp/lantiq/staging_dir/host/include -L/home/yangxu/tplink/lantiq_lettuce/tpbsp/lantiq/staging_dir/host/lib conftest.c  >&5
configure:22726: $? = 0
configure:22744: result: yes
configure:22664: checking for readdir
configure:22720: i386-redhat-linux-gcc -o conftest -O2 -I/home/yangxu/tplink/lantiq_lettuce/tpbsp/lantiq/staging_dir/host/include -O2 -I/home/yangxu/tplink/lantiq_lettuce/tpbsp/lantiq/staging_dir/host/include -L/home/yangxu/tplink/lantiq_lettuce/tpbsp/lantiq/staging_dir/host/lib conftest.c  >&5
configure:22726: $? = 0
configure:22744: result: yes
configure:22897: creating ./config.status

## ---------------------- ##
## Running config.status. ##
## ---------------------- ##

This file was extended by libltdl config.status 1.2, which was
generated by GNU Autoconf 2.61.  Invocation command line was

  CONFIG_FILES    = 
  CONFIG_HEADERS  = 
  CONFIG_LINKS    = 
  CONFIG_COMMANDS = 
  $ ./config.status 

on rd3linux.tplink

config.status:673: creating Makefile
config.status:673: creating config.h
config.status:985: executing depfiles commands

## ---------------- ##
## Cache variables. ##
## ---------------- ##

ac_cv_build=i386-redhat-linux-gnu
ac_cv_c_compiler_gnu=yes
ac_cv_c_const=yes
ac_cv_c_inline=inline
ac_cv_cxx_compiler_gnu=yes
ac_cv_env_CCC_set=
ac_cv_env_CCC_value=
ac_cv_env_CC_set=
ac_cv_env_CC_value=
ac_cv_env_CFLAGS_set=set
ac_cv_env_CFLAGS_value='-O2 -I/home/yangxu/tplink/lantiq_lettuce/tpbsp/lantiq/staging_dir/host/include'
ac_cv_env_CPPFLAGS_set=set
ac_cv_env_CPPFLAGS_value='-O2 -I/home/yangxu/tplink/lantiq_lettuce/tpbsp/lantiq/staging_dir/host/include'
ac_cv_env_CPP_set=
ac_cv_env_CPP_value=
ac_cv_env_CXXCPP_set=
ac_cv_env_CXXCPP_value=
ac_cv_env_CXXFLAGS_set=
ac_cv_env_CXXFLAGS_value=
ac_cv_env_CXX_set=
ac_cv_env_CXX_value=
ac_cv_env_F77_set=
ac_cv_env_F77_value=
ac_cv_env_FFLAGS_set=
ac_cv_env_FFLAGS_value=
ac_cv_env_LDFLAGS_set=set
ac_cv_env_LDFLAGS_value=-L/home/yangxu/tplink/lantiq_lettuce/tpbsp/lantiq/staging_dir/host/lib
ac_cv_env_LIBS_set=
ac_cv_env_LIBS_value=
ac_cv_env_build_alias_set=set
ac_cv_env_build_alias_value=i386-redhat-linux
ac_cv_env_host_alias_set=set
ac_cv_env_host_alias_value=i386-redhat-linux
ac_cv_env_target_alias_set=set
ac_cv_env_target_alias_value=i386-redhat-linux
ac_cv_f77_compiler_gnu=yes
ac_cv_func_argz_append=yes
ac_cv_func_argz_create_sep=yes
ac_cv_func_argz_insert=yes
ac_cv_func_argz_next=yes
ac_cv_func_argz_stringify=yes
ac_cv_func_closedir=yes
ac_cv_func_dlerror=yes
ac_cv_func_memcpy=yes
ac_cv_func_memmove=yes
ac_cv_func_opendir=yes
ac_cv_func_readdir=yes
ac_cv_func_shl_load=no
ac_cv_func_strchr=yes
ac_cv_func_strcmp=yes
ac_cv_func_strrchr=yes
ac_cv_header_argz_h=yes
ac_cv_header_assert_h=yes
ac_cv_header_ctype_h=yes
ac_cv_header_dirent_dirent_h=yes
ac_cv_header_dl_h=no
ac_cv_header_dld_h=no
ac_cv_header_dlfcn_h=yes
ac_cv_header_errno_h=yes
ac_cv_header_inttypes_h=yes
ac_cv_header_mach_o_dyld_h=no
ac_cv_header_malloc_h=yes
ac_cv_header_memory_h=yes
ac_cv_header_stdc=yes
ac_cv_header_stdint_h=yes
ac_cv_header_stdio_h=yes
ac_cv_header_stdlib_h=yes
ac_cv_header_string_h=yes
ac_cv_header_strings_h=yes
ac_cv_header_sys_dl_h=no
ac_cv_header_sys_stat_h=yes
ac_cv_header_sys_types_h=yes
ac_cv_header_unistd_h=yes
ac_cv_host=i386-redhat-linux-gnu
ac_cv_lib_dl_dlopen=yes
ac_cv_lib_dld_shl_load=no
ac_cv_objext=o
ac_cv_path_EGREP='/bin/grep -E'
ac_cv_path_GREP=/bin/grep
ac_cv_path_install='/usr/bin/install -c'
ac_cv_path_mkdir=/bin/mkdir
ac_cv_prog_AWK=gawk
ac_cv_prog_CC=i386-redhat-linux-gcc
ac_cv_prog_CPP='i386-redhat-linux-gcc -E'
ac_cv_prog_CXX=i386-redhat-linux-g++
ac_cv_prog_CXXCPP='i386-redhat-linux-g++ -E'
ac_cv_prog_ac_ct_AR=ar
ac_cv_prog_ac_ct_F77=g77
ac_cv_prog_ac_ct_RANLIB=ranlib
ac_cv_prog_ac_ct_STRIP=strip
ac_cv_prog_cc_c89=
ac_cv_prog_cc_g=yes
ac_cv_prog_cxx_g=yes
ac_cv_prog_f77_g=yes
ac_cv_prog_make_make_set=yes
ac_cv_search_opendir='none required'
ac_cv_sys_symbol_underscore=no
ac_cv_type_error_t=yes
am_cv_CC_dependencies_compiler_type=none
am_cv_CXX_dependencies_compiler_type=none
libltdl_cv_lib_dl_dlopen=yes
libltdl_cv_objdir=.libs
libltdl_cv_preloaded_symbols=yes
libltdl_cv_shlibext=.so
libltdl_cv_shlibpath_var=LD_LIBRARY_PATH
libltdl_cv_sys_dlopen_deplibs=yes
libltdl_cv_sys_search_path='/lib /usr/lib /usr/lib/mysql /usr/lib/mysql /usr/lib/qt-3.3/lib /usr/X11R6/lib '
lt_cv_deplibs_check_method=pass_all
lt_cv_file_magic_cmd='$MAGIC_CMD'
lt_cv_file_magic_test_file=
lt_cv_ld_reload_flag=-r
lt_cv_objdir=.libs
lt_cv_path_LD=/usr/bin/ld
lt_cv_path_LDCXX=/usr/bin/ld
lt_cv_path_NM='/usr/bin/nm -B'
lt_cv_path_SED=/home/yangxu/tplink/lantiq_lettuce/tpbsp/lantiq/staging_dir/host/bin/sed
lt_cv_prog_compiler_c_o=yes
lt_cv_prog_compiler_c_o_CXX=yes
lt_cv_prog_compiler_c_o_F77=yes
lt_cv_prog_compiler_pic_works=yes
lt_cv_prog_compiler_pic_works_CXX=yes
lt_cv_prog_compiler_pic_works_F77=yes
lt_cv_prog_compiler_rtti_exceptions=no
lt_cv_prog_compiler_static_works=yes
lt_cv_prog_compiler_static_works_CXX=yes
lt_cv_prog_compiler_static_works_F77=yes
lt_cv_prog_gnu_ld=yes
lt_cv_prog_gnu_ldcxx=yes
lt_cv_sys_global_symbol_pipe='sed -n -e '\''s/^.*[ 	]\([ABCDGIRSTW][ABCDGIRSTW]*\)[ 	][ 	]*\([_A-Za-z][_A-Za-z0-9]*\)$/\1 \2 \2/p'\'''
lt_cv_sys_global_symbol_to_c_name_address='sed -n -e '\''s/^: \([^ ]*\) $/  {\"\1\", (lt_ptr) 0},/p'\'' -e '\''s/^[BCDEGRST] \([^ ]*\) \([^ ]*\)$/  {"\2", (lt_ptr) \&\2},/p'\'''
lt_cv_sys_global_symbol_to_cdecl='sed -n -e '\''s/^. .* \(.*\)$/extern int \1;/p'\'''
lt_cv_sys_lib_dlsearch_path_spec='/lib /usr/lib /usr/lib/mysql /usr/lib/mysql /usr/lib/qt-3.3/lib /usr/X11R6/lib '
lt_cv_sys_lib_search_path_spec='/usr/lib/gcc/i386-redhat-linux/3.4.3 /usr/lib /lib'
lt_cv_sys_max_cmd_len=98304
lt_lt_cv_prog_compiler_c_o='"yes"'
lt_lt_cv_prog_compiler_c_o_CXX='"yes"'
lt_lt_cv_prog_compiler_c_o_F77='"yes"'
lt_lt_cv_sys_global_symbol_pipe='"sed -n -e '\''s/^.*[ 	]\\([ABCDGIRSTW][ABCDGIRSTW]*\\)[ 	][ 	]*\\([_A-Za-z][_A-Za-z0-9]*\\)\$/\\1 \\2 \\2/p'\''"'
lt_lt_cv_sys_global_symbol_to_c_name_address='"sed -n -e '\''s/^: \\([^ ]*\\) \$/  {\\\"\\1\\\", (lt_ptr) 0},/p'\'' -e '\''s/^[BCDEGRST] \\([^ ]*\\) \\([^ ]*\\)\$/  {\"\\2\", (lt_ptr) \\&\\2},/p'\''"'
lt_lt_cv_sys_global_symbol_to_cdecl='"sed -n -e '\''s/^. .* \\(.*\\)\$/extern int \\1;/p'\''"'

## ----------------- ##
## Output variables. ##
## ----------------- ##

ACLOCAL='${SHELL} /home/yangxu/tplink/lantiq_lettuce/tpbsp/lantiq/build_dir/host/libtool-1.5.26/libltdl/missing --run aclocal-1.10'
AMDEPBACKSLASH='\'
AMDEP_FALSE='#'
AMDEP_TRUE=''
AMTAR='${SHELL} /home/yangxu/tplink/lantiq_lettuce/tpbsp/lantiq/build_dir/host/libtool-1.5.26/libltdl/missing --run tar'
AR='ar'
AS='as'
AUTOCONF='${SHELL} /home/yangxu/tplink/lantiq_lettuce/tpbsp/lantiq/build_dir/host/libtool-1.5.26/libltdl/missing --run autoconf'
AUTOHEADER='${SHELL} /home/yangxu/tplink/lantiq_lettuce/tpbsp/lantiq/build_dir/host/libtool-1.5.26/libltdl/missing --run autoheader'
AUTOMAKE='${SHELL} /home/yangxu/tplink/lantiq_lettuce/tpbsp/lantiq/build_dir/host/libtool-1.5.26/libltdl/missing --run automake-1.10'
AWK='gawk'
CC='i386-redhat-linux-gcc'
CCDEPMODE='depmode=none'
CFLAGS='-O2 -I/home/yangxu/tplink/lantiq_lettuce/tpbsp/lantiq/staging_dir/host/include'
CONVENIENCE_LTDL_FALSE=''
CONVENIENCE_LTDL_TRUE='#'
CPP='i386-redhat-linux-gcc -E'
CPPFLAGS='-O2 -I/home/yangxu/tplink/lantiq_lettuce/tpbsp/lantiq/staging_dir/host/include'
CXX='i386-redhat-linux-g++'
CXXCPP='i386-redhat-linux-g++ -E'
CXXDEPMODE='depmode=none'
CXXFLAGS='-g -O2'
CYGPATH_W='echo'
DEFS='-DHAVE_CONFIG_H'
DEPDIR='.deps'
DLLTOOL='dlltool'
DSYMUTIL=''
ECHO='echo'
ECHO_C=''
ECHO_N='-n'
ECHO_T=''
EGREP='/bin/grep -E'
EXEEXT=''
F77='g77'
FFLAGS='-g -O2'
GREP='/bin/grep'
INSTALL_DATA='${INSTALL} -m 644'
INSTALL_LTDL_FALSE='#'
INSTALL_LTDL_TRUE=''
INSTALL_PROGRAM='${INSTALL}'
INSTALL_SCRIPT='${INSTALL}'
INSTALL_STRIP_PROGRAM='$(install_sh) -c -s'
LDFLAGS='-L/home/yangxu/tplink/lantiq_lettuce/tpbsp/lantiq/staging_dir/host/lib'
LIBADD_DL='-ldl'
LIBOBJS=''
LIBS=''
LIBTOOL='$(SHELL) $(top_builddir)/libtool'
LIBTOOL_DEPS='./ltmain.sh'
LN_S='ln -s'
LTLIBOBJS=''
MAKEINFO='${SHELL} /home/yangxu/tplink/lantiq_lettuce/tpbsp/lantiq/build_dir/host/libtool-1.5.26/libltdl/missing --run makeinfo'
NMEDIT=''
OBJDUMP='objdump'
OBJEXT='o'
PACKAGE='libltdl'
PACKAGE_BUGREPORT='bug-libtool@gnu.org'
PACKAGE_NAME='libltdl'
PACKAGE_STRING='libltdl 1.2'
PACKAGE_TARNAME='libltdl'
PACKAGE_VERSION='1.2'
PATH_SEPARATOR=':'
RANLIB='ranlib'
SED='/home/yangxu/tplink/lantiq_lettuce/tpbsp/lantiq/staging_dir/host/bin/sed'
SET_MAKE=''
SHELL='/bin/bash'
STRIP='strip'
VERSION='1.2'
ac_ct_CC=''
ac_ct_CXX=''
ac_ct_F77='g77'
am__fastdepCC_FALSE=''
am__fastdepCC_TRUE='#'
am__fastdepCXX_FALSE=''
am__fastdepCXX_TRUE='#'
am__include='include'
am__isrc=''
am__leading_dot='.'
am__quote=''
am__tar='${AMTAR} chof - "$$tardir"'
am__untar='${AMTAR} xf -'
bindir='${exec_prefix}/bin'
build='i386-redhat-linux-gnu'
build_alias='i386-redhat-linux'
build_cpu='i386'
build_os='linux-gnu'
build_vendor='redhat'
datadir='${datarootdir}'
datarootdir='${prefix}/share'
docdir='${datarootdir}/doc/${PACKAGE_TARNAME}'
dvidir='${docdir}'
exec_prefix='/home/yangxu/tplink/lantiq_lettuce/tpbsp/lantiq/staging_dir/host'
host='i386-redhat-linux-gnu'
host_alias='i386-redhat-linux'
host_cpu='i386'
host_os='linux-gnu'
host_vendor='redhat'
htmldir='${docdir}'
includedir='${prefix}/include'
infodir='${datarootdir}/info'
install_sh='$(SHELL) /home/yangxu/tplink/lantiq_lettuce/tpbsp/lantiq/build_dir/host/libtool-1.5.26/libltdl/install-sh'
libdir='${exec_prefix}/lib'
libexecdir='${exec_prefix}/libexec'
localedir='${datarootdir}/locale'
localstatedir='/home/yangxu/tplink/lantiq_lettuce/tpbsp/lantiq/staging_dir/host/var'
mandir='${datarootdir}/man'
mkdir_p='/bin/mkdir -p'
oldincludedir='/usr/include'
pdfdir='${docdir}'
prefix='/home/yangxu/tplink/lantiq_lettuce/tpbsp/lantiq/staging_dir/host'
program_transform_name='s&$$&&;s&^&&'
psdir='${docdir}'
sbindir='${exec_prefix}/sbin'
sharedstatedir='${prefix}/com'
sysconfdir='/home/yangxu/tplink/lantiq_lettuce/tpbsp/lantiq/staging_dir/host/etc'
target_alias='i386-redhat-linux'

## ----------- ##
## confdefs.h. ##
## ----------- ##

#define PACKAGE_NAME "libltdl"
#define PACKAGE_TARNAME "libltdl"
#define PACKAGE_VERSION "1.2"
#define PACKAGE_STRING "libltdl 1.2"
#define PACKAGE_BUGREPORT "bug-libtool@gnu.org"
#define STDC_HEADERS 1
#define HAVE_SYS_TYPES_H 1
#define HAVE_SYS_STAT_H 1
#define HAVE_STDLIB_H 1
#define HAVE_STRING_H 1
#define HAVE_MEMORY_H 1
#define HAVE_STRINGS_H 1
#define HAVE_INTTYPES_H 1
#define HAVE_STDINT_H 1
#define HAVE_UNISTD_H 1
#define HAVE_DLFCN_H 1
#define HAVE_DIRENT_H 1
#define LTDL_SHLIB_EXT ".so"
#define LTDL_SHLIBPATH_VAR "LD_LIBRARY_PATH"
#define LTDL_SYSSEARCHPATH "/lib:/usr/lib:/usr/lib/mysql:/usr/lib/mysql:/usr/lib/qt-3.3/lib:/usr/X11R6/lib"
#define LTDL_OBJDIR ".libs/"
#define HAVE_PRELOADED_SYMBOLS 1
#define HAVE_LIBDL 1
#define HAVE_DLERROR 1
#define HAVE_ARGZ_H 1
#define HAVE_ERROR_T 1
#define HAVE_ARGZ_APPEND 1
#define HAVE_ARGZ_CREATE_SEP 1
#define HAVE_ARGZ_INSERT 1
#define HAVE_ARGZ_NEXT 1
#define HAVE_ARGZ_STRINGIFY 1
#define HAVE_ASSERT_H 1
#define HAVE_CTYPE_H 1
#define HAVE_ERRNO_H 1
#define HAVE_MALLOC_H 1
#define HAVE_MEMORY_H 1
#define HAVE_STDLIB_H 1
#define HAVE_STDIO_H 1
#define HAVE_UNISTD_H 1
#define HAVE_STRING_H 1
#define HAVE_STRCHR 1
#define HAVE_STRRCHR 1
#define HAVE_MEMCPY 1
#define HAVE_MEMMOVE 1
#define HAVE_STRCMP 1
#define HAVE_CLOSEDIR 1
#define HAVE_OPENDIR 1
#define HAVE_READDIR 1

configure: exit 0
