This file contains any messages produced by compilers while
running configure, to aid debugging if configure makes a mistake.

It was created by ntfs-3g configure 1.2918, which was
generated by GNU Autoconf 2.61.  Invocation command line was

  $ ./configure CC=mips-linux-uclibc-gcc --host=mips-linux ac_cv_func_mbsinit=no

## --------- ##
## Platform. ##
## --------- ##

hostname = rd3linux.tplink
uname -m = i686
uname -r = 2.6.9-5.ELsmp
uname -s = Linux
uname -v = #1 SMP Wed Jan 5 19:30:39 EST 2005

/usr/bin/uname -p = unknown
/bin/uname -X     = unknown

/bin/arch              = i686
/usr/bin/arch -k       = unknown
/usr/convex/getsysinfo = unknown
/usr/bin/hostinfo      = unknown
/bin/machine           = unknown
/usr/bin/oslevel       = unknown
/bin/universe          = unknown

PATH: /home/yangxu/tplink/lantiq_lettuce/tpbsp/build/../lantiq/staging_dir/toolchain-mips_r2_gcc-4.3.3+cs_uClibc-0.9.30.1_2_6_32/usr/bin
PATH: /home/yangxu/bin/bin
PATH: /usr/kerberos/bin
PATH: /usr/local/bin
PATH: /bin
PATH: /usr/bin
PATH: /usr/X11R6/bin
PATH: /sbin


## ----------- ##
## Core tests. ##
## ----------- ##

configure:2041: checking build system type
configure:2059: result: i686-pc-linux-gnu
configure:2081: checking host system type
configure:2096: result: mips-unknown-linux-gnu
configure:2118: checking target system type
configure:2133: result: mips-unknown-linux-gnu
configure:2177: checking for a BSD-compatible install
configure:2233: result: /usr/bin/install -c
configure:2244: checking whether build environment is sane
configure:2287: result: yes
configure:2352: checking for gawk
configure:2368: found /bin/gawk
configure:2379: result: gawk
configure:2390: checking whether make sets $(MAKE)
configure:2411: result: yes
configure:2487: checking for mips-linux-strip
configure:2514: result: mips-linux-uclibc-strip
configure:2598: checking whether to enable maintainer-specific portions of Makefiles
configure:2607: result: no
configure:2738: checking for mips-linux-gcc
configure:2765: result: mips-linux-uclibc-gcc
configure:2845: checking for C compiler version
configure:2852: mips-linux-uclibc-gcc --version >&5
mips-linux-uclibc-gcc (GCC) 4.3.3
Copyright (C) 2008 Free Software Foundation, Inc.
This is free software; see the source for copying conditions.  There is NO
warranty; not even for MERCHANTABILITY or FITNESS FOR A PARTICULAR PURPOSE.

configure:2855: $? = 0
configure:2862: mips-linux-uclibc-gcc -v >&5
Using built-in specs.
Target: mips-linux-uclibc
Configured with: /home/yangxu/tplink/lantiq_lettuce/tpbsp/lantiq/build_dir/toolchain-mips_r2_gcc-4.3.3+cs_uClibc-0.9.30.1_2_6_32/gcc-4.3.3/configure --prefix=/home/yangxu/tplink/lantiq_lettuce/tpbsp/lantiq/staging_dir/toolchain-mips_r2_gcc-4.3.3+cs_uClibc-0.9.30.1_2_6_32/usr --build=i386-redhat-linux --host=i386-redhat-linux --target=mips-linux-uclibc --with-gnu-ld --enable-target-optspace --disable-libgomp --disable-libmudflap --disable-multilib --disable-nls --with-float=soft --enable-poison-system-directories --with-gmp=/home/yangxu/tplink/lantiq_lettuce/tpbsp/lantiq/staging_dir/host --with-mpfr=/home/yangxu/tplink/lantiq_lettuce/tpbsp/lantiq/staging_dir/host --disable-decimal-float --disable-libssp --disable-__cxa_atexit --enable-languages=c,c++ --enable-shared --enable-threads --with-slibdir=/home/yangxu/tplink/lantiq_lettuce/tpbsp/lantiq/staging_dir/toolchain-mips_r2_gcc-4.3.3+cs_uClibc-0.9.30.1_2_6_32/lib --disable-tls
Thread model: posix
gcc version 4.3.3 (GCC) 
configure:2865: $? = 0
configure:2872: mips-linux-uclibc-gcc -V >&5
mips-linux-uclibc-gcc: '-V' option must have argument
configure:2875: $? = 1
configure:2898: checking for C compiler default output file name
configure:2925: mips-linux-uclibc-gcc    conftest.c  >&5
configure:2928: $? = 0
configure:2966: result: a.out
configure:2983: checking whether the C compiler works
configure:2993: ./a.out
./configure: line 2994: ./a.out: cannot execute binary file
configure:2996: $? = 126
configure:3013: result: yes
configure:3020: checking whether we are cross compiling
configure:3022: result: yes
configure:3025: checking for suffix of executables
configure:3032: mips-linux-uclibc-gcc -o conftest    conftest.c  >&5
configure:3035: $? = 0
configure:3059: result: 
configure:3065: checking for suffix of object files
configure:3091: mips-linux-uclibc-gcc -c   conftest.c >&5
configure:3094: $? = 0
configure:3117: result: o
configure:3121: checking whether we are using the GNU C compiler
configure:3150: mips-linux-uclibc-gcc -c   conftest.c >&5
configure:3156: $? = 0
configure:3173: result: yes
configure:3178: checking whether mips-linux-uclibc-gcc accepts -g
configure:3208: mips-linux-uclibc-gcc -c -g  conftest.c >&5
configure:3214: $? = 0
configure:3313: result: yes
configure:3330: checking for mips-linux-uclibc-gcc option to accept ISO C89
configure:3404: mips-linux-uclibc-gcc  -c -g -O2  conftest.c >&5
configure:3410: $? = 0
configure:3433: result: none needed
configure:3462: checking for style of include used by make
configure:3490: result: GNU
configure:3518: checking dependency style of mips-linux-uclibc-gcc
configure:3608: result: gcc3
configure:3625: checking whether ln -s works
configure:3629: result: yes
configure:3637: checking whether mips-linux-uclibc-gcc and cc understand -c and -o together
configure:3672: mips-linux-uclibc-gcc -c conftest.c -o conftest2.o >&5
configure:3675: $? = 0
configure:3681: mips-linux-uclibc-gcc -c conftest.c -o conftest2.o >&5
configure:3684: $? = 0
configure:3695: cc -c conftest.c >&5
configure:3698: $? = 0
configure:3706: cc -c conftest.c -o conftest2.o >&5
configure:3709: $? = 0
configure:3715: cc -c conftest.c -o conftest2.o >&5
configure:3718: $? = 0
configure:3736: result: yes
configure:3834: checking for a sed that does not truncate output
configure:3888: result: /bin/sed
configure:3891: checking for grep that handles long lines and -e
configure:3965: result: /bin/grep
configure:3970: checking for egrep
configure:4048: result: /bin/grep -E
configure:4064: checking for ld used by mips-linux-uclibc-gcc
configure:4131: result: mips-linux-uclibc-ld
configure:4140: checking if the linker (mips-linux-uclibc-ld) is GNU ld
configure:4155: result: yes
configure:4160: checking for mips-linux-uclibc-ld option to reload object files
configure:4167: result: -r
configure:4185: checking for BSD-compatible nm
configure:4234: result: /home/yangxu/tplink/lantiq_lettuce/tpbsp/build/../lantiq/staging_dir/toolchain-mips_r2_gcc-4.3.3+cs_uClibc-0.9.30.1_2_6_32/usr/bin/mips-linux-nm -B
configure:4238: checking how to recognise dependent libraries
configure:4414: result: pass_all
configure:4648: checking how to run the C preprocessor
configure:4688: mips-linux-uclibc-gcc -E  conftest.c
configure:4694: $? = 0
configure:4725: mips-linux-uclibc-gcc -E  conftest.c
conftest.c:11:28: error: ac_nonexistent.h: No such file or directory
configure:4731: $? = 1
configure: failed program was:
| /* confdefs.h.  */
| #define PACKAGE_NAME "ntfs-3g"
| #define PACKAGE_TARNAME "ntfs-3g"
| #define PACKAGE_VERSION "1.2918"
| #define PACKAGE_STRING "ntfs-3g 1.2918"
| #define PACKAGE_BUGREPORT "ntfs-3g-devel@lists.sf.net"
| #define PACKAGE "ntfs-3g"
| #define VERSION "1.2918"
| #define _GNU_SOURCE 1
| /* end confdefs.h.  */
| #include <ac_nonexistent.h>
configure:4764: result: mips-linux-uclibc-gcc -E
configure:4793: mips-linux-uclibc-gcc -E  conftest.c
configure:4799: $? = 0
configure:4830: mips-linux-uclibc-gcc -E  conftest.c
conftest.c:11:28: error: ac_nonexistent.h: No such file or directory
configure:4836: $? = 1
configure: failed program was:
| /* confdefs.h.  */
| #define PACKAGE_NAME "ntfs-3g"
| #define PACKAGE_TARNAME "ntfs-3g"
| #define PACKAGE_VERSION "1.2918"
| #define PACKAGE_STRING "ntfs-3g 1.2918"
| #define PACKAGE_BUGREPORT "ntfs-3g-devel@lists.sf.net"
| #define PACKAGE "ntfs-3g"
| #define VERSION "1.2918"
| #define _GNU_SOURCE 1
| /* end confdefs.h.  */
| #include <ac_nonexistent.h>
configure:4874: checking for ANSI C header files
configure:4904: mips-linux-uclibc-gcc -c -g -O2  conftest.c >&5
configure:4910: $? = 0
configure:5038: result: yes
configure:5062: checking for sys/types.h
configure:5083: mips-linux-uclibc-gcc -c -g -O2  conftest.c >&5
configure:5089: $? = 0
configure:5105: result: yes
configure:5062: checking for sys/stat.h
configure:5083: mips-linux-uclibc-gcc -c -g -O2  conftest.c >&5
configure:5089: $? = 0
configure:5105: result: yes
configure:5062: checking for stdlib.h
configure:5083: mips-linux-uclibc-gcc -c -g -O2  conftest.c >&5
configure:5089: $? = 0
configure:5105: result: yes
configure:5062: checking for string.h
configure:5083: mips-linux-uclibc-gcc -c -g -O2  conftest.c >&5
configure:5089: $? = 0
configure:5105: result: yes
configure:5062: checking for memory.h
configure:5083: mips-linux-uclibc-gcc -c -g -O2  conftest.c >&5
configure:5089: $? = 0
configure:5105: result: yes
configure:5062: checking for strings.h
configure:5083: mips-linux-uclibc-gcc -c -g -O2  conftest.c >&5
configure:5089: $? = 0
configure:5105: result: yes
configure:5062: checking for inttypes.h
configure:5083: mips-linux-uclibc-gcc -c -g -O2  conftest.c >&5
configure:5089: $? = 0
configure:5105: result: yes
configure:5062: checking for stdint.h
configure:5083: mips-linux-uclibc-gcc -c -g -O2  conftest.c >&5
configure:5089: $? = 0
configure:5105: result: yes
configure:5062: checking for unistd.h
configure:5083: mips-linux-uclibc-gcc -c -g -O2  conftest.c >&5
configure:5089: $? = 0
configure:5105: result: yes
configure:5132: checking dlfcn.h usability
configure:5149: mips-linux-uclibc-gcc -c -g -O2  conftest.c >&5
configure:5155: $? = 0
configure:5169: result: yes
configure:5173: checking dlfcn.h presence
configure:5188: mips-linux-uclibc-gcc -E  conftest.c
configure:5194: $? = 0
configure:5208: result: yes
configure:5241: checking for dlfcn.h
configure:5249: result: yes
configure:5276: checking for mips-linux-g++
configure:5292: found /home/yangxu/tplink/lantiq_lettuce/tpbsp/build/../lantiq/staging_dir/toolchain-mips_r2_gcc-4.3.3+cs_uClibc-0.9.30.1_2_6_32/usr/bin/mips-linux-g++
configure:5303: result: mips-linux-g++
configure:5378: checking for C++ compiler version
configure:5385: mips-linux-g++ --version >&5
mips-linux-g++ (GCC) 4.3.3
Copyright (C) 2008 Free Software Foundation, Inc.
This is free software; see the source for copying conditions.  There is NO
warranty; not even for MERCHANTABILITY or FITNESS FOR A PARTICULAR PURPOSE.

configure:5388: $? = 0
configure:5395: mips-linux-g++ -v >&5
Using built-in specs.
Target: mips-linux-uclibc
Configured with: /home/yangxu/tplink/lantiq_lettuce/tpbsp/lantiq/build_dir/toolchain-mips_r2_gcc-4.3.3+cs_uClibc-0.9.30.1_2_6_32/gcc-4.3.3/configure --prefix=/home/yangxu/tplink/lantiq_lettuce/tpbsp/lantiq/staging_dir/toolchain-mips_r2_gcc-4.3.3+cs_uClibc-0.9.30.1_2_6_32/usr --build=i386-redhat-linux --host=i386-redhat-linux --target=mips-linux-uclibc --with-gnu-ld --enable-target-optspace --disable-libgomp --disable-libmudflap --disable-multilib --disable-nls --with-float=soft --enable-poison-system-directories --with-gmp=/home/yangxu/tplink/lantiq_lettuce/tpbsp/lantiq/staging_dir/host --with-mpfr=/home/yangxu/tplink/lantiq_lettuce/tpbsp/lantiq/staging_dir/host --disable-decimal-float --disable-libssp --disable-__cxa_atexit --enable-languages=c,c++ --enable-shared --enable-threads --with-slibdir=/home/yangxu/tplink/lantiq_lettuce/tpbsp/lantiq/staging_dir/toolchain-mips_r2_gcc-4.3.3+cs_uClibc-0.9.30.1_2_6_32/lib --disable-tls
Thread model: posix
gcc version 4.3.3 (GCC) 
configure:5398: $? = 0
configure:5405: mips-linux-g++ -V >&5
mips-linux-g++: '-V' option must have argument
configure:5408: $? = 1
configure:5411: checking whether we are using the GNU C++ compiler
configure:5440: mips-linux-g++ -c   conftest.cpp >&5
configure:5446: $? = 0
configure:5463: result: yes
configure:5468: checking whether mips-linux-g++ accepts -g
configure:5498: mips-linux-g++ -c -g  conftest.cpp >&5
configure:5504: $? = 0
configure:5603: result: yes
configure:5628: checking dependency style of mips-linux-g++
configure:5718: result: gcc3
configure:5745: checking how to run the C++ preprocessor
configure:5781: mips-linux-g++ -E  conftest.cpp
configure:5787: $? = 0
configure:5818: mips-linux-g++ -E  conftest.cpp
conftest.cpp:22:28: error: ac_nonexistent.h: No such file or directory
configure:5824: $? = 1
configure: failed program was:
| /* confdefs.h.  */
| #define PACKAGE_NAME "ntfs-3g"
| #define PACKAGE_TARNAME "ntfs-3g"
| #define PACKAGE_VERSION "1.2918"
| #define PACKAGE_STRING "ntfs-3g 1.2918"
| #define PACKAGE_BUGREPORT "ntfs-3g-devel@lists.sf.net"
| #define PACKAGE "ntfs-3g"
| #define VERSION "1.2918"
| #define _GNU_SOURCE 1
| #define STDC_HEADERS 1
| #define HAVE_SYS_TYPES_H 1
| #define HAVE_SYS_STAT_H 1
| #define HAVE_STDLIB_H 1
| #define HAVE_STRING_H 1
| #define HAVE_MEMORY_H 1
| #define HAVE_STRINGS_H 1
| #define HAVE_INTTYPES_H 1
| #define HAVE_STDINT_H 1
| #define HAVE_UNISTD_H 1
| #define HAVE_DLFCN_H 1
| /* end confdefs.h.  */
| #include <ac_nonexistent.h>
configure:5857: result: mips-linux-g++ -E
configure:5886: mips-linux-g++ -E  conftest.cpp
configure:5892: $? = 0
configure:5923: mips-linux-g++ -E  conftest.cpp
conftest.cpp:22:28: error: ac_nonexistent.h: No such file or directory
configure:5929: $? = 1
configure: failed program was:
| /* confdefs.h.  */
| #define PACKAGE_NAME "ntfs-3g"
| #define PACKAGE_TARNAME "ntfs-3g"
| #define PACKAGE_VERSION "1.2918"
| #define PACKAGE_STRING "ntfs-3g 1.2918"
| #define PACKAGE_BUGREPORT "ntfs-3g-devel@lists.sf.net"
| #define PACKAGE "ntfs-3g"
| #define VERSION "1.2918"
| #define _GNU_SOURCE 1
| #define STDC_HEADERS 1
| #define HAVE_SYS_TYPES_H 1
| #define HAVE_SYS_STAT_H 1
| #define HAVE_STDLIB_H 1
| #define HAVE_STRING_H 1
| #define HAVE_MEMORY_H 1
| #define HAVE_STRINGS_H 1
| #define HAVE_INTTYPES_H 1
| #define HAVE_STDINT_H 1
| #define HAVE_UNISTD_H 1
| #define HAVE_DLFCN_H 1
| /* end confdefs.h.  */
| #include <ac_nonexistent.h>
configure:5978: checking for mips-linux-g77
configure:6008: result: no
configure:5978: checking for mips-linux-xlf
configure:6008: result: no
configure:5978: checking for mips-linux-f77
configure:6008: result: no
configure:5978: checking for mips-linux-frt
configure:6008: result: no
configure:5978: checking for mips-linux-pgf77
configure:6008: result: no
configure:5978: checking for mips-linux-cf77
configure:6008: result: no
configure:5978: checking for mips-linux-fort77
configure:6008: result: no
configure:5978: checking for mips-linux-fl32
configure:6008: result: no
configure:5978: checking for mips-linux-af77
configure:6008: result: no
configure:5978: checking for mips-linux-xlf90
configure:6008: result: no
configure:5978: checking for mips-linux-f90
configure:6008: result: no
configure:5978: checking for mips-linux-pgf90
configure:6008: result: no
configure:5978: checking for mips-linux-pghpf
configure:6008: result: no
configure:5978: checking for mips-linux-epcf90
configure:6008: result: no
configure:5978: checking for mips-linux-gfortran
configure:6008: result: no
configure:5978: checking for mips-linux-g95
configure:6008: result: no
configure:5978: checking for mips-linux-xlf95
configure:6008: result: no
configure:5978: checking for mips-linux-f95
configure:6008: result: no
configure:5978: checking for mips-linux-fort
configure:6008: result: no
configure:5978: checking for mips-linux-ifort
configure:6008: result: no
configure:5978: checking for mips-linux-ifc
configure:6008: result: no
configure:5978: checking for mips-linux-efc
configure:6008: result: no
configure:5978: checking for mips-linux-pgf95
configure:6008: result: no
configure:5978: checking for mips-linux-lf95
configure:6008: result: no
configure:5978: checking for mips-linux-ftn
configure:6008: result: no
configure:6022: checking for g77
configure:6038: found /usr/bin/g77
configure:6049: result: g77
configure:6067: WARNING: In the future, Autoconf will not detect cross-tools
whose name does not start with the host triplet.  If you think this
configuration is useful to you, please write to autoconf@gnu.org.
configure:6079: checking for Fortran 77 compiler version
configure:6086: g77 --version >&5
GNU Fortran (GCC) 3.4.3 20041212 (Red Hat 3.4.3-9.EL4)
Copyright (C) 2004 Free Software Foundation, Inc.

GNU Fortran comes with NO WARRANTY, to the extent permitted by law.
You may redistribute copies of GNU Fortran
under the terms of the GNU General Public License.
For more information about these matters, see the file named COPYING
or type the command `info -f g77 Copying'.
configure:6089: $? = 0
configure:6096: g77 -v >&5
Reading specs from /usr/lib/gcc/i386-redhat-linux/3.4.3/specs
Configured with: ../configure --prefix=/usr --mandir=/usr/share/man --infodir=/usr/share/info --enable-shared --enable-threads=posix --disable-checking --with-system-zlib --enable-__cxa_atexit --disable-libunwind-exceptions --enable-java-awt=gtk --host=i386-redhat-linux
Thread model: posix
gcc version 3.4.3 20041212 (Red Hat 3.4.3-9.EL4)
configure:6099: $? = 0
configure:6106: g77 -V >&5
g77: `-V' option must have argument
configure:6109: $? = 1
configure:6117: checking whether we are using the GNU Fortran 77 compiler
configure:6136: g77 -c  conftest.F >&5
configure:6142: $? = 0
configure:6159: result: yes
configure:6165: checking whether g77 accepts -g
configure:6182: g77 -c -g conftest.f >&5
configure:6188: $? = 0
configure:6204: result: yes
configure:6234: checking the maximum length of command line arguments
configure:6343: result: 32768
configure:6354: checking command to parse /home/yangxu/tplink/lantiq_lettuce/tpbsp/build/../lantiq/staging_dir/toolchain-mips_r2_gcc-4.3.3+cs_uClibc-0.9.30.1_2_6_32/usr/bin/mips-linux-nm -B output from mips-linux-uclibc-gcc object
configure:6459: mips-linux-uclibc-gcc -c -g -O2  conftest.c >&5
configure:6462: $? = 0
configure:6466: /home/yangxu/tplink/lantiq_lettuce/tpbsp/build/../lantiq/staging_dir/toolchain-mips_r2_gcc-4.3.3+cs_uClibc-0.9.30.1_2_6_32/usr/bin/mips-linux-nm -B conftest.o \| sed -n -e 's/^.*[ 	]\([ABCDGIRSTW][ABCDGIRSTW]*\)[ 	][ 	]*\([_A-Za-z][_A-Za-z0-9]*\)$/\1 \2 \2/p' \> conftest.nm
configure:6469: $? = 0
configure:6521: mips-linux-uclibc-gcc -o conftest -g -O2   conftest.c conftstm.o >&5
configure:6524: $? = 0
configure:6562: result: ok
configure:6566: checking for objdir
configure:6581: result: .libs
configure:6633: checking for mips-linux-ar
configure:6660: result: mips-linux-uclibc-ar
configure:6729: checking for mips-linux-ranlib
configure:6756: result: mips-linux-uclibc-ranlib
configure:6825: checking for mips-linux-strip
configure:6852: result: mips-linux-uclibc-strip
configure:7178: checking if mips-linux-uclibc-gcc supports -fno-rtti -fno-exceptions
configure:7196: mips-linux-uclibc-gcc -c -g -O2  -fno-rtti -fno-exceptions conftest.c >&5
cc1: warning: command line option "-fno-rtti" is valid for C++/ObjC++ but not for C
configure:7200: $? = 0
configure:7213: result: no
configure:7228: checking for mips-linux-uclibc-gcc option to produce PIC
configure:7438: result: -fPIC
configure:7446: checking if mips-linux-uclibc-gcc PIC flag -fPIC works
configure:7464: mips-linux-uclibc-gcc -c -g -O2  -fPIC -DPIC conftest.c >&5
configure:7468: $? = 0
configure:7481: result: yes
configure:7509: checking if mips-linux-uclibc-gcc static flag -static works
configure:7537: result: yes
configure:7547: checking if mips-linux-uclibc-gcc supports -c -o file.o
configure:7568: mips-linux-uclibc-gcc -c -g -O2  -o out/conftest2.o conftest.c >&5
configure:7572: $? = 0
configure:7594: result: yes
configure:7620: checking whether the mips-linux-uclibc-gcc linker (mips-linux-uclibc-ld) supports shared libraries
configure:8574: result: yes
configure:8595: checking whether -lc should be explicitly linked in
configure:8600: mips-linux-uclibc-gcc -c -g -O2  conftest.c >&5
configure:8603: $? = 0
configure:8618: mips-linux-uclibc-gcc -shared conftest.o  -v -Wl,-soname -Wl,conftest -o conftest 2\>\&1 \| grep  -lc  \>/dev/null 2\>\&1
configure:8621: $? = 0
configure:8633: result: no
configure:8641: checking dynamic linker characteristics
configure:9250: result: GNU/Linux ld.so
configure:9259: checking how to hardcode library paths into programs
configure:9284: result: immediate
configure:9298: checking whether stripping libraries is possible
configure:9303: result: yes
configure:10104: checking if libtool supports shared libraries
configure:10106: result: yes
configure:10109: checking whether to build shared libraries
configure:10130: result: yes
configure:10133: checking whether to build static libraries
configure:10137: result: yes
configure:10229: creating libtool
configure:10820: checking for ld used by mips-linux-g++
configure:10887: result: mips-linux-uclibc-ld
configure:10896: checking if the linker (mips-linux-uclibc-ld) is GNU ld
configure:10911: result: yes
configure:10962: checking whether the mips-linux-g++ linker (mips-linux-uclibc-ld) supports shared libraries
configure:11896: result: yes
configure:11914: mips-linux-g++ -c -g -O2  conftest.cpp >&5
configure:11917: $? = 0
configure:12036: checking for mips-linux-g++ option to produce PIC
configure:12310: result: -fPIC
configure:12318: checking if mips-linux-g++ PIC flag -fPIC works
configure:12336: mips-linux-g++ -c -g -O2  -fPIC -DPIC conftest.cpp >&5
configure:12340: $? = 0
configure:12353: result: yes
configure:12381: checking if mips-linux-g++ static flag -static works
configure:12409: result: yes
configure:12419: checking if mips-linux-g++ supports -c -o file.o
configure:12440: mips-linux-g++ -c -g -O2  -o out/conftest2.o conftest.cpp >&5
configure:12444: $? = 0
configure:12466: result: yes
configure:12492: checking whether the mips-linux-g++ linker (mips-linux-uclibc-ld) supports shared libraries
configure:12517: result: yes
configure:12584: checking dynamic linker characteristics
configure:13193: result: GNU/Linux ld.so
configure:13202: checking how to hardcode library paths into programs
configure:13227: result: immediate
configure:13756: checking if libtool supports shared libraries
configure:13758: result: yes
configure:13761: checking whether to build shared libraries
configure:13781: result: yes
configure:13784: checking whether to build static libraries
configure:13788: result: yes
configure:13798: checking for g77 option to produce PIC
configure:14008: result: -fPIC
configure:14016: checking if g77 PIC flag -fPIC works
configure:14034: g77 -c -g -O2 -fPIC conftest.f >&5
configure:14038: $? = 0
configure:14051: result: yes
configure:14079: checking if g77 static flag -static works
configure:14107: result: yes
configure:14117: checking if g77 supports -c -o file.o
configure:14138: g77 -c -g -O2 -o out/conftest2.o conftest.f >&5
configure:14142: $? = 0
configure:14164: result: yes
configure:14190: checking whether the g77 linker (mips-linux-uclibc-ld) supports shared libraries
configure:15124: result: yes
configure:15191: checking dynamic linker characteristics
configure:15800: result: GNU/Linux ld.so
configure:15809: checking how to hardcode library paths into programs
configure:15834: result: immediate
configure:19426: checking for mv
configure:19444: found /bin/mv
configure:19456: result: /bin/mv
configure:19466: checking for rm
configure:19484: found /bin/rm
configure:19496: result: /bin/rm
configure:19506: checking for sed
configure:19536: result: /bin/sed
configure:19547: checking for ldconfig
configure:19565: found /sbin/ldconfig
configure:19578: result: /sbin/ldconfig
configure:19588: checking Windows OS
configure:19602: result: no
configure:19608: checking fuse compatibility
configure:19636: result: internal
configure:19665: checking for pthread_create in -lpthread
configure:19700: mips-linux-uclibc-gcc -o conftest -g -O2   conftest.c -lpthread   >&5
configure:19706: $? = 0
configure:19724: result: yes
configure:20001: checking for ANSI C header files
configure:20165: result: yes
configure:20235: checking ctype.h usability
configure:20252: mips-linux-uclibc-gcc -c -g -O2  conftest.c >&5
configure:20258: $? = 0
configure:20272: result: yes
configure:20276: checking ctype.h presence
configure:20291: mips-linux-uclibc-gcc -E  conftest.c
configure:20297: $? = 0
configure:20311: result: yes
configure:20344: checking for ctype.h
configure:20352: result: yes
configure:20235: checking fcntl.h usability
configure:20252: mips-linux-uclibc-gcc -c -g -O2  conftest.c >&5
configure:20258: $? = 0
configure:20272: result: yes
configure:20276: checking fcntl.h presence
configure:20291: mips-linux-uclibc-gcc -E  conftest.c
configure:20297: $? = 0
configure:20311: result: yes
configure:20344: checking for fcntl.h
configure:20352: result: yes
configure:20235: checking libgen.h usability
configure:20252: mips-linux-uclibc-gcc -c -g -O2  conftest.c >&5
configure:20258: $? = 0
configure:20272: result: yes
configure:20276: checking libgen.h presence
configure:20291: mips-linux-uclibc-gcc -E  conftest.c
configure:20297: $? = 0
configure:20311: result: yes
configure:20344: checking for libgen.h
configure:20352: result: yes
configure:20235: checking libintl.h usability
configure:20252: mips-linux-uclibc-gcc -c -g -O2  conftest.c >&5
conftest.c:61:21: error: libintl.h: No such file or directory
configure:20258: $? = 1
configure: failed program was:
| /* confdefs.h.  */
| #define PACKAGE_NAME "ntfs-3g"
| #define PACKAGE_TARNAME "ntfs-3g"
| #define PACKAGE_VERSION "1.2918"
| #define PACKAGE_STRING "ntfs-3g 1.2918"
| #define PACKAGE_BUGREPORT "ntfs-3g-devel@lists.sf.net"
| #define PACKAGE "ntfs-3g"
| #define VERSION "1.2918"
| #define _GNU_SOURCE 1
| #define STDC_HEADERS 1
| #define HAVE_SYS_TYPES_H 1
| #define HAVE_SYS_STAT_H 1
| #define HAVE_STDLIB_H 1
| #define HAVE_STRING_H 1
| #define HAVE_MEMORY_H 1
| #define HAVE_STRINGS_H 1
| #define HAVE_INTTYPES_H 1
| #define HAVE_STDINT_H 1
| #define HAVE_UNISTD_H 1
| #define HAVE_DLFCN_H 1
| #define _REENTRANT 1
| #define FUSE_INTERNAL 1
| #define STDC_HEADERS 1
| #define HAVE_CTYPE_H 1
| #define HAVE_FCNTL_H 1
| #define HAVE_LIBGEN_H 1
| /* end confdefs.h.  */
| #include <stdio.h>
| #ifdef HAVE_SYS_TYPES_H
| # include <sys/types.h>
| #endif
| #ifdef HAVE_SYS_STAT_H
| # include <sys/stat.h>
| #endif
| #ifdef STDC_HEADERS
| # include <stdlib.h>
| # include <stddef.h>
| #else
| # ifdef HAVE_STDLIB_H
| #  include <stdlib.h>
| # endif
| #endif
| #ifdef HAVE_STRING_H
| # if !defined STDC_HEADERS && defined HAVE_MEMORY_H
| #  include <memory.h>
| # endif
| # include <string.h>
| #endif
| #ifdef HAVE_STRINGS_H
| # include <strings.h>
| #endif
| #ifdef HAVE_INTTYPES_H
| # include <inttypes.h>
| #endif
| #ifdef HAVE_STDINT_H
| # include <stdint.h>
| #endif
| #ifdef HAVE_UNISTD_H
| # include <unistd.h>
| #endif
| #include <libintl.h>
configure:20272: result: no
configure:20276: checking libintl.h presence
configure:20291: mips-linux-uclibc-gcc -E  conftest.c
conftest.c:28:21: error: libintl.h: No such file or directory
configure:20297: $? = 1
configure: failed program was:
| /* confdefs.h.  */
| #define PACKAGE_NAME "ntfs-3g"
| #define PACKAGE_TARNAME "ntfs-3g"
| #define PACKAGE_VERSION "1.2918"
| #define PACKAGE_STRING "ntfs-3g 1.2918"
| #define PACKAGE_BUGREPORT "ntfs-3g-devel@lists.sf.net"
| #define PACKAGE "ntfs-3g"
| #define VERSION "1.2918"
| #define _GNU_SOURCE 1
| #define STDC_HEADERS 1
| #define HAVE_SYS_TYPES_H 1
| #define HAVE_SYS_STAT_H 1
| #define HAVE_STDLIB_H 1
| #define HAVE_STRING_H 1
| #define HAVE_MEMORY_H 1
| #define HAVE_STRINGS_H 1
| #define HAVE_INTTYPES_H 1
| #define HAVE_STDINT_H 1
| #define HAVE_UNISTD_H 1
| #define HAVE_DLFCN_H 1
| #define _REENTRANT 1
| #define FUSE_INTERNAL 1
| #define STDC_HEADERS 1
| #define HAVE_CTYPE_H 1
| #define HAVE_FCNTL_H 1
| #define HAVE_LIBGEN_H 1
| /* end confdefs.h.  */
| #include <libintl.h>
configure:20311: result: no
configure:20344: checking for libintl.h
configure:20352: result: no
configure:20235: checking limits.h usability
configure:20252: mips-linux-uclibc-gcc -c -g -O2  conftest.c >&5
configure:20258: $? = 0
configure:20272: result: yes
configure:20276: checking limits.h presence
configure:20291: mips-linux-uclibc-gcc -E  conftest.c
configure:20297: $? = 0
configure:20311: result: yes
configure:20344: checking for limits.h
configure:20352: result: yes
configure:20235: checking locale.h usability
configure:20252: mips-linux-uclibc-gcc -c -g -O2  conftest.c >&5
configure:20258: $? = 0
configure:20272: result: yes
configure:20276: checking locale.h presence
configure:20291: mips-linux-uclibc-gcc -E  conftest.c
configure:20297: $? = 0
configure:20311: result: yes
configure:20344: checking for locale.h
configure:20352: result: yes
configure:20235: checking mntent.h usability
configure:20252: mips-linux-uclibc-gcc -c -g -O2  conftest.c >&5
configure:20258: $? = 0
configure:20272: result: yes
configure:20276: checking mntent.h presence
configure:20291: mips-linux-uclibc-gcc -E  conftest.c
configure:20297: $? = 0
configure:20311: result: yes
configure:20344: checking for mntent.h
configure:20352: result: yes
configure:20235: checking stddef.h usability
configure:20252: mips-linux-uclibc-gcc -c -g -O2  conftest.c >&5
configure:20258: $? = 0
configure:20272: result: yes
configure:20276: checking stddef.h presence
configure:20291: mips-linux-uclibc-gcc -E  conftest.c
configure:20297: $? = 0
configure:20311: result: yes
configure:20344: checking for stddef.h
configure:20352: result: yes
configure:20225: checking for stdint.h
configure:20231: result: yes
configure:20225: checking for stdlib.h
configure:20231: result: yes
configure:20235: checking stdio.h usability
configure:20252: mips-linux-uclibc-gcc -c -g -O2  conftest.c >&5
configure:20258: $? = 0
configure:20272: result: yes
configure:20276: checking stdio.h presence
configure:20291: mips-linux-uclibc-gcc -E  conftest.c
configure:20297: $? = 0
configure:20311: result: yes
configure:20344: checking for stdio.h
configure:20352: result: yes
configure:20235: checking stdarg.h usability
configure:20252: mips-linux-uclibc-gcc -c -g -O2  conftest.c >&5
configure:20258: $? = 0
configure:20272: result: yes
configure:20276: checking stdarg.h presence
configure:20291: mips-linux-uclibc-gcc -E  conftest.c
configure:20297: $? = 0
configure:20311: result: yes
configure:20344: checking for stdarg.h
configure:20352: result: yes
configure:20225: checking for string.h
configure:20231: result: yes
configure:20225: checking for strings.h
configure:20231: result: yes
configure:20235: checking errno.h usability
configure:20252: mips-linux-uclibc-gcc -c -g -O2  conftest.c >&5
configure:20258: $? = 0
configure:20272: result: yes
configure:20276: checking errno.h presence
configure:20291: mips-linux-uclibc-gcc -E  conftest.c
configure:20297: $? = 0
configure:20311: result: yes
configure:20344: checking for errno.h
configure:20352: result: yes
configure:20235: checking time.h usability
configure:20252: mips-linux-uclibc-gcc -c -g -O2  conftest.c >&5
configure:20258: $? = 0
configure:20272: result: yes
configure:20276: checking time.h presence
configure:20291: mips-linux-uclibc-gcc -E  conftest.c
configure:20297: $? = 0
configure:20311: result: yes
configure:20344: checking for time.h
configure:20352: result: yes
configure:20225: checking for unistd.h
configure:20231: result: yes
configure:20235: checking utime.h usability
configure:20252: mips-linux-uclibc-gcc -c -g -O2  conftest.c >&5
configure:20258: $? = 0
configure:20272: result: yes
configure:20276: checking utime.h presence
configure:20291: mips-linux-uclibc-gcc -E  conftest.c
configure:20297: $? = 0
configure:20311: result: yes
configure:20344: checking for utime.h
configure:20352: result: yes
configure:20235: checking wchar.h usability
configure:20252: mips-linux-uclibc-gcc -c -g -O2  conftest.c >&5
configure:20258: $? = 0
configure:20272: result: yes
configure:20276: checking wchar.h presence
configure:20291: mips-linux-uclibc-gcc -E  conftest.c
configure:20297: $? = 0
configure:20311: result: yes
configure:20344: checking for wchar.h
configure:20352: result: yes
configure:20235: checking getopt.h usability
configure:20252: mips-linux-uclibc-gcc -c -g -O2  conftest.c >&5
configure:20258: $? = 0
configure:20272: result: yes
configure:20276: checking getopt.h presence
configure:20291: mips-linux-uclibc-gcc -E  conftest.c
configure:20297: $? = 0
configure:20311: result: yes
configure:20344: checking for getopt.h
configure:20352: result: yes
configure:20235: checking features.h usability
configure:20252: mips-linux-uclibc-gcc -c -g -O2  conftest.c >&5
configure:20258: $? = 0
configure:20272: result: yes
configure:20276: checking features.h presence
configure:20291: mips-linux-uclibc-gcc -E  conftest.c
configure:20297: $? = 0
configure:20311: result: yes
configure:20344: checking for features.h
configure:20352: result: yes
configure:20235: checking endian.h usability
configure:20252: mips-linux-uclibc-gcc -c -g -O2  conftest.c >&5
configure:20258: $? = 0
configure:20272: result: yes
configure:20276: checking endian.h presence
configure:20291: mips-linux-uclibc-gcc -E  conftest.c
configure:20297: $? = 0
configure:20311: result: yes
configure:20344: checking for endian.h
configure:20352: result: yes
configure:20235: checking byteswap.h usability
configure:20252: mips-linux-uclibc-gcc -c -g -O2  conftest.c >&5
configure:20258: $? = 0
configure:20272: result: yes
configure:20276: checking byteswap.h presence
configure:20291: mips-linux-uclibc-gcc -E  conftest.c
configure:20297: $? = 0
configure:20311: result: yes
configure:20344: checking for byteswap.h
configure:20352: result: yes
configure:20235: checking sys/byteorder.h usability
configure:20252: mips-linux-uclibc-gcc -c -g -O2  conftest.c >&5
conftest.c:80:27: error: sys/byteorder.h: No such file or directory
configure:20258: $? = 1
configure: failed program was:
| /* confdefs.h.  */
| #define PACKAGE_NAME "ntfs-3g"
| #define PACKAGE_TARNAME "ntfs-3g"
| #define PACKAGE_VERSION "1.2918"
| #define PACKAGE_STRING "ntfs-3g 1.2918"
| #define PACKAGE_BUGREPORT "ntfs-3g-devel@lists.sf.net"
| #define PACKAGE "ntfs-3g"
| #define VERSION "1.2918"
| #define _GNU_SOURCE 1
| #define STDC_HEADERS 1
| #define HAVE_SYS_TYPES_H 1
| #define HAVE_SYS_STAT_H 1
| #define HAVE_STDLIB_H 1
| #define HAVE_STRING_H 1
| #define HAVE_MEMORY_H 1
| #define HAVE_STRINGS_H 1
| #define HAVE_INTTYPES_H 1
| #define HAVE_STDINT_H 1
| #define HAVE_UNISTD_H 1
| #define HAVE_DLFCN_H 1
| #define _REENTRANT 1
| #define FUSE_INTERNAL 1
| #define STDC_HEADERS 1
| #define HAVE_CTYPE_H 1
| #define HAVE_FCNTL_H 1
| #define HAVE_LIBGEN_H 1
| #define HAVE_LIMITS_H 1
| #define HAVE_LOCALE_H 1
| #define HAVE_MNTENT_H 1
| #define HAVE_STDDEF_H 1
| #define HAVE_STDINT_H 1
| #define HAVE_STDLIB_H 1
| #define HAVE_STDIO_H 1
| #define HAVE_STDARG_H 1
| #define HAVE_STRING_H 1
| #define HAVE_STRINGS_H 1
| #define HAVE_ERRNO_H 1
| #define HAVE_TIME_H 1
| #define HAVE_UNISTD_H 1
| #define HAVE_UTIME_H 1
| #define HAVE_WCHAR_H 1
| #define HAVE_GETOPT_H 1
| #define HAVE_FEATURES_H 1
| #define HAVE_ENDIAN_H 1
| #define HAVE_BYTESWAP_H 1
| /* end confdefs.h.  */
| #include <stdio.h>
| #ifdef HAVE_SYS_TYPES_H
| # include <sys/types.h>
| #endif
| #ifdef HAVE_SYS_STAT_H
| # include <sys/stat.h>
| #endif
| #ifdef STDC_HEADERS
| # include <stdlib.h>
| # include <stddef.h>
| #else
| # ifdef HAVE_STDLIB_H
| #  include <stdlib.h>
| # endif
| #endif
| #ifdef HAVE_STRING_H
| # if !defined STDC_HEADERS && defined HAVE_MEMORY_H
| #  include <memory.h>
| # endif
| # include <string.h>
| #endif
| #ifdef HAVE_STRINGS_H
| # include <strings.h>
| #endif
| #ifdef HAVE_INTTYPES_H
| # include <inttypes.h>
| #endif
| #ifdef HAVE_STDINT_H
| # include <stdint.h>
| #endif
| #ifdef HAVE_UNISTD_H
| # include <unistd.h>
| #endif
| #include <sys/byteorder.h>
configure:20272: result: no
configure:20276: checking sys/byteorder.h presence
configure:20291: mips-linux-uclibc-gcc -E  conftest.c
conftest.c:47:27: error: sys/byteorder.h: No such file or directory
configure:20297: $? = 1
configure: failed program was:
| /* confdefs.h.  */
| #define PACKAGE_NAME "ntfs-3g"
| #define PACKAGE_TARNAME "ntfs-3g"
| #define PACKAGE_VERSION "1.2918"
| #define PACKAGE_STRING "ntfs-3g 1.2918"
| #define PACKAGE_BUGREPORT "ntfs-3g-devel@lists.sf.net"
| #define PACKAGE "ntfs-3g"
| #define VERSION "1.2918"
| #define _GNU_SOURCE 1
| #define STDC_HEADERS 1
| #define HAVE_SYS_TYPES_H 1
| #define HAVE_SYS_STAT_H 1
| #define HAVE_STDLIB_H 1
| #define HAVE_STRING_H 1
| #define HAVE_MEMORY_H 1
| #define HAVE_STRINGS_H 1
| #define HAVE_INTTYPES_H 1
| #define HAVE_STDINT_H 1
| #define HAVE_UNISTD_H 1
| #define HAVE_DLFCN_H 1
| #define _REENTRANT 1
| #define FUSE_INTERNAL 1
| #define STDC_HEADERS 1
| #define HAVE_CTYPE_H 1
| #define HAVE_FCNTL_H 1
| #define HAVE_LIBGEN_H 1
| #define HAVE_LIMITS_H 1
| #define HAVE_LOCALE_H 1
| #define HAVE_MNTENT_H 1
| #define HAVE_STDDEF_H 1
| #define HAVE_STDINT_H 1
| #define HAVE_STDLIB_H 1
| #define HAVE_STDIO_H 1
| #define HAVE_STDARG_H 1
| #define HAVE_STRING_H 1
| #define HAVE_STRINGS_H 1
| #define HAVE_ERRNO_H 1
| #define HAVE_TIME_H 1
| #define HAVE_UNISTD_H 1
| #define HAVE_UTIME_H 1
| #define HAVE_WCHAR_H 1
| #define HAVE_GETOPT_H 1
| #define HAVE_FEATURES_H 1
| #define HAVE_ENDIAN_H 1
| #define HAVE_BYTESWAP_H 1
| /* end confdefs.h.  */
| #include <sys/byteorder.h>
configure:20311: result: no
configure:20344: checking for sys/byteorder.h
configure:20352: result: no
configure:20235: checking sys/endian.h usability
configure:20252: mips-linux-uclibc-gcc -c -g -O2  conftest.c >&5
conftest.c:80:24: error: sys/endian.h: No such file or directory
configure:20258: $? = 1
configure: failed program was:
| /* confdefs.h.  */
| #define PACKAGE_NAME "ntfs-3g"
| #define PACKAGE_TARNAME "ntfs-3g"
| #define PACKAGE_VERSION "1.2918"
| #define PACKAGE_STRING "ntfs-3g 1.2918"
| #define PACKAGE_BUGREPORT "ntfs-3g-devel@lists.sf.net"
| #define PACKAGE "ntfs-3g"
| #define VERSION "1.2918"
| #define _GNU_SOURCE 1
| #define STDC_HEADERS 1
| #define HAVE_SYS_TYPES_H 1
| #define HAVE_SYS_STAT_H 1
| #define HAVE_STDLIB_H 1
| #define HAVE_STRING_H 1
| #define HAVE_MEMORY_H 1
| #define HAVE_STRINGS_H 1
| #define HAVE_INTTYPES_H 1
| #define HAVE_STDINT_H 1
| #define HAVE_UNISTD_H 1
| #define HAVE_DLFCN_H 1
| #define _REENTRANT 1
| #define FUSE_INTERNAL 1
| #define STDC_HEADERS 1
| #define HAVE_CTYPE_H 1
| #define HAVE_FCNTL_H 1
| #define HAVE_LIBGEN_H 1
| #define HAVE_LIMITS_H 1
| #define HAVE_LOCALE_H 1
| #define HAVE_MNTENT_H 1
| #define HAVE_STDDEF_H 1
| #define HAVE_STDINT_H 1
| #define HAVE_STDLIB_H 1
| #define HAVE_STDIO_H 1
| #define HAVE_STDARG_H 1
| #define HAVE_STRING_H 1
| #define HAVE_STRINGS_H 1
| #define HAVE_ERRNO_H 1
| #define HAVE_TIME_H 1
| #define HAVE_UNISTD_H 1
| #define HAVE_UTIME_H 1
| #define HAVE_WCHAR_H 1
| #define HAVE_GETOPT_H 1
| #define HAVE_FEATURES_H 1
| #define HAVE_ENDIAN_H 1
| #define HAVE_BYTESWAP_H 1
| /* end confdefs.h.  */
| #include <stdio.h>
| #ifdef HAVE_SYS_TYPES_H
| # include <sys/types.h>
| #endif
| #ifdef HAVE_SYS_STAT_H
| # include <sys/stat.h>
| #endif
| #ifdef STDC_HEADERS
| # include <stdlib.h>
| # include <stddef.h>
| #else
| # ifdef HAVE_STDLIB_H
| #  include <stdlib.h>
| # endif
| #endif
| #ifdef HAVE_STRING_H
| # if !defined STDC_HEADERS && defined HAVE_MEMORY_H
| #  include <memory.h>
| # endif
| # include <string.h>
| #endif
| #ifdef HAVE_STRINGS_H
| # include <strings.h>
| #endif
| #ifdef HAVE_INTTYPES_H
| # include <inttypes.h>
| #endif
| #ifdef HAVE_STDINT_H
| # include <stdint.h>
| #endif
| #ifdef HAVE_UNISTD_H
| # include <unistd.h>
| #endif
| #include <sys/endian.h>
configure:20272: result: no
configure:20276: checking sys/endian.h presence
configure:20291: mips-linux-uclibc-gcc -E  conftest.c
conftest.c:47:24: error: sys/endian.h: No such file or directory
configure:20297: $? = 1
configure: failed program was:
| /* confdefs.h.  */
| #define PACKAGE_NAME "ntfs-3g"
| #define PACKAGE_TARNAME "ntfs-3g"
| #define PACKAGE_VERSION "1.2918"
| #define PACKAGE_STRING "ntfs-3g 1.2918"
| #define PACKAGE_BUGREPORT "ntfs-3g-devel@lists.sf.net"
| #define PACKAGE "ntfs-3g"
| #define VERSION "1.2918"
| #define _GNU_SOURCE 1
| #define STDC_HEADERS 1
| #define HAVE_SYS_TYPES_H 1
| #define HAVE_SYS_STAT_H 1
| #define HAVE_STDLIB_H 1
| #define HAVE_STRING_H 1
| #define HAVE_MEMORY_H 1
| #define HAVE_STRINGS_H 1
| #define HAVE_INTTYPES_H 1
| #define HAVE_STDINT_H 1
| #define HAVE_UNISTD_H 1
| #define HAVE_DLFCN_H 1
| #define _REENTRANT 1
| #define FUSE_INTERNAL 1
| #define STDC_HEADERS 1
| #define HAVE_CTYPE_H 1
| #define HAVE_FCNTL_H 1
| #define HAVE_LIBGEN_H 1
| #define HAVE_LIMITS_H 1
| #define HAVE_LOCALE_H 1
| #define HAVE_MNTENT_H 1
| #define HAVE_STDDEF_H 1
| #define HAVE_STDINT_H 1
| #define HAVE_STDLIB_H 1
| #define HAVE_STDIO_H 1
| #define HAVE_STDARG_H 1
| #define HAVE_STRING_H 1
| #define HAVE_STRINGS_H 1
| #define HAVE_ERRNO_H 1
| #define HAVE_TIME_H 1
| #define HAVE_UNISTD_H 1
| #define HAVE_UTIME_H 1
| #define HAVE_WCHAR_H 1
| #define HAVE_GETOPT_H 1
| #define HAVE_FEATURES_H 1
| #define HAVE_ENDIAN_H 1
| #define HAVE_BYTESWAP_H 1
| /* end confdefs.h.  */
| #include <sys/endian.h>
configure:20311: result: no
configure:20344: checking for sys/endian.h
configure:20352: result: no
configure:20235: checking sys/param.h usability
configure:20252: mips-linux-uclibc-gcc -c -g -O2  conftest.c >&5
configure:20258: $? = 0
configure:20272: result: yes
configure:20276: checking sys/param.h presence
configure:20291: mips-linux-uclibc-gcc -E  conftest.c
configure:20297: $? = 0
configure:20311: result: yes
configure:20344: checking for sys/param.h
configure:20352: result: yes
configure:20235: checking sys/ioctl.h usability
configure:20252: mips-linux-uclibc-gcc -c -g -O2  conftest.c >&5
configure:20258: $? = 0
configure:20272: result: yes
configure:20276: checking sys/ioctl.h presence
configure:20291: mips-linux-uclibc-gcc -E  conftest.c
configure:20297: $? = 0
configure:20311: result: yes
configure:20344: checking for sys/ioctl.h
configure:20352: result: yes
configure:20235: checking sys/mkdev.h usability
configure:20252: mips-linux-uclibc-gcc -c -g -O2  conftest.c >&5
conftest.c:82:23: error: sys/mkdev.h: No such file or directory
configure:20258: $? = 1
configure: failed program was:
| /* confdefs.h.  */
| #define PACKAGE_NAME "ntfs-3g"
| #define PACKAGE_TARNAME "ntfs-3g"
| #define PACKAGE_VERSION "1.2918"
| #define PACKAGE_STRING "ntfs-3g 1.2918"
| #define PACKAGE_BUGREPORT "ntfs-3g-devel@lists.sf.net"
| #define PACKAGE "ntfs-3g"
| #define VERSION "1.2918"
| #define _GNU_SOURCE 1
| #define STDC_HEADERS 1
| #define HAVE_SYS_TYPES_H 1
| #define HAVE_SYS_STAT_H 1
| #define HAVE_STDLIB_H 1
| #define HAVE_STRING_H 1
| #define HAVE_MEMORY_H 1
| #define HAVE_STRINGS_H 1
| #define HAVE_INTTYPES_H 1
| #define HAVE_STDINT_H 1
| #define HAVE_UNISTD_H 1
| #define HAVE_DLFCN_H 1
| #define _REENTRANT 1
| #define FUSE_INTERNAL 1
| #define STDC_HEADERS 1
| #define HAVE_CTYPE_H 1
| #define HAVE_FCNTL_H 1
| #define HAVE_LIBGEN_H 1
| #define HAVE_LIMITS_H 1
| #define HAVE_LOCALE_H 1
| #define HAVE_MNTENT_H 1
| #define HAVE_STDDEF_H 1
| #define HAVE_STDINT_H 1
| #define HAVE_STDLIB_H 1
| #define HAVE_STDIO_H 1
| #define HAVE_STDARG_H 1
| #define HAVE_STRING_H 1
| #define HAVE_STRINGS_H 1
| #define HAVE_ERRNO_H 1
| #define HAVE_TIME_H 1
| #define HAVE_UNISTD_H 1
| #define HAVE_UTIME_H 1
| #define HAVE_WCHAR_H 1
| #define HAVE_GETOPT_H 1
| #define HAVE_FEATURES_H 1
| #define HAVE_ENDIAN_H 1
| #define HAVE_BYTESWAP_H 1
| #define HAVE_SYS_PARAM_H 1
| #define HAVE_SYS_IOCTL_H 1
| /* end confdefs.h.  */
| #include <stdio.h>
| #ifdef HAVE_SYS_TYPES_H
| # include <sys/types.h>
| #endif
| #ifdef HAVE_SYS_STAT_H
| # include <sys/stat.h>
| #endif
| #ifdef STDC_HEADERS
| # include <stdlib.h>
| # include <stddef.h>
| #else
| # ifdef HAVE_STDLIB_H
| #  include <stdlib.h>
| # endif
| #endif
| #ifdef HAVE_STRING_H
| # if !defined STDC_HEADERS && defined HAVE_MEMORY_H
| #  include <memory.h>
| # endif
| # include <string.h>
| #endif
| #ifdef HAVE_STRINGS_H
| # include <strings.h>
| #endif
| #ifdef HAVE_INTTYPES_H
| # include <inttypes.h>
| #endif
| #ifdef HAVE_STDINT_H
| # include <stdint.h>
| #endif
| #ifdef HAVE_UNISTD_H
| # include <unistd.h>
| #endif
| #include <sys/mkdev.h>
configure:20272: result: no
configure:20276: checking sys/mkdev.h presence
configure:20291: mips-linux-uclibc-gcc -E  conftest.c
conftest.c:49:23: error: sys/mkdev.h: No such file or directory
configure:20297: $? = 1
configure: failed program was:
| /* confdefs.h.  */
| #define PACKAGE_NAME "ntfs-3g"
| #define PACKAGE_TARNAME "ntfs-3g"
| #define PACKAGE_VERSION "1.2918"
| #define PACKAGE_STRING "ntfs-3g 1.2918"
| #define PACKAGE_BUGREPORT "ntfs-3g-devel@lists.sf.net"
| #define PACKAGE "ntfs-3g"
| #define VERSION "1.2918"
| #define _GNU_SOURCE 1
| #define STDC_HEADERS 1
| #define HAVE_SYS_TYPES_H 1
| #define HAVE_SYS_STAT_H 1
| #define HAVE_STDLIB_H 1
| #define HAVE_STRING_H 1
| #define HAVE_MEMORY_H 1
| #define HAVE_STRINGS_H 1
| #define HAVE_INTTYPES_H 1
| #define HAVE_STDINT_H 1
| #define HAVE_UNISTD_H 1
| #define HAVE_DLFCN_H 1
| #define _REENTRANT 1
| #define FUSE_INTERNAL 1
| #define STDC_HEADERS 1
| #define HAVE_CTYPE_H 1
| #define HAVE_FCNTL_H 1
| #define HAVE_LIBGEN_H 1
| #define HAVE_LIMITS_H 1
| #define HAVE_LOCALE_H 1
| #define HAVE_MNTENT_H 1
| #define HAVE_STDDEF_H 1
| #define HAVE_STDINT_H 1
| #define HAVE_STDLIB_H 1
| #define HAVE_STDIO_H 1
| #define HAVE_STDARG_H 1
| #define HAVE_STRING_H 1
| #define HAVE_STRINGS_H 1
| #define HAVE_ERRNO_H 1
| #define HAVE_TIME_H 1
| #define HAVE_UNISTD_H 1
| #define HAVE_UTIME_H 1
| #define HAVE_WCHAR_H 1
| #define HAVE_GETOPT_H 1
| #define HAVE_FEATURES_H 1
| #define HAVE_ENDIAN_H 1
| #define HAVE_BYTESWAP_H 1
| #define HAVE_SYS_PARAM_H 1
| #define HAVE_SYS_IOCTL_H 1
| /* end confdefs.h.  */
| #include <sys/mkdev.h>
configure:20311: result: no
configure:20344: checking for sys/mkdev.h
configure:20352: result: no
configure:20235: checking sys/mount.h usability
configure:20252: mips-linux-uclibc-gcc -c -g -O2  conftest.c >&5
configure:20258: $? = 0
configure:20272: result: yes
configure:20276: checking sys/mount.h presence
configure:20291: mips-linux-uclibc-gcc -E  conftest.c
configure:20297: $? = 0
configure:20311: result: yes
configure:20344: checking for sys/mount.h
configure:20352: result: yes
configure:20225: checking for sys/stat.h
configure:20231: result: yes
configure:20225: checking for sys/types.h
configure:20231: result: yes
configure:20235: checking sys/vfs.h usability
configure:20252: mips-linux-uclibc-gcc -c -g -O2  conftest.c >&5
configure:20258: $? = 0
configure:20272: result: yes
configure:20276: checking sys/vfs.h presence
configure:20291: mips-linux-uclibc-gcc -E  conftest.c
configure:20297: $? = 0
configure:20311: result: yes
configure:20344: checking for sys/vfs.h
configure:20352: result: yes
configure:20235: checking sys/statvfs.h usability
configure:20252: mips-linux-uclibc-gcc -c -g -O2  conftest.c >&5
configure:20258: $? = 0
configure:20272: result: yes
configure:20276: checking sys/statvfs.h presence
configure:20291: mips-linux-uclibc-gcc -E  conftest.c
configure:20297: $? = 0
configure:20311: result: yes
configure:20344: checking for sys/statvfs.h
configure:20352: result: yes
configure:20235: checking sys/sysmacros.h usability
configure:20252: mips-linux-uclibc-gcc -c -g -O2  conftest.c >&5
configure:20258: $? = 0
configure:20272: result: yes
configure:20276: checking sys/sysmacros.h presence
configure:20291: mips-linux-uclibc-gcc -E  conftest.c
configure:20297: $? = 0
configure:20311: result: yes
configure:20344: checking for sys/sysmacros.h
configure:20352: result: yes
configure:20235: checking linux/major.h usability
configure:20252: mips-linux-uclibc-gcc -c -g -O2  conftest.c >&5
configure:20258: $? = 0
configure:20272: result: yes
configure:20276: checking linux/major.h presence
configure:20291: mips-linux-uclibc-gcc -E  conftest.c
configure:20297: $? = 0
configure:20311: result: yes
configure:20344: checking for linux/major.h
configure:20352: result: yes
configure:20235: checking linux/fd.h usability
configure:20252: mips-linux-uclibc-gcc -c -g -O2  conftest.c >&5
configure:20258: $? = 0
configure:20272: result: yes
configure:20276: checking linux/fd.h presence
configure:20291: mips-linux-uclibc-gcc -E  conftest.c
configure:20297: $? = 0
configure:20311: result: yes
configure:20344: checking for linux/fd.h
configure:20352: result: yes
configure:20235: checking linux/hdreg.h usability
configure:20252: mips-linux-uclibc-gcc -c -g -O2  conftest.c >&5
configure:20258: $? = 0
configure:20272: result: yes
configure:20276: checking linux/hdreg.h presence
configure:20291: mips-linux-uclibc-gcc -E  conftest.c
configure:20297: $? = 0
configure:20311: result: yes
configure:20344: checking for linux/hdreg.h
configure:20352: result: yes
configure:20235: checking machine/endian.h usability
configure:20252: mips-linux-uclibc-gcc -c -g -O2  conftest.c >&5
conftest.c:91:28: error: machine/endian.h: No such file or directory
configure:20258: $? = 1
configure: failed program was:
| /* confdefs.h.  */
| #define PACKAGE_NAME "ntfs-3g"
| #define PACKAGE_TARNAME "ntfs-3g"
| #define PACKAGE_VERSION "1.2918"
| #define PACKAGE_STRING "ntfs-3g 1.2918"
| #define PACKAGE_BUGREPORT "ntfs-3g-devel@lists.sf.net"
| #define PACKAGE "ntfs-3g"
| #define VERSION "1.2918"
| #define _GNU_SOURCE 1
| #define STDC_HEADERS 1
| #define HAVE_SYS_TYPES_H 1
| #define HAVE_SYS_STAT_H 1
| #define HAVE_STDLIB_H 1
| #define HAVE_STRING_H 1
| #define HAVE_MEMORY_H 1
| #define HAVE_STRINGS_H 1
| #define HAVE_INTTYPES_H 1
| #define HAVE_STDINT_H 1
| #define HAVE_UNISTD_H 1
| #define HAVE_DLFCN_H 1
| #define _REENTRANT 1
| #define FUSE_INTERNAL 1
| #define STDC_HEADERS 1
| #define HAVE_CTYPE_H 1
| #define HAVE_FCNTL_H 1
| #define HAVE_LIBGEN_H 1
| #define HAVE_LIMITS_H 1
| #define HAVE_LOCALE_H 1
| #define HAVE_MNTENT_H 1
| #define HAVE_STDDEF_H 1
| #define HAVE_STDINT_H 1
| #define HAVE_STDLIB_H 1
| #define HAVE_STDIO_H 1
| #define HAVE_STDARG_H 1
| #define HAVE_STRING_H 1
| #define HAVE_STRINGS_H 1
| #define HAVE_ERRNO_H 1
| #define HAVE_TIME_H 1
| #define HAVE_UNISTD_H 1
| #define HAVE_UTIME_H 1
| #define HAVE_WCHAR_H 1
| #define HAVE_GETOPT_H 1
| #define HAVE_FEATURES_H 1
| #define HAVE_ENDIAN_H 1
| #define HAVE_BYTESWAP_H 1
| #define HAVE_SYS_PARAM_H 1
| #define HAVE_SYS_IOCTL_H 1
| #define HAVE_SYS_MOUNT_H 1
| #define HAVE_SYS_STAT_H 1
| #define HAVE_SYS_TYPES_H 1
| #define HAVE_SYS_VFS_H 1
| #define HAVE_SYS_STATVFS_H 1
| #define HAVE_SYS_SYSMACROS_H 1
| #define HAVE_LINUX_MAJOR_H 1
| #define HAVE_LINUX_FD_H 1
| #define HAVE_LINUX_HDREG_H 1
| /* end confdefs.h.  */
| #include <stdio.h>
| #ifdef HAVE_SYS_TYPES_H
| # include <sys/types.h>
| #endif
| #ifdef HAVE_SYS_STAT_H
| # include <sys/stat.h>
| #endif
| #ifdef STDC_HEADERS
| # include <stdlib.h>
| # include <stddef.h>
| #else
| # ifdef HAVE_STDLIB_H
| #  include <stdlib.h>
| # endif
| #endif
| #ifdef HAVE_STRING_H
| # if !defined STDC_HEADERS && defined HAVE_MEMORY_H
| #  include <memory.h>
| # endif
| # include <string.h>
| #endif
| #ifdef HAVE_STRINGS_H
| # include <strings.h>
| #endif
| #ifdef HAVE_INTTYPES_H
| # include <inttypes.h>
| #endif
| #ifdef HAVE_STDINT_H
| # include <stdint.h>
| #endif
| #ifdef HAVE_UNISTD_H
| # include <unistd.h>
| #endif
| #include <machine/endian.h>
configure:20272: result: no
configure:20276: checking machine/endian.h presence
configure:20291: mips-linux-uclibc-gcc -E  conftest.c
conftest.c:58:28: error: machine/endian.h: No such file or directory
configure:20297: $? = 1
configure: failed program was:
| /* confdefs.h.  */
| #define PACKAGE_NAME "ntfs-3g"
| #define PACKAGE_TARNAME "ntfs-3g"
| #define PACKAGE_VERSION "1.2918"
| #define PACKAGE_STRING "ntfs-3g 1.2918"
| #define PACKAGE_BUGREPORT "ntfs-3g-devel@lists.sf.net"
| #define PACKAGE "ntfs-3g"
| #define VERSION "1.2918"
| #define _GNU_SOURCE 1
| #define STDC_HEADERS 1
| #define HAVE_SYS_TYPES_H 1
| #define HAVE_SYS_STAT_H 1
| #define HAVE_STDLIB_H 1
| #define HAVE_STRING_H 1
| #define HAVE_MEMORY_H 1
| #define HAVE_STRINGS_H 1
| #define HAVE_INTTYPES_H 1
| #define HAVE_STDINT_H 1
| #define HAVE_UNISTD_H 1
| #define HAVE_DLFCN_H 1
| #define _REENTRANT 1
| #define FUSE_INTERNAL 1
| #define STDC_HEADERS 1
| #define HAVE_CTYPE_H 1
| #define HAVE_FCNTL_H 1
| #define HAVE_LIBGEN_H 1
| #define HAVE_LIMITS_H 1
| #define HAVE_LOCALE_H 1
| #define HAVE_MNTENT_H 1
| #define HAVE_STDDEF_H 1
| #define HAVE_STDINT_H 1
| #define HAVE_STDLIB_H 1
| #define HAVE_STDIO_H 1
| #define HAVE_STDARG_H 1
| #define HAVE_STRING_H 1
| #define HAVE_STRINGS_H 1
| #define HAVE_ERRNO_H 1
| #define HAVE_TIME_H 1
| #define HAVE_UNISTD_H 1
| #define HAVE_UTIME_H 1
| #define HAVE_WCHAR_H 1
| #define HAVE_GETOPT_H 1
| #define HAVE_FEATURES_H 1
| #define HAVE_ENDIAN_H 1
| #define HAVE_BYTESWAP_H 1
| #define HAVE_SYS_PARAM_H 1
| #define HAVE_SYS_IOCTL_H 1
| #define HAVE_SYS_MOUNT_H 1
| #define HAVE_SYS_STAT_H 1
| #define HAVE_SYS_TYPES_H 1
| #define HAVE_SYS_VFS_H 1
| #define HAVE_SYS_STATVFS_H 1
| #define HAVE_SYS_SYSMACROS_H 1
| #define HAVE_LINUX_MAJOR_H 1
| #define HAVE_LINUX_FD_H 1
| #define HAVE_LINUX_HDREG_H 1
| /* end confdefs.h.  */
| #include <machine/endian.h>
configure:20311: result: no
configure:20344: checking for machine/endian.h
configure:20352: result: no
configure:20235: checking windows.h usability
configure:20252: mips-linux-uclibc-gcc -c -g -O2  conftest.c >&5
conftest.c:91:21: error: windows.h: No such file or directory
configure:20258: $? = 1
configure: failed program was:
| /* confdefs.h.  */
| #define PACKAGE_NAME "ntfs-3g"
| #define PACKAGE_TARNAME "ntfs-3g"
| #define PACKAGE_VERSION "1.2918"
| #define PACKAGE_STRING "ntfs-3g 1.2918"
| #define PACKAGE_BUGREPORT "ntfs-3g-devel@lists.sf.net"
| #define PACKAGE "ntfs-3g"
| #define VERSION "1.2918"
| #define _GNU_SOURCE 1
| #define STDC_HEADERS 1
| #define HAVE_SYS_TYPES_H 1
| #define HAVE_SYS_STAT_H 1
| #define HAVE_STDLIB_H 1
| #define HAVE_STRING_H 1
| #define HAVE_MEMORY_H 1
| #define HAVE_STRINGS_H 1
| #define HAVE_INTTYPES_H 1
| #define HAVE_STDINT_H 1
| #define HAVE_UNISTD_H 1
| #define HAVE_DLFCN_H 1
| #define _REENTRANT 1
| #define FUSE_INTERNAL 1
| #define STDC_HEADERS 1
| #define HAVE_CTYPE_H 1
| #define HAVE_FCNTL_H 1
| #define HAVE_LIBGEN_H 1
| #define HAVE_LIMITS_H 1
| #define HAVE_LOCALE_H 1
| #define HAVE_MNTENT_H 1
| #define HAVE_STDDEF_H 1
| #define HAVE_STDINT_H 1
| #define HAVE_STDLIB_H 1
| #define HAVE_STDIO_H 1
| #define HAVE_STDARG_H 1
| #define HAVE_STRING_H 1
| #define HAVE_STRINGS_H 1
| #define HAVE_ERRNO_H 1
| #define HAVE_TIME_H 1
| #define HAVE_UNISTD_H 1
| #define HAVE_UTIME_H 1
| #define HAVE_WCHAR_H 1
| #define HAVE_GETOPT_H 1
| #define HAVE_FEATURES_H 1
| #define HAVE_ENDIAN_H 1
| #define HAVE_BYTESWAP_H 1
| #define HAVE_SYS_PARAM_H 1
| #define HAVE_SYS_IOCTL_H 1
| #define HAVE_SYS_MOUNT_H 1
| #define HAVE_SYS_STAT_H 1
| #define HAVE_SYS_TYPES_H 1
| #define HAVE_SYS_VFS_H 1
| #define HAVE_SYS_STATVFS_H 1
| #define HAVE_SYS_SYSMACROS_H 1
| #define HAVE_LINUX_MAJOR_H 1
| #define HAVE_LINUX_FD_H 1
| #define HAVE_LINUX_HDREG_H 1
| /* end confdefs.h.  */
| #include <stdio.h>
| #ifdef HAVE_SYS_TYPES_H
| # include <sys/types.h>
| #endif
| #ifdef HAVE_SYS_STAT_H
| # include <sys/stat.h>
| #endif
| #ifdef STDC_HEADERS
| # include <stdlib.h>
| # include <stddef.h>
| #else
| # ifdef HAVE_STDLIB_H
| #  include <stdlib.h>
| # endif
| #endif
| #ifdef HAVE_STRING_H
| # if !defined STDC_HEADERS && defined HAVE_MEMORY_H
| #  include <memory.h>
| # endif
| # include <string.h>
| #endif
| #ifdef HAVE_STRINGS_H
| # include <strings.h>
| #endif
| #ifdef HAVE_INTTYPES_H
| # include <inttypes.h>
| #endif
| #ifdef HAVE_STDINT_H
| # include <stdint.h>
| #endif
| #ifdef HAVE_UNISTD_H
| # include <unistd.h>
| #endif
| #include <windows.h>
configure:20272: result: no
configure:20276: checking windows.h presence
configure:20291: mips-linux-uclibc-gcc -E  conftest.c
conftest.c:58:21: error: windows.h: No such file or directory
configure:20297: $? = 1
configure: failed program was:
| /* confdefs.h.  */
| #define PACKAGE_NAME "ntfs-3g"
| #define PACKAGE_TARNAME "ntfs-3g"
| #define PACKAGE_VERSION "1.2918"
| #define PACKAGE_STRING "ntfs-3g 1.2918"
| #define PACKAGE_BUGREPORT "ntfs-3g-devel@lists.sf.net"
| #define PACKAGE "ntfs-3g"
| #define VERSION "1.2918"
| #define _GNU_SOURCE 1
| #define STDC_HEADERS 1
| #define HAVE_SYS_TYPES_H 1
| #define HAVE_SYS_STAT_H 1
| #define HAVE_STDLIB_H 1
| #define HAVE_STRING_H 1
| #define HAVE_MEMORY_H 1
| #define HAVE_STRINGS_H 1
| #define HAVE_INTTYPES_H 1
| #define HAVE_STDINT_H 1
| #define HAVE_UNISTD_H 1
| #define HAVE_DLFCN_H 1
| #define _REENTRANT 1
| #define FUSE_INTERNAL 1
| #define STDC_HEADERS 1
| #define HAVE_CTYPE_H 1
| #define HAVE_FCNTL_H 1
| #define HAVE_LIBGEN_H 1
| #define HAVE_LIMITS_H 1
| #define HAVE_LOCALE_H 1
| #define HAVE_MNTENT_H 1
| #define HAVE_STDDEF_H 1
| #define HAVE_STDINT_H 1
| #define HAVE_STDLIB_H 1
| #define HAVE_STDIO_H 1
| #define HAVE_STDARG_H 1
| #define HAVE_STRING_H 1
| #define HAVE_STRINGS_H 1
| #define HAVE_ERRNO_H 1
| #define HAVE_TIME_H 1
| #define HAVE_UNISTD_H 1
| #define HAVE_UTIME_H 1
| #define HAVE_WCHAR_H 1
| #define HAVE_GETOPT_H 1
| #define HAVE_FEATURES_H 1
| #define HAVE_ENDIAN_H 1
| #define HAVE_BYTESWAP_H 1
| #define HAVE_SYS_PARAM_H 1
| #define HAVE_SYS_IOCTL_H 1
| #define HAVE_SYS_MOUNT_H 1
| #define HAVE_SYS_STAT_H 1
| #define HAVE_SYS_TYPES_H 1
| #define HAVE_SYS_VFS_H 1
| #define HAVE_SYS_STATVFS_H 1
| #define HAVE_SYS_SYSMACROS_H 1
| #define HAVE_LINUX_MAJOR_H 1
| #define HAVE_LINUX_FD_H 1
| #define HAVE_LINUX_HDREG_H 1
| /* end confdefs.h.  */
| #include <windows.h>
configure:20311: result: no
configure:20344: checking for windows.h
configure:20352: result: no
configure:20235: checking syslog.h usability
configure:20252: mips-linux-uclibc-gcc -c -g -O2  conftest.c >&5
configure:20258: $? = 0
configure:20272: result: yes
configure:20276: checking syslog.h presence
configure:20291: mips-linux-uclibc-gcc -E  conftest.c
configure:20297: $? = 0
configure:20311: result: yes
configure:20344: checking for syslog.h
configure:20352: result: yes
configure:20367: checking for stdbool.h that conforms to C99
configure:20460: mips-linux-uclibc-gcc -c -g -O2  conftest.c >&5
configure:20466: $? = 0
configure:20481: result: yes
configure:20483: checking for _Bool
configure:20513: mips-linux-uclibc-gcc -c -g -O2  conftest.c >&5
configure:20519: $? = 0
configure:20534: result: yes
configure:20553: checking whether byte ordering is bigendian
configure:20586: mips-linux-uclibc-gcc -c -g -O2  conftest.c >&5
configure:20592: $? = 0
configure:20624: mips-linux-uclibc-gcc -c -g -O2  conftest.c >&5
configure:20630: $? = 0
configure:20770: result: yes
configure:20796: checking for an ANSI C-conforming const
configure:20871: mips-linux-uclibc-gcc -c -g -O2  conftest.c >&5
configure:20877: $? = 0
configure:20892: result: yes
configure:20902: checking for inline
configure:20928: mips-linux-uclibc-gcc -c -g -O2  conftest.c >&5
configure:20934: $? = 0
configure:20952: result: inline
configure:20971: checking for off_t
configure:21001: mips-linux-uclibc-gcc -c -g -O2  conftest.c >&5
configure:21007: $? = 0
configure:21022: result: yes
configure:21034: checking for size_t
configure:21064: mips-linux-uclibc-gcc -c -g -O2  conftest.c >&5
configure:21070: $? = 0
configure:21085: result: yes
configure:21097: checking for struct stat.st_blocks
configure:21125: mips-linux-uclibc-gcc -c -g -O2  conftest.c >&5
configure:21131: $? = 0
configure:21188: result: yes
configure:21211: checking for struct stat.st_rdev
configure:21239: mips-linux-uclibc-gcc -c -g -O2  conftest.c >&5
configure:21245: $? = 0
configure:21302: result: yes
configure:21313: checking for struct stat.st_atim
configure:21341: mips-linux-uclibc-gcc -c -g -O2  conftest.c >&5
conftest.c: In function 'main':
conftest.c:102: error: 'struct stat' has no member named 'st_atim'
configure:21347: $? = 1
configure: failed program was:
| /* confdefs.h.  */
| #define PACKAGE_NAME "ntfs-3g"
| #define PACKAGE_TARNAME "ntfs-3g"
| #define PACKAGE_VERSION "1.2918"
| #define PACKAGE_STRING "ntfs-3g 1.2918"
| #define PACKAGE_BUGREPORT "ntfs-3g-devel@lists.sf.net"
| #define PACKAGE "ntfs-3g"
| #define VERSION "1.2918"
| #define _GNU_SOURCE 1
| #define STDC_HEADERS 1
| #define HAVE_SYS_TYPES_H 1
| #define HAVE_SYS_STAT_H 1
| #define HAVE_STDLIB_H 1
| #define HAVE_STRING_H 1
| #define HAVE_MEMORY_H 1
| #define HAVE_STRINGS_H 1
| #define HAVE_INTTYPES_H 1
| #define HAVE_STDINT_H 1
| #define HAVE_UNISTD_H 1
| #define HAVE_DLFCN_H 1
| #define _REENTRANT 1
| #define FUSE_INTERNAL 1
| #define STDC_HEADERS 1
| #define HAVE_CTYPE_H 1
| #define HAVE_FCNTL_H 1
| #define HAVE_LIBGEN_H 1
| #define HAVE_LIMITS_H 1
| #define HAVE_LOCALE_H 1
| #define HAVE_MNTENT_H 1
| #define HAVE_STDDEF_H 1
| #define HAVE_STDINT_H 1
| #define HAVE_STDLIB_H 1
| #define HAVE_STDIO_H 1
| #define HAVE_STDARG_H 1
| #define HAVE_STRING_H 1
| #define HAVE_STRINGS_H 1
| #define HAVE_ERRNO_H 1
| #define HAVE_TIME_H 1
| #define HAVE_UNISTD_H 1
| #define HAVE_UTIME_H 1
| #define HAVE_WCHAR_H 1
| #define HAVE_GETOPT_H 1
| #define HAVE_FEATURES_H 1
| #define HAVE_ENDIAN_H 1
| #define HAVE_BYTESWAP_H 1
| #define HAVE_SYS_PARAM_H 1
| #define HAVE_SYS_IOCTL_H 1
| #define HAVE_SYS_MOUNT_H 1
| #define HAVE_SYS_STAT_H 1
| #define HAVE_SYS_TYPES_H 1
| #define HAVE_SYS_VFS_H 1
| #define HAVE_SYS_STATVFS_H 1
| #define HAVE_SYS_SYSMACROS_H 1
| #define HAVE_LINUX_MAJOR_H 1
| #define HAVE_LINUX_FD_H 1
| #define HAVE_LINUX_HDREG_H 1
| #define HAVE_SYSLOG_H 1
| #define HAVE__BOOL 1
| #define HAVE_STDBOOL_H 1
| #define WORDS_BIGENDIAN 1
| #define HAVE_STRUCT_STAT_ST_BLOCKS 1
| #define HAVE_ST_BLOCKS 1
| #define HAVE_STRUCT_STAT_ST_RDEV 1
| /* end confdefs.h.  */
| #include <stdio.h>
| #ifdef HAVE_SYS_TYPES_H
| # include <sys/types.h>
| #endif
| #ifdef HAVE_SYS_STAT_H
| # include <sys/stat.h>
| #endif
| #ifdef STDC_HEADERS
| # include <stdlib.h>
| # include <stddef.h>
| #else
| # ifdef HAVE_STDLIB_H
| #  include <stdlib.h>
| # endif
| #endif
| #ifdef HAVE_STRING_H
| # if !defined STDC_HEADERS && defined HAVE_MEMORY_H
| #  include <memory.h>
| # endif
| # include <string.h>
| #endif
| #ifdef HAVE_STRINGS_H
| # include <strings.h>
| #endif
| #ifdef HAVE_INTTYPES_H
| # include <inttypes.h>
| #endif
| #ifdef HAVE_STDINT_H
| # include <stdint.h>
| #endif
| #ifdef HAVE_UNISTD_H
| # include <unistd.h>
| #endif
| int
| main ()
| {
| static struct stat ac_aggr;
| if (ac_aggr.st_atim)
| return 0;
|   ;
|   return 0;
| }
configure:21380: mips-linux-uclibc-gcc -c -g -O2  conftest.c >&5
conftest.c: In function 'main':
conftest.c:102: error: 'struct stat' has no member named 'st_atim'
configure:21386: $? = 1
configure: failed program was:
| /* confdefs.h.  */
| #define PACKAGE_NAME "ntfs-3g"
| #define PACKAGE_TARNAME "ntfs-3g"
| #define PACKAGE_VERSION "1.2918"
| #define PACKAGE_STRING "ntfs-3g 1.2918"
| #define PACKAGE_BUGREPORT "ntfs-3g-devel@lists.sf.net"
| #define PACKAGE "ntfs-3g"
| #define VERSION "1.2918"
| #define _GNU_SOURCE 1
| #define STDC_HEADERS 1
| #define HAVE_SYS_TYPES_H 1
| #define HAVE_SYS_STAT_H 1
| #define HAVE_STDLIB_H 1
| #define HAVE_STRING_H 1
| #define HAVE_MEMORY_H 1
| #define HAVE_STRINGS_H 1
| #define HAVE_INTTYPES_H 1
| #define HAVE_STDINT_H 1
| #define HAVE_UNISTD_H 1
| #define HAVE_DLFCN_H 1
| #define _REENTRANT 1
| #define FUSE_INTERNAL 1
| #define STDC_HEADERS 1
| #define HAVE_CTYPE_H 1
| #define HAVE_FCNTL_H 1
| #define HAVE_LIBGEN_H 1
| #define HAVE_LIMITS_H 1
| #define HAVE_LOCALE_H 1
| #define HAVE_MNTENT_H 1
| #define HAVE_STDDEF_H 1
| #define HAVE_STDINT_H 1
| #define HAVE_STDLIB_H 1
| #define HAVE_STDIO_H 1
| #define HAVE_STDARG_H 1
| #define HAVE_STRING_H 1
| #define HAVE_STRINGS_H 1
| #define HAVE_ERRNO_H 1
| #define HAVE_TIME_H 1
| #define HAVE_UNISTD_H 1
| #define HAVE_UTIME_H 1
| #define HAVE_WCHAR_H 1
| #define HAVE_GETOPT_H 1
| #define HAVE_FEATURES_H 1
| #define HAVE_ENDIAN_H 1
| #define HAVE_BYTESWAP_H 1
| #define HAVE_SYS_PARAM_H 1
| #define HAVE_SYS_IOCTL_H 1
| #define HAVE_SYS_MOUNT_H 1
| #define HAVE_SYS_STAT_H 1
| #define HAVE_SYS_TYPES_H 1
| #define HAVE_SYS_VFS_H 1
| #define HAVE_SYS_STATVFS_H 1
| #define HAVE_SYS_SYSMACROS_H 1
| #define HAVE_LINUX_MAJOR_H 1
| #define HAVE_LINUX_FD_H 1
| #define HAVE_LINUX_HDREG_H 1
| #define HAVE_SYSLOG_H 1
| #define HAVE__BOOL 1
| #define HAVE_STDBOOL_H 1
| #define WORDS_BIGENDIAN 1
| #define HAVE_STRUCT_STAT_ST_BLOCKS 1
| #define HAVE_ST_BLOCKS 1
| #define HAVE_STRUCT_STAT_ST_RDEV 1
| /* end confdefs.h.  */
| #include <stdio.h>
| #ifdef HAVE_SYS_TYPES_H
| # include <sys/types.h>
| #endif
| #ifdef HAVE_SYS_STAT_H
| # include <sys/stat.h>
| #endif
| #ifdef STDC_HEADERS
| # include <stdlib.h>
| # include <stddef.h>
| #else
| # ifdef HAVE_STDLIB_H
| #  include <stdlib.h>
| # endif
| #endif
| #ifdef HAVE_STRING_H
| # if !defined STDC_HEADERS && defined HAVE_MEMORY_H
| #  include <memory.h>
| # endif
| # include <string.h>
| #endif
| #ifdef HAVE_STRINGS_H
| # include <strings.h>
| #endif
| #ifdef HAVE_INTTYPES_H
| # include <inttypes.h>
| #endif
| #ifdef HAVE_STDINT_H
| # include <stdint.h>
| #endif
| #ifdef HAVE_UNISTD_H
| # include <unistd.h>
| #endif
| int
| main ()
| {
| static struct stat ac_aggr;
| if (sizeof ac_aggr.st_atim)
| return 0;
|   ;
|   return 0;
| }
configure:21404: result: no
configure:21415: checking for struct stat.st_atimespec
configure:21443: mips-linux-uclibc-gcc -c -g -O2  conftest.c >&5
conftest.c: In function 'main':
conftest.c:102: error: 'struct stat' has no member named 'st_atimespec'
configure:21449: $? = 1
configure: failed program was:
| /* confdefs.h.  */
| #define PACKAGE_NAME "ntfs-3g"
| #define PACKAGE_TARNAME "ntfs-3g"
| #define PACKAGE_VERSION "1.2918"
| #define PACKAGE_STRING "ntfs-3g 1.2918"
| #define PACKAGE_BUGREPORT "ntfs-3g-devel@lists.sf.net"
| #define PACKAGE "ntfs-3g"
| #define VERSION "1.2918"
| #define _GNU_SOURCE 1
| #define STDC_HEADERS 1
| #define HAVE_SYS_TYPES_H 1
| #define HAVE_SYS_STAT_H 1
| #define HAVE_STDLIB_H 1
| #define HAVE_STRING_H 1
| #define HAVE_MEMORY_H 1
| #define HAVE_STRINGS_H 1
| #define HAVE_INTTYPES_H 1
| #define HAVE_STDINT_H 1
| #define HAVE_UNISTD_H 1
| #define HAVE_DLFCN_H 1
| #define _REENTRANT 1
| #define FUSE_INTERNAL 1
| #define STDC_HEADERS 1
| #define HAVE_CTYPE_H 1
| #define HAVE_FCNTL_H 1
| #define HAVE_LIBGEN_H 1
| #define HAVE_LIMITS_H 1
| #define HAVE_LOCALE_H 1
| #define HAVE_MNTENT_H 1
| #define HAVE_STDDEF_H 1
| #define HAVE_STDINT_H 1
| #define HAVE_STDLIB_H 1
| #define HAVE_STDIO_H 1
| #define HAVE_STDARG_H 1
| #define HAVE_STRING_H 1
| #define HAVE_STRINGS_H 1
| #define HAVE_ERRNO_H 1
| #define HAVE_TIME_H 1
| #define HAVE_UNISTD_H 1
| #define HAVE_UTIME_H 1
| #define HAVE_WCHAR_H 1
| #define HAVE_GETOPT_H 1
| #define HAVE_FEATURES_H 1
| #define HAVE_ENDIAN_H 1
| #define HAVE_BYTESWAP_H 1
| #define HAVE_SYS_PARAM_H 1
| #define HAVE_SYS_IOCTL_H 1
| #define HAVE_SYS_MOUNT_H 1
| #define HAVE_SYS_STAT_H 1
| #define HAVE_SYS_TYPES_H 1
| #define HAVE_SYS_VFS_H 1
| #define HAVE_SYS_STATVFS_H 1
| #define HAVE_SYS_SYSMACROS_H 1
| #define HAVE_LINUX_MAJOR_H 1
| #define HAVE_LINUX_FD_H 1
| #define HAVE_LINUX_HDREG_H 1
| #define HAVE_SYSLOG_H 1
| #define HAVE__BOOL 1
| #define HAVE_STDBOOL_H 1
| #define WORDS_BIGENDIAN 1
| #define HAVE_STRUCT_STAT_ST_BLOCKS 1
| #define HAVE_ST_BLOCKS 1
| #define HAVE_STRUCT_STAT_ST_RDEV 1
| /* end confdefs.h.  */
| #include <stdio.h>
| #ifdef HAVE_SYS_TYPES_H
| # include <sys/types.h>
| #endif
| #ifdef HAVE_SYS_STAT_H
| # include <sys/stat.h>
| #endif
| #ifdef STDC_HEADERS
| # include <stdlib.h>
| # include <stddef.h>
| #else
| # ifdef HAVE_STDLIB_H
| #  include <stdlib.h>
| # endif
| #endif
| #ifdef HAVE_STRING_H
| # if !defined STDC_HEADERS && defined HAVE_MEMORY_H
| #  include <memory.h>
| # endif
| # include <string.h>
| #endif
| #ifdef HAVE_STRINGS_H
| # include <strings.h>
| #endif
| #ifdef HAVE_INTTYPES_H
| # include <inttypes.h>
| #endif
| #ifdef HAVE_STDINT_H
| # include <stdint.h>
| #endif
| #ifdef HAVE_UNISTD_H
| # include <unistd.h>
| #endif
| int
| main ()
| {
| static struct stat ac_aggr;
| if (ac_aggr.st_atimespec)
| return 0;
|   ;
|   return 0;
| }
configure:21482: mips-linux-uclibc-gcc -c -g -O2  conftest.c >&5
conftest.c: In function 'main':
conftest.c:102: error: 'struct stat' has no member named 'st_atimespec'
configure:21488: $? = 1
configure: failed program was:
| /* confdefs.h.  */
| #define PACKAGE_NAME "ntfs-3g"
| #define PACKAGE_TARNAME "ntfs-3g"
| #define PACKAGE_VERSION "1.2918"
| #define PACKAGE_STRING "ntfs-3g 1.2918"
| #define PACKAGE_BUGREPORT "ntfs-3g-devel@lists.sf.net"
| #define PACKAGE "ntfs-3g"
| #define VERSION "1.2918"
| #define _GNU_SOURCE 1
| #define STDC_HEADERS 1
| #define HAVE_SYS_TYPES_H 1
| #define HAVE_SYS_STAT_H 1
| #define HAVE_STDLIB_H 1
| #define HAVE_STRING_H 1
| #define HAVE_MEMORY_H 1
| #define HAVE_STRINGS_H 1
| #define HAVE_INTTYPES_H 1
| #define HAVE_STDINT_H 1
| #define HAVE_UNISTD_H 1
| #define HAVE_DLFCN_H 1
| #define _REENTRANT 1
| #define FUSE_INTERNAL 1
| #define STDC_HEADERS 1
| #define HAVE_CTYPE_H 1
| #define HAVE_FCNTL_H 1
| #define HAVE_LIBGEN_H 1
| #define HAVE_LIMITS_H 1
| #define HAVE_LOCALE_H 1
| #define HAVE_MNTENT_H 1
| #define HAVE_STDDEF_H 1
| #define HAVE_STDINT_H 1
| #define HAVE_STDLIB_H 1
| #define HAVE_STDIO_H 1
| #define HAVE_STDARG_H 1
| #define HAVE_STRING_H 1
| #define HAVE_STRINGS_H 1
| #define HAVE_ERRNO_H 1
| #define HAVE_TIME_H 1
| #define HAVE_UNISTD_H 1
| #define HAVE_UTIME_H 1
| #define HAVE_WCHAR_H 1
| #define HAVE_GETOPT_H 1
| #define HAVE_FEATURES_H 1
| #define HAVE_ENDIAN_H 1
| #define HAVE_BYTESWAP_H 1
| #define HAVE_SYS_PARAM_H 1
| #define HAVE_SYS_IOCTL_H 1
| #define HAVE_SYS_MOUNT_H 1
| #define HAVE_SYS_STAT_H 1
| #define HAVE_SYS_TYPES_H 1
| #define HAVE_SYS_VFS_H 1
| #define HAVE_SYS_STATVFS_H 1
| #define HAVE_SYS_SYSMACROS_H 1
| #define HAVE_LINUX_MAJOR_H 1
| #define HAVE_LINUX_FD_H 1
| #define HAVE_LINUX_HDREG_H 1
| #define HAVE_SYSLOG_H 1
| #define HAVE__BOOL 1
| #define HAVE_STDBOOL_H 1
| #define WORDS_BIGENDIAN 1
| #define HAVE_STRUCT_STAT_ST_BLOCKS 1
| #define HAVE_ST_BLOCKS 1
| #define HAVE_STRUCT_STAT_ST_RDEV 1
| /* end confdefs.h.  */
| #include <stdio.h>
| #ifdef HAVE_SYS_TYPES_H
| # include <sys/types.h>
| #endif
| #ifdef HAVE_SYS_STAT_H
| # include <sys/stat.h>
| #endif
| #ifdef STDC_HEADERS
| # include <stdlib.h>
| # include <stddef.h>
| #else
| # ifdef HAVE_STDLIB_H
| #  include <stdlib.h>
| # endif
| #endif
| #ifdef HAVE_STRING_H
| # if !defined STDC_HEADERS && defined HAVE_MEMORY_H
| #  include <memory.h>
| # endif
| # include <string.h>
| #endif
| #ifdef HAVE_STRINGS_H
| # include <strings.h>
| #endif
| #ifdef HAVE_INTTYPES_H
| # include <inttypes.h>
| #endif
| #ifdef HAVE_STDINT_H
| # include <stdint.h>
| #endif
| #ifdef HAVE_UNISTD_H
| # include <unistd.h>
| #endif
| int
| main ()
| {
| static struct stat ac_aggr;
| if (sizeof ac_aggr.st_atimespec)
| return 0;
|   ;
|   return 0;
| }
configure:21506: result: no
configure:21521: checking for library containing getmntent
configure:21562: mips-linux-uclibc-gcc -o conftest -g -O2   conftest.c  >&5
configure:21568: $? = 0
configure:21596: result: none required
configure:21613: checking whether mbrtowc and mbstate_t are properly declared
configure:21643: mips-linux-uclibc-gcc -o conftest -g -O2   conftest.c  >&5
configure:21649: $? = 0
configure:21666: result: yes
configure:21676: checking for working memcmp
configure:21757: result: no
configure:21766: checking whether lstat dereferences a symlink specified with a trailing slash
configure:21837: result: no
configure:21856: checking whether stat accepts an empty string
configure:21914: result: yes
configure:21934: checking for strftime
configure:21990: mips-linux-uclibc-gcc -o conftest -g -O2   conftest.c  >&5
conftest.c:91: warning: conflicting types for built-in function 'strftime'
configure:21996: $? = 0
configure:22014: result: yes
configure:22103: checking for utime.h
configure:22109: result: yes
configure:22251: checking whether utime accepts a null argument
configure:22318: result: no
configure:22333: checking for vprintf
configure:22389: mips-linux-uclibc-gcc -o conftest -g -O2   conftest.c  >&5
conftest.c:93: warning: conflicting types for built-in function 'vprintf'
configure:22395: $? = 0
configure:22413: result: yes
configure:22420: checking for _doprnt
configure:22476: mips-linux-uclibc-gcc -o conftest -g -O2   conftest.c  >&5
/tmp/ccCJQz2a.o: In function `main':
/home/yangxu/tplink/lantiq_lettuce/tpbsp/apps/public/ntfs-3g-1.2918/conftest.c:105: undefined reference to `_doprnt'
collect2: ld returned 1 exit status
configure:22482: $? = 1
configure: failed program was:
| /* confdefs.h.  */
| #define PACKAGE_NAME "ntfs-3g"
| #define PACKAGE_TARNAME "ntfs-3g"
| #define PACKAGE_VERSION "1.2918"
| #define PACKAGE_STRING "ntfs-3g 1.2918"
| #define PACKAGE_BUGREPORT "ntfs-3g-devel@lists.sf.net"
| #define PACKAGE "ntfs-3g"
| #define VERSION "1.2918"
| #define _GNU_SOURCE 1
| #define STDC_HEADERS 1
| #define HAVE_SYS_TYPES_H 1
| #define HAVE_SYS_STAT_H 1
| #define HAVE_STDLIB_H 1
| #define HAVE_STRING_H 1
| #define HAVE_MEMORY_H 1
| #define HAVE_STRINGS_H 1
| #define HAVE_INTTYPES_H 1
| #define HAVE_STDINT_H 1
| #define HAVE_UNISTD_H 1
| #define HAVE_DLFCN_H 1
| #define _REENTRANT 1
| #define FUSE_INTERNAL 1
| #define STDC_HEADERS 1
| #define HAVE_CTYPE_H 1
| #define HAVE_FCNTL_H 1
| #define HAVE_LIBGEN_H 1
| #define HAVE_LIMITS_H 1
| #define HAVE_LOCALE_H 1
| #define HAVE_MNTENT_H 1
| #define HAVE_STDDEF_H 1
| #define HAVE_STDINT_H 1
| #define HAVE_STDLIB_H 1
| #define HAVE_STDIO_H 1
| #define HAVE_STDARG_H 1
| #define HAVE_STRING_H 1
| #define HAVE_STRINGS_H 1
| #define HAVE_ERRNO_H 1
| #define HAVE_TIME_H 1
| #define HAVE_UNISTD_H 1
| #define HAVE_UTIME_H 1
| #define HAVE_WCHAR_H 1
| #define HAVE_GETOPT_H 1
| #define HAVE_FEATURES_H 1
| #define HAVE_ENDIAN_H 1
| #define HAVE_BYTESWAP_H 1
| #define HAVE_SYS_PARAM_H 1
| #define HAVE_SYS_IOCTL_H 1
| #define HAVE_SYS_MOUNT_H 1
| #define HAVE_SYS_STAT_H 1
| #define HAVE_SYS_TYPES_H 1
| #define HAVE_SYS_VFS_H 1
| #define HAVE_SYS_STATVFS_H 1
| #define HAVE_SYS_SYSMACROS_H 1
| #define HAVE_LINUX_MAJOR_H 1
| #define HAVE_LINUX_FD_H 1
| #define HAVE_LINUX_HDREG_H 1
| #define HAVE_SYSLOG_H 1
| #define HAVE__BOOL 1
| #define HAVE_STDBOOL_H 1
| #define WORDS_BIGENDIAN 1
| #define HAVE_STRUCT_STAT_ST_BLOCKS 1
| #define HAVE_ST_BLOCKS 1
| #define HAVE_STRUCT_STAT_ST_RDEV 1
| #define HAVE_GETMNTENT
| #define HAVE_MBRTOWC 1
| #define HAVE_STAT_EMPTY_STRING_BUG 1
| #define HAVE_STRFTIME 1
| #define HAVE_UTIME_H 1
| #define HAVE_VPRINTF 1
| /* end confdefs.h.  */
| /* Define _doprnt to an innocuous variant, in case <limits.h> declares _doprnt.
|    For example, HP-UX 11i <limits.h> declares gettimeofday.  */
| #define _doprnt innocuous__doprnt
| 
| /* System header to define __stub macros and hopefully few prototypes,
|     which can conflict with char _doprnt (); below.
|     Prefer <limits.h> to <assert.h> if __STDC__ is defined, since
|     <limits.h> exists even on freestanding compilers.  */
| 
| #ifdef __STDC__
| # include <limits.h>
| #else
| # include <assert.h>
| #endif
| 
| #undef _doprnt
| 
| /* Override any GCC internal prototype to avoid an error.
|    Use char because int might match the return type of a GCC
|    builtin and then its argument prototype would still apply.  */
| #ifdef __cplusplus
| extern "C"
| #endif
| char _doprnt ();
| /* The GNU C library defines this for functions which it implements
|     to always fail with ENOSYS.  Some functions are actually named
|     something starting with __ and the normal name is an alias.  */
| #if defined __stub__doprnt || defined __stub____doprnt
| choke me
| #endif
| 
| int
| main ()
| {
| return _doprnt ();
|   ;
|   return 0;
| }
configure:22499: result: no
configure:22547: checking for atexit
configure:22603: mips-linux-uclibc-gcc -o conftest -g -O2   conftest.c  >&5
configure:22609: $? = 0
configure:22627: result: yes
configure:22547: checking for basename
configure:22603: mips-linux-uclibc-gcc -o conftest -g -O2   conftest.c  >&5
configure:22609: $? = 0
configure:22627: result: yes
configure:22547: checking for daemon
configure:22603: mips-linux-uclibc-gcc -o conftest -g -O2   conftest.c  >&5
configure:22609: $? = 0
configure:22627: result: yes
configure:22547: checking for dup2
configure:22603: mips-linux-uclibc-gcc -o conftest -g -O2   conftest.c  >&5
configure:22609: $? = 0
configure:22627: result: yes
configure:22547: checking for fdatasync
configure:22603: mips-linux-uclibc-gcc -o conftest -g -O2   conftest.c  >&5
configure:22609: $? = 0
configure:22627: result: yes
configure:22547: checking for ffs
configure:22603: mips-linux-uclibc-gcc -o conftest -g -O2   conftest.c  >&5
conftest.c:99: warning: conflicting types for built-in function 'ffs'
configure:22609: $? = 0
configure:22627: result: yes
configure:22547: checking for getopt_long
configure:22603: mips-linux-uclibc-gcc -o conftest -g -O2   conftest.c  >&5
configure:22609: $? = 0
configure:22627: result: yes
configure:22547: checking for hasmntopt
configure:22603: mips-linux-uclibc-gcc -o conftest -g -O2   conftest.c  >&5
configure:22609: $? = 0
configure:22627: result: yes
configure:22547: checking for mbsinit
configure:22627: result: no
configure:22547: checking for memmove
configure:22603: mips-linux-uclibc-gcc -o conftest -g -O2   conftest.c  >&5
conftest.c:102: warning: conflicting types for built-in function 'memmove'
configure:22609: $? = 0
configure:22627: result: yes
configure:22547: checking for memset
configure:22603: mips-linux-uclibc-gcc -o conftest -g -O2   conftest.c  >&5
conftest.c:103: warning: conflicting types for built-in function 'memset'
configure:22609: $? = 0
configure:22627: result: yes
configure:22547: checking for realpath
configure:22603: mips-linux-uclibc-gcc -o conftest -g -O2   conftest.c  >&5
configure:22609: $? = 0
configure:22627: result: yes
configure:22547: checking for regcomp
configure:22603: mips-linux-uclibc-gcc -o conftest -g -O2   conftest.c  >&5
configure:22609: $? = 0
configure:22627: result: yes
configure:22547: checking for setlocale
configure:22603: mips-linux-uclibc-gcc -o conftest -g -O2   conftest.c  >&5
configure:22609: $? = 0
configure:22627: result: yes
configure:22547: checking for setxattr
configure:22603: mips-linux-uclibc-gcc -o conftest -g -O2   conftest.c  >&5
configure:22609: $? = 0
configure:22627: result: yes
configure:22547: checking for strcasecmp
configure:22603: mips-linux-uclibc-gcc -o conftest -g -O2   conftest.c  >&5
conftest.c:108: warning: conflicting types for built-in function 'strcasecmp'
configure:22609: $? = 0
configure:22627: result: yes
configure:22547: checking for strchr
configure:22603: mips-linux-uclibc-gcc -o conftest -g -O2   conftest.c  >&5
conftest.c:109: warning: conflicting types for built-in function 'strchr'
configure:22609: $? = 0
configure:22627: result: yes
configure:22547: checking for strdup
configure:22603: mips-linux-uclibc-gcc -o conftest -g -O2   conftest.c  >&5
conftest.c:110: warning: conflicting types for built-in function 'strdup'
configure:22609: $? = 0
configure:22627: result: yes
configure:22547: checking for strerror
configure:22603: mips-linux-uclibc-gcc -o conftest -g -O2   conftest.c  >&5
configure:22609: $? = 0
configure:22627: result: yes
configure:22547: checking for strnlen
configure:22603: mips-linux-uclibc-gcc -o conftest -g -O2   conftest.c  >&5
configure:22609: $? = 0
configure:22627: result: yes
configure:22547: checking for strsep
configure:22603: mips-linux-uclibc-gcc -o conftest -g -O2   conftest.c  >&5
configure:22609: $? = 0
configure:22627: result: yes
configure:22547: checking for strtol
configure:22603: mips-linux-uclibc-gcc -o conftest -g -O2   conftest.c  >&5
configure:22609: $? = 0
configure:22627: result: yes
configure:22547: checking for strtoul
configure:22603: mips-linux-uclibc-gcc -o conftest -g -O2   conftest.c  >&5
configure:22609: $? = 0
configure:22627: result: yes
configure:22547: checking for sysconf
configure:22603: mips-linux-uclibc-gcc -o conftest -g -O2   conftest.c  >&5
configure:22609: $? = 0
configure:22627: result: yes
configure:22547: checking for utime
configure:22603: mips-linux-uclibc-gcc -o conftest -g -O2   conftest.c  >&5
configure:22609: $? = 0
configure:22627: result: yes
configure:22547: checking for fork
configure:22603: mips-linux-uclibc-gcc -o conftest -g -O2   conftest.c  >&5
conftest.c:118: warning: conflicting types for built-in function 'fork'
configure:22609: $? = 0
configure:22627: result: yes
configure:22644: checking for special C compiler options needed for large files
configure:22737: result: no
configure:22743: checking for _FILE_OFFSET_BITS value needed for large files
configure:22778: mips-linux-uclibc-gcc -c -g -O2  conftest.c >&5
conftest.c:102: warning: left shift count >= width of type
conftest.c:102: warning: left shift count >= width of type
conftest.c:104: error: size of array 'off_t_is_large' is negative
configure:22784: $? = 1
configure: failed program was:
| /* confdefs.h.  */
| #define PACKAGE_NAME "ntfs-3g"
| #define PACKAGE_TARNAME "ntfs-3g"
| #define PACKAGE_VERSION "1.2918"
| #define PACKAGE_STRING "ntfs-3g 1.2918"
| #define PACKAGE_BUGREPORT "ntfs-3g-devel@lists.sf.net"
| #define PACKAGE "ntfs-3g"
| #define VERSION "1.2918"
| #define _GNU_SOURCE 1
| #define STDC_HEADERS 1
| #define HAVE_SYS_TYPES_H 1
| #define HAVE_SYS_STAT_H 1
| #define HAVE_STDLIB_H 1
| #define HAVE_STRING_H 1
| #define HAVE_MEMORY_H 1
| #define HAVE_STRINGS_H 1
| #define HAVE_INTTYPES_H 1
| #define HAVE_STDINT_H 1
| #define HAVE_UNISTD_H 1
| #define HAVE_DLFCN_H 1
| #define _REENTRANT 1
| #define FUSE_INTERNAL 1
| #define STDC_HEADERS 1
| #define HAVE_CTYPE_H 1
| #define HAVE_FCNTL_H 1
| #define HAVE_LIBGEN_H 1
| #define HAVE_LIMITS_H 1
| #define HAVE_LOCALE_H 1
| #define HAVE_MNTENT_H 1
| #define HAVE_STDDEF_H 1
| #define HAVE_STDINT_H 1
| #define HAVE_STDLIB_H 1
| #define HAVE_STDIO_H 1
| #define HAVE_STDARG_H 1
| #define HAVE_STRING_H 1
| #define HAVE_STRINGS_H 1
| #define HAVE_ERRNO_H 1
| #define HAVE_TIME_H 1
| #define HAVE_UNISTD_H 1
| #define HAVE_UTIME_H 1
| #define HAVE_WCHAR_H 1
| #define HAVE_GETOPT_H 1
| #define HAVE_FEATURES_H 1
| #define HAVE_ENDIAN_H 1
| #define HAVE_BYTESWAP_H 1
| #define HAVE_SYS_PARAM_H 1
| #define HAVE_SYS_IOCTL_H 1
| #define HAVE_SYS_MOUNT_H 1
| #define HAVE_SYS_STAT_H 1
| #define HAVE_SYS_TYPES_H 1
| #define HAVE_SYS_VFS_H 1
| #define HAVE_SYS_STATVFS_H 1
| #define HAVE_SYS_SYSMACROS_H 1
| #define HAVE_LINUX_MAJOR_H 1
| #define HAVE_LINUX_FD_H 1
| #define HAVE_LINUX_HDREG_H 1
| #define HAVE_SYSLOG_H 1
| #define HAVE__BOOL 1
| #define HAVE_STDBOOL_H 1
| #define WORDS_BIGENDIAN 1
| #define HAVE_STRUCT_STAT_ST_BLOCKS 1
| #define HAVE_ST_BLOCKS 1
| #define HAVE_STRUCT_STAT_ST_RDEV 1
| #define HAVE_GETMNTENT
| #define HAVE_MBRTOWC 1
| #define HAVE_STAT_EMPTY_STRING_BUG 1
| #define HAVE_STRFTIME 1
| #define HAVE_UTIME_H 1
| #define HAVE_VPRINTF 1
| #define HAVE_ATEXIT 1
| #define HAVE_BASENAME 1
| #define HAVE_DAEMON 1
| #define HAVE_DUP2 1
| #define HAVE_FDATASYNC 1
| #define HAVE_FFS 1
| #define HAVE_GETOPT_LONG 1
| #define HAVE_HASMNTOPT 1
| #define HAVE_MEMMOVE 1
| #define HAVE_MEMSET 1
| #define HAVE_REALPATH 1
| #define HAVE_REGCOMP 1
| #define HAVE_SETLOCALE 1
| #define HAVE_SETXATTR 1
| #define HAVE_STRCASECMP 1
| #define HAVE_STRCHR 1
| #define HAVE_STRDUP 1
| #define HAVE_STRERROR 1
| #define HAVE_STRNLEN 1
| #define HAVE_STRSEP 1
| #define HAVE_STRTOL 1
| #define HAVE_STRTOUL 1
| #define HAVE_SYSCONF 1
| #define HAVE_UTIME 1
| #define HAVE_FORK 1
| /* end confdefs.h.  */
| #include <sys/types.h>
|  /* Check that off_t can represent 2**63 - 1 correctly.
|     We can't simply define LARGE_OFF_T to be 9223372036854775807,
|     since some C++ compilers masquerading as C compilers
|     incorrectly reject 9223372036854775807.  */
| #define LARGE_OFF_T (((off_t) 1 << 62) - 1 + ((off_t) 1 << 62))
|   int off_t_is_large[(LARGE_OFF_T % 2147483629 == 721
| 		       && LARGE_OFF_T % 2147483647 == 1)
| 		      ? 1 : -1];
| int
| main ()
| {
| 
|   ;
|   return 0;
| }
configure:22828: mips-linux-uclibc-gcc -c -g -O2  conftest.c >&5
configure:22834: $? = 0
configure:22852: result: 64
configure:23334: creating ./config.status

## ---------------------- ##
## Running config.status. ##
## ---------------------- ##

This file was extended by ntfs-3g config.status 1.2918, which was
generated by GNU Autoconf 2.61.  Invocation command line was

  CONFIG_FILES    = 
  CONFIG_HEADERS  = 
  CONFIG_LINKS    = 
  CONFIG_COMMANDS = 
  $ ./config.status 

on rd3linux.tplink

config.status:708: creating Makefile
config.status:708: creating include/Makefile
config.status:708: creating include/fuse-lite/Makefile
config.status:708: creating include/ntfs-3g/Makefile
config.status:708: creating libfuse-lite/Makefile
config.status:708: creating libntfs-3g/Makefile
config.status:708: creating libntfs-3g/libntfs-3g.pc
config.status:708: creating libntfs-3g/libntfs-3g.script.so
config.status:708: creating src/Makefile
config.status:708: creating src/ntfs-3g.8
config.status:708: creating src/ntfs-3g.probe.8
config.status:708: creating config.h
config.status:1059: executing depfiles commands

## ---------------- ##
## Cache variables. ##
## ---------------- ##

ac_cv_build=i686-pc-linux-gnu
ac_cv_c_bigendian=yes
ac_cv_c_compiler_gnu=yes
ac_cv_c_const=yes
ac_cv_c_inline=inline
ac_cv_cxx_compiler_gnu=yes
ac_cv_env_CCC_set=
ac_cv_env_CCC_value=
ac_cv_env_CC_set=set
ac_cv_env_CC_value=mips-linux-uclibc-gcc
ac_cv_env_CFLAGS_set=
ac_cv_env_CFLAGS_value=
ac_cv_env_CPPFLAGS_set=
ac_cv_env_CPPFLAGS_value=
ac_cv_env_CPP_set=
ac_cv_env_CPP_value=
ac_cv_env_CXXCPP_set=
ac_cv_env_CXXCPP_value=
ac_cv_env_CXXFLAGS_set=
ac_cv_env_CXXFLAGS_value=
ac_cv_env_CXX_set=
ac_cv_env_CXX_value=
ac_cv_env_F77_set=
ac_cv_env_F77_value=
ac_cv_env_FFLAGS_set=
ac_cv_env_FFLAGS_value=
ac_cv_env_FUSE_MODULE_CFLAGS_set=
ac_cv_env_FUSE_MODULE_CFLAGS_value=
ac_cv_env_FUSE_MODULE_LIBS_set=
ac_cv_env_FUSE_MODULE_LIBS_value=
ac_cv_env_LDCONFIG_set=
ac_cv_env_LDCONFIG_value=
ac_cv_env_LDFLAGS_set=
ac_cv_env_LDFLAGS_value=
ac_cv_env_LIBS_set=
ac_cv_env_LIBS_value=
ac_cv_env_PKG_CONFIG_set=
ac_cv_env_PKG_CONFIG_value=
ac_cv_env_build_alias_set=
ac_cv_env_build_alias_value=
ac_cv_env_host_alias_set=set
ac_cv_env_host_alias_value=mips-linux
ac_cv_env_target_alias_set=
ac_cv_env_target_alias_value=
ac_cv_f77_compiler_gnu=yes
ac_cv_func__doprnt=no
ac_cv_func_atexit=yes
ac_cv_func_basename=yes
ac_cv_func_daemon=yes
ac_cv_func_dup2=yes
ac_cv_func_fdatasync=yes
ac_cv_func_ffs=yes
ac_cv_func_fork=yes
ac_cv_func_getmntent=yes
ac_cv_func_getopt_long=yes
ac_cv_func_hasmntopt=yes
ac_cv_func_lstat_dereferences_slashed_symlink=no
ac_cv_func_mbrtowc=yes
ac_cv_func_mbsinit=no
ac_cv_func_memcmp_working=no
ac_cv_func_memmove=yes
ac_cv_func_memset=yes
ac_cv_func_realpath=yes
ac_cv_func_regcomp=yes
ac_cv_func_setlocale=yes
ac_cv_func_setxattr=yes
ac_cv_func_stat_empty_string_bug=yes
ac_cv_func_strcasecmp=yes
ac_cv_func_strchr=yes
ac_cv_func_strdup=yes
ac_cv_func_strerror=yes
ac_cv_func_strftime=yes
ac_cv_func_strnlen=yes
ac_cv_func_strsep=yes
ac_cv_func_strtol=yes
ac_cv_func_strtoul=yes
ac_cv_func_sysconf=yes
ac_cv_func_utime=yes
ac_cv_func_utime_null=no
ac_cv_func_vprintf=yes
ac_cv_header_byteswap_h=yes
ac_cv_header_ctype_h=yes
ac_cv_header_dlfcn_h=yes
ac_cv_header_endian_h=yes
ac_cv_header_errno_h=yes
ac_cv_header_fcntl_h=yes
ac_cv_header_features_h=yes
ac_cv_header_getopt_h=yes
ac_cv_header_inttypes_h=yes
ac_cv_header_libgen_h=yes
ac_cv_header_libintl_h=no
ac_cv_header_limits_h=yes
ac_cv_header_linux_fd_h=yes
ac_cv_header_linux_hdreg_h=yes
ac_cv_header_linux_major_h=yes
ac_cv_header_locale_h=yes
ac_cv_header_machine_endian_h=no
ac_cv_header_memory_h=yes
ac_cv_header_mntent_h=yes
ac_cv_header_stdarg_h=yes
ac_cv_header_stdbool_h=yes
ac_cv_header_stdc=yes
ac_cv_header_stddef_h=yes
ac_cv_header_stdint_h=yes
ac_cv_header_stdio_h=yes
ac_cv_header_stdlib_h=yes
ac_cv_header_string_h=yes
ac_cv_header_strings_h=yes
ac_cv_header_sys_byteorder_h=no
ac_cv_header_sys_endian_h=no
ac_cv_header_sys_ioctl_h=yes
ac_cv_header_sys_mkdev_h=no
ac_cv_header_sys_mount_h=yes
ac_cv_header_sys_param_h=yes
ac_cv_header_sys_stat_h=yes
ac_cv_header_sys_statvfs_h=yes
ac_cv_header_sys_sysmacros_h=yes
ac_cv_header_sys_types_h=yes
ac_cv_header_sys_vfs_h=yes
ac_cv_header_syslog_h=yes
ac_cv_header_time_h=yes
ac_cv_header_unistd_h=yes
ac_cv_header_utime_h=yes
ac_cv_header_wchar_h=yes
ac_cv_header_windows_h=no
ac_cv_host=mips-unknown-linux-gnu
ac_cv_lib_pthread_pthread_create=yes
ac_cv_member_struct_stat_st_atim=no
ac_cv_member_struct_stat_st_atimespec=no
ac_cv_member_struct_stat_st_blocks=yes
ac_cv_member_struct_stat_st_rdev=yes
ac_cv_objext=o
ac_cv_path_EGREP='/bin/grep -E'
ac_cv_path_GREP=/bin/grep
ac_cv_path_LDCONFIG=/sbin/ldconfig
ac_cv_path_MV=/bin/mv
ac_cv_path_RM=/bin/rm
ac_cv_path_SED=/bin/sed
ac_cv_path_install='/usr/bin/install -c'
ac_cv_prog_AR=mips-linux-uclibc-ar
ac_cv_prog_AWK=gawk
ac_cv_prog_CC=mips-linux-uclibc-gcc
ac_cv_prog_CPP='mips-linux-uclibc-gcc -E'
ac_cv_prog_CXX=mips-linux-g++
ac_cv_prog_CXXCPP='mips-linux-g++ -E'
ac_cv_prog_RANLIB=mips-linux-uclibc-ranlib
ac_cv_prog_STRIP=mips-linux-uclibc-strip
ac_cv_prog_ac_ct_F77=g77
ac_cv_prog_cc_c89=
ac_cv_prog_cc_g=yes
ac_cv_prog_cc_mips_linux_uclibc_gcc_c_o=yes
ac_cv_prog_cxx_g=yes
ac_cv_prog_f77_g=yes
ac_cv_prog_make_make_set=yes
ac_cv_search_getmntent='none required'
ac_cv_sys_file_offset_bits=64
ac_cv_sys_largefile_CC=no
ac_cv_target=mips-unknown-linux-gnu
ac_cv_type__Bool=yes
ac_cv_type_off_t=yes
ac_cv_type_size_t=yes
am_cv_CC_dependencies_compiler_type=gcc3
am_cv_CXX_dependencies_compiler_type=gcc3
lt_cv_deplibs_check_method=pass_all
lt_cv_file_magic_cmd='$MAGIC_CMD'
lt_cv_file_magic_test_file=
lt_cv_ld_reload_flag=-r
lt_cv_objdir=.libs
lt_cv_path_LD=mips-linux-uclibc-ld
lt_cv_path_LDCXX=mips-linux-uclibc-ld
lt_cv_path_NM='/home/yangxu/tplink/lantiq_lettuce/tpbsp/build/../lantiq/staging_dir/toolchain-mips_r2_gcc-4.3.3+cs_uClibc-0.9.30.1_2_6_32/usr/bin/mips-linux-nm -B'
lt_cv_path_SED=/bin/sed
lt_cv_prog_compiler_c_o=yes
lt_cv_prog_compiler_c_o_CXX=yes
lt_cv_prog_compiler_c_o_F77=yes
lt_cv_prog_compiler_rtti_exceptions=no
lt_cv_prog_gnu_ld=yes
lt_cv_prog_gnu_ldcxx=yes
lt_cv_sys_global_symbol_pipe='sed -n -e '\''s/^.*[ 	]\([ABCDGIRSTW][ABCDGIRSTW]*\)[ 	][ 	]*\([_A-Za-z][_A-Za-z0-9]*\)$/\1 \2 \2/p'\'''
lt_cv_sys_global_symbol_to_c_name_address='sed -n -e '\''s/^: \([^ ]*\) $/  {\"\1\", (lt_ptr) 0},/p'\'' -e '\''s/^[BCDEGRST] \([^ ]*\) \([^ ]*\)$/  {"\2", (lt_ptr) \&\2},/p'\'''
lt_cv_sys_global_symbol_to_cdecl='sed -n -e '\''s/^. .* \(.*\)$/extern int \1;/p'\'''
lt_cv_sys_max_cmd_len=32768
lt_lt_cv_prog_compiler_c_o='"yes"'
lt_lt_cv_prog_compiler_c_o_CXX='"yes"'
lt_lt_cv_prog_compiler_c_o_F77='"yes"'
lt_lt_cv_sys_global_symbol_pipe='"sed -n -e '\''s/^.*[ 	]\\([ABCDGIRSTW][ABCDGIRSTW]*\\)[ 	][ 	]*\\([_A-Za-z][_A-Za-z0-9]*\\)\$/\\1 \\2 \\2/p'\''"'
lt_lt_cv_sys_global_symbol_to_c_name_address='"sed -n -e '\''s/^: \\([^ ]*\\) \$/  {\\\"\\1\\\", (lt_ptr) 0},/p'\'' -e '\''s/^[BCDEGRST] \\([^ ]*\\) \\([^ ]*\\)\$/  {\"\\2\", (lt_ptr) \\&\\2},/p'\''"'
lt_lt_cv_sys_global_symbol_to_cdecl='"sed -n -e '\''s/^. .* \\(.*\\)\$/extern int \\1;/p'\''"'

## ----------------- ##
## Output variables. ##
## ----------------- ##

ACLOCAL='${SHELL} /home/yangxu/tplink/lantiq_lettuce/tpbsp/apps/public/ntfs-3g-1.2918/missing --run aclocal-1.9'
AMDEPBACKSLASH='\'
AMDEP_FALSE='#'
AMDEP_TRUE=''
AMTAR='${SHELL} /home/yangxu/tplink/lantiq_lettuce/tpbsp/apps/public/ntfs-3g-1.2918/missing --run tar'
AR='mips-linux-uclibc-ar'
AUTOCONF='${SHELL} /home/yangxu/tplink/lantiq_lettuce/tpbsp/apps/public/ntfs-3g-1.2918/missing --run autoconf'
AUTOHEADER='${SHELL} /home/yangxu/tplink/lantiq_lettuce/tpbsp/apps/public/ntfs-3g-1.2918/missing --run autoheader'
AUTOMAKE='${SHELL} /home/yangxu/tplink/lantiq_lettuce/tpbsp/apps/public/ntfs-3g-1.2918/missing --run automake-1.9'
AWK='gawk'
CC='mips-linux-uclibc-gcc'
CCDEPMODE='depmode=gcc3'
CFLAGS='-g -O2 -Wall'
CPP='mips-linux-uclibc-gcc -E'
CPPFLAGS=''
CXX='mips-linux-g++'
CXXCPP='mips-linux-g++ -E'
CXXDEPMODE='depmode=gcc3'
CXXFLAGS='-g -O2'
CYGPATH_W='echo'
DEFS='-DHAVE_CONFIG_H'
DEPDIR='.deps'
ECHO='echo'
ECHO_C=''
ECHO_N='-n'
ECHO_T=''
EGREP='/bin/grep -E'
ENABLE_MOUNT_HELPER_FALSE='#'
ENABLE_MOUNT_HELPER_TRUE=''
EXEEXT=''
F77='g77'
FFLAGS='-g -O2'
FUSE_INTERNAL_FALSE='#'
FUSE_INTERNAL_TRUE=''
FUSE_MODULE_CFLAGS=''
FUSE_MODULE_LIBS=''
GENERATE_LDSCRIPT_FALSE=''
GENERATE_LDSCRIPT_TRUE='#'
GREP='/bin/grep'
INSTALL_DATA='${INSTALL} -m 644'
INSTALL_LIBRARY_FALSE='#'
INSTALL_LIBRARY_TRUE=''
INSTALL_PROGRAM='${INSTALL}'
INSTALL_SCRIPT='${INSTALL}'
INSTALL_STRIP_PROGRAM='${SHELL} $(install_sh) -c -s'
LDCONFIG='/sbin/ldconfig'
LDFLAGS=''
LIBFUSE_LITE_LIBS=' -lpthread'
LIBNTFS_3G_VERSION='38'
LIBOBJS=' ${LIBOBJDIR}memcmp$U.o ${LIBOBJDIR}lstat$U.o ${LIBOBJDIR}stat$U.o'
LIBS=''
LIBTOOL='$(SHELL) $(top_builddir)/libtool'
LN_S='ln -s'
LTLIBOBJS=' ${LIBOBJDIR}memcmp$U.lo ${LIBOBJDIR}lstat$U.lo ${LIBOBJDIR}stat$U.lo'
MAINT='#'
MAINTAINER_MODE_FALSE=''
MAINTAINER_MODE_TRUE='#'
MAKEINFO='${SHELL} /home/yangxu/tplink/lantiq_lettuce/tpbsp/apps/public/ntfs-3g-1.2918/missing --run makeinfo'
MKDIR_P='$(mkdir_p)'
MV='/bin/mv'
NTFS_DEVICE_DEFAULT_IO_OPS_FALSE='#'
NTFS_DEVICE_DEFAULT_IO_OPS_TRUE=''
OBJEXT='o'
OUTPUT_FORMAT=''
PACKAGE='ntfs-3g'
PACKAGE_BUGREPORT='ntfs-3g-devel@lists.sf.net'
PACKAGE_NAME='ntfs-3g'
PACKAGE_STRING='ntfs-3g 1.2918'
PACKAGE_TARNAME='ntfs-3g'
PACKAGE_VERSION='1.2918'
PATH_SEPARATOR=':'
PKG_CONFIG=''
RANLIB='mips-linux-uclibc-ranlib'
REALLYSTATIC_FALSE=''
REALLYSTATIC_TRUE='#'
RM='/bin/rm'
RUN_LDCONFIG_FALSE='#'
RUN_LDCONFIG_TRUE=''
SED='/bin/sed'
SET_MAKE=''
SHELL='/bin/sh'
STRIP='mips-linux-uclibc-strip'
VERSION='1.2918'
WINDOWS_FALSE=''
WINDOWS_TRUE='#'
ac_ct_CC=''
ac_ct_CXX=''
ac_ct_F77='g77'
am__fastdepCC_FALSE='#'
am__fastdepCC_TRUE=''
am__fastdepCXX_FALSE='#'
am__fastdepCXX_TRUE=''
am__include='include'
am__leading_dot='.'
am__quote=''
am__tar='${AMTAR} chof - "$$tardir"'
am__untar='${AMTAR} xf -'
bindir='${exec_prefix}/bin'
build='i686-pc-linux-gnu'
build_alias=''
build_cpu='i686'
build_os='linux-gnu'
build_vendor='pc'
datadir='${datarootdir}'
datarootdir='${prefix}/share'
docdir='${datarootdir}/doc/${PACKAGE_TARNAME}'
dvidir='${docdir}'
exec_prefix='${prefix}'
host='mips-unknown-linux-gnu'
host_alias='mips-linux'
host_cpu='mips'
host_os='linux-gnu'
host_vendor='unknown'
htmldir='${docdir}'
includedir='${prefix}/include'
infodir='${datarootdir}/info'
install_sh='/home/yangxu/tplink/lantiq_lettuce/tpbsp/apps/public/ntfs-3g-1.2918/install-sh'
libdir='${exec_prefix}/lib'
libexecdir='${exec_prefix}/libexec'
localedir='${datarootdir}/locale'
localstatedir='${prefix}/var'
mandir='${datarootdir}/man'
mkdir_p='mkdir -p --'
ntfs3gincludedir='$(includedir)/ntfs-3g'
oldincludedir='/usr/include'
pdfdir='${docdir}'
pkgconfigdir='$(libdir)/pkgconfig'
prefix='/usr/local'
program_transform_name='s,x,x,'
psdir='${docdir}'
rootbindir='/bin'
rootlibdir='/lib'
rootsbindir='/sbin'
sbindir='${exec_prefix}/sbin'
sharedstatedir='${prefix}/com'
sysconfdir='${prefix}/etc'
target='mips-unknown-linux-gnu'
target_alias=''
target_cpu='mips'
target_os='linux-gnu'
target_vendor='unknown'

## ----------- ##
## confdefs.h. ##
## ----------- ##

#define PACKAGE_NAME "ntfs-3g"
#define PACKAGE_TARNAME "ntfs-3g"
#define PACKAGE_VERSION "1.2918"
#define PACKAGE_STRING "ntfs-3g 1.2918"
#define PACKAGE_BUGREPORT "ntfs-3g-devel@lists.sf.net"
#define PACKAGE "ntfs-3g"
#define VERSION "1.2918"
#define _GNU_SOURCE 1
#define STDC_HEADERS 1
#define HAVE_SYS_TYPES_H 1
#define HAVE_SYS_STAT_H 1
#define HAVE_STDLIB_H 1
#define HAVE_STRING_H 1
#define HAVE_MEMORY_H 1
#define HAVE_STRINGS_H 1
#define HAVE_INTTYPES_H 1
#define HAVE_STDINT_H 1
#define HAVE_UNISTD_H 1
#define HAVE_DLFCN_H 1
#define _REENTRANT 1
#define FUSE_INTERNAL 1
#define STDC_HEADERS 1
#define HAVE_CTYPE_H 1
#define HAVE_FCNTL_H 1
#define HAVE_LIBGEN_H 1
#define HAVE_LIMITS_H 1
#define HAVE_LOCALE_H 1
#define HAVE_MNTENT_H 1
#define HAVE_STDDEF_H 1
#define HAVE_STDINT_H 1
#define HAVE_STDLIB_H 1
#define HAVE_STDIO_H 1
#define HAVE_STDARG_H 1
#define HAVE_STRING_H 1
#define HAVE_STRINGS_H 1
#define HAVE_ERRNO_H 1
#define HAVE_TIME_H 1
#define HAVE_UNISTD_H 1
#define HAVE_UTIME_H 1
#define HAVE_WCHAR_H 1
#define HAVE_GETOPT_H 1
#define HAVE_FEATURES_H 1
#define HAVE_ENDIAN_H 1
#define HAVE_BYTESWAP_H 1
#define HAVE_SYS_PARAM_H 1
#define HAVE_SYS_IOCTL_H 1
#define HAVE_SYS_MOUNT_H 1
#define HAVE_SYS_STAT_H 1
#define HAVE_SYS_TYPES_H 1
#define HAVE_SYS_VFS_H 1
#define HAVE_SYS_STATVFS_H 1
#define HAVE_SYS_SYSMACROS_H 1
#define HAVE_LINUX_MAJOR_H 1
#define HAVE_LINUX_FD_H 1
#define HAVE_LINUX_HDREG_H 1
#define HAVE_SYSLOG_H 1
#define HAVE__BOOL 1
#define HAVE_STDBOOL_H 1
#define WORDS_BIGENDIAN 1
#define HAVE_STRUCT_STAT_ST_BLOCKS 1
#define HAVE_ST_BLOCKS 1
#define HAVE_STRUCT_STAT_ST_RDEV 1
#define HAVE_GETMNTENT
#define HAVE_MBRTOWC 1
#define HAVE_STAT_EMPTY_STRING_BUG 1
#define HAVE_STRFTIME 1
#define HAVE_UTIME_H 1
#define HAVE_VPRINTF 1
#define HAVE_ATEXIT 1
#define HAVE_BASENAME 1
#define HAVE_DAEMON 1
#define HAVE_DUP2 1
#define HAVE_FDATASYNC 1
#define HAVE_FFS 1
#define HAVE_GETOPT_LONG 1
#define HAVE_HASMNTOPT 1
#define HAVE_MEMMOVE 1
#define HAVE_MEMSET 1
#define HAVE_REALPATH 1
#define HAVE_REGCOMP 1
#define HAVE_SETLOCALE 1
#define HAVE_SETXATTR 1
#define HAVE_STRCASECMP 1
#define HAVE_STRCHR 1
#define HAVE_STRDUP 1
#define HAVE_STRERROR 1
#define HAVE_STRNLEN 1
#define HAVE_STRSEP 1
#define HAVE_STRTOL 1
#define HAVE_STRTOUL 1
#define HAVE_SYSCONF 1
#define HAVE_UTIME 1
#define HAVE_FORK 1
#define _FILE_OFFSET_BITS 64

configure: exit 0
